<?xml version="1.0" encoding="UTF-8"?>
<coverage generated="1773207615867" clover="3.2.0">
  <project timestamp="1773207615867" name="All files">
    <metrics statements="657" coveredstatements="429" conditionals="589" coveredconditionals="267" methods="151" coveredmethods="92" elements="1397" coveredelements="788" complexity="0" loc="657" ncloc="657" packages="4" files="18" classes="18"/>
    <package name="Context">
      <metrics statements="60" coveredstatements="45" conditionals="40" coveredconditionals="16" methods="18" coveredmethods="14"/>
      <file name="TableContext.tsx" path="D:\work\nyingi\code\systems\jattac-web-libs\Jattac.Libs.Web.ResponsiveTable\src\Context\TableContext.tsx">
        <metrics statements="60" coveredstatements="45" conditionals="40" coveredconditionals="16" methods="18" coveredmethods="14"/>
        <line num="1" count="3" type="stmt"/>
        <line num="4" count="3" type="stmt"/>
        <line num="92" count="3" type="stmt"/>
        <line num="94" count="3" type="stmt"/>
        <line num="95" count="383" type="stmt"/>
        <line num="96" count="383" type="cond" truecount="1" falsecount="1"/>
        <line num="97" count="0" type="stmt"/>
        <line num="99" count="383" type="stmt"/>
        <line num="117" count="3" type="stmt"/>
        <line num="122" count="39" type="stmt"/>
        <line num="124" count="39" type="stmt"/>
        <line num="125" count="203" type="cond" truecount="1" falsecount="1"/>
        <line num="126" count="0" type="cond" truecount="0" falsecount="2"/>
        <line num="127" count="0" type="stmt"/>
        <line num="129" count="0" type="stmt"/>
        <line num="131" count="203" type="stmt"/>
        <line num="134" count="39" type="stmt"/>
        <line num="138" count="286" type="cond" truecount="1" falsecount="1"/>
        <line num="139" count="0" type="stmt"/>
        <line num="141" count="286" type="cond" truecount="1" falsecount="1"/>
        <line num="144" count="39" type="stmt"/>
        <line num="145" count="84" type="stmt"/>
        <line num="146" count="84" type="cond" truecount="3" falsecount="1"/>
        <line num="149" count="39" type="stmt"/>
        <line num="153" count="84" type="stmt"/>
        <line num="154" count="84" type="cond" truecount="1" falsecount="1"/>
        <line num="159" count="39" type="stmt"/>
        <line num="160" count="75" type="stmt"/>
        <line num="161" count="75" type="stmt"/>
        <line num="162" count="35" type="cond" truecount="2" falsecount="0"/>
        <line num="163" count="29" type="stmt"/>
        <line num="166" count="75" type="stmt"/>
        <line num="169" count="39" type="stmt"/>
        <line num="170" count="3" type="cond" truecount="2" falsecount="2"/>
        <line num="172" count="0" type="stmt"/>
        <line num="174" count="3" type="stmt"/>
        <line num="177" count="39" type="stmt"/>
        <line num="178" count="78" type="stmt"/>
        <line num="179" count="78" type="stmt"/>
        <line num="181" count="78" type="stmt"/>
        <line num="182" count="35" type="cond" truecount="1" falsecount="1"/>
        <line num="183" count="0" type="stmt"/>
        <line num="185" count="0" type="cond" truecount="0" falsecount="2"/>
        <line num="186" count="0" type="cond" truecount="0" falsecount="2"/>
        <line num="188" count="0" type="cond" truecount="0" falsecount="2"/>
        <line num="189" count="0" type="stmt"/>
        <line num="191" count="0" type="stmt"/>
        <line num="192" count="0" type="stmt"/>
        <line num="196" count="78" type="cond" truecount="1" falsecount="1"/>
        <line num="197" count="0" type="stmt"/>
        <line num="198" count="0" type="stmt"/>
        <line num="202" count="78" type="stmt"/>
        <line num="205" count="39" type="stmt"/>
        <line num="210" count="202" type="stmt"/>
        <line num="211" count="202" type="stmt"/>
        <line num="212" count="102" type="cond" truecount="2" falsecount="0"/>
        <line num="213" count="12" type="stmt"/>
        <line num="216" count="202" type="stmt"/>
        <line num="219" count="39" type="stmt"/>
        <line num="243" count="39" type="stmt"/>
      </file>
    </package>
    <package name="Hooks">
      <metrics statements="139" coveredstatements="116" conditionals="93" coveredconditionals="54" methods="33" coveredmethods="25"/>
      <file name="useResponsiveTable.ts" path="D:\work\nyingi\code\systems\jattac-web-libs\Jattac.Libs.Web.ResponsiveTable\src\Hooks\useResponsiveTable.ts">
        <metrics statements="30" coveredstatements="21" conditionals="27" coveredconditionals="11" methods="10" coveredmethods="5"/>
        <line num="1" count="3" type="stmt"/>
        <line num="5" count="42" type="stmt"/>
        <line num="6" count="0" type="stmt"/>
        <line num="7" count="0" type="stmt"/>
        <line num="8" count="0" type="stmt"/>
        <line num="27" count="3" type="stmt"/>
        <line num="28" count="42" type="cond" truecount="2" falsecount="0"/>
        <line num="30" count="42" type="stmt"/>
        <line num="31" count="42" type="stmt"/>
        <line num="33" count="42" type="stmt"/>
        <line num="34" count="15" type="stmt"/>
        <line num="37" count="42" type="stmt"/>
        <line num="39" count="0" type="stmt"/>
        <line num="41" count="0" type="cond" truecount="0" falsecount="9"/>
        <line num="42" count="0" type="stmt"/>
        <line num="43" count="0" type="stmt"/>
        <line num="44" count="0" type="cond" truecount="0" falsecount="2"/>
        <line num="45" count="0" type="stmt"/>
        <line num="50" count="42" type="stmt"/>
        <line num="52" count="42" type="stmt"/>
        <line num="53" count="15" type="stmt"/>
        <line num="54" count="15" type="stmt"/>
        <line num="56" count="15" type="cond" truecount="5" falsecount="1"/>
        <line num="57" count="15" type="cond" truecount="2" falsecount="2"/>
        <line num="58" count="15" type="stmt"/>
        <line num="61" count="15" type="stmt"/>
        <line num="62" count="15" type="stmt"/>
        <line num="63" count="15" type="cond" truecount="2" falsecount="2"/>
        <line num="64" count="15" type="stmt"/>
        <line num="69" count="42" type="stmt"/>
      </file>
      <file name="useTableDataSource.ts" path="D:\work\nyingi\code\systems\jattac-web-libs\Jattac.Libs.Web.ResponsiveTable\src\Hooks\useTableDataSource.ts">
        <metrics statements="49" coveredstatements="42" conditionals="28" coveredconditionals="19" methods="9" coveredmethods="9"/>
        <line num="1" count="3" type="stmt"/>
        <line num="23" count="3" type="stmt"/>
        <line num="24" count="42" type="cond" truecount="1" falsecount="1"/>
        <line num="26" count="42" type="stmt"/>
        <line num="27" count="42" type="stmt"/>
        <line num="28" count="42" type="stmt"/>
        <line num="29" count="42" type="stmt"/>
        <line num="30" count="42" type="stmt"/>
        <line num="31" count="42" type="stmt"/>
        <line num="33" count="42" type="stmt"/>
        <line num="35" count="42" type="stmt"/>
        <line num="36" count="4" type="cond" truecount="1" falsecount="1"/>
        <line num="38" count="4" type="cond" truecount="2" falsecount="0"/>
        <line num="39" count="1" type="stmt"/>
        <line num="41" count="3" type="stmt"/>
        <line num="44" count="4" type="stmt"/>
        <line num="45" count="4" type="stmt"/>
        <line num="52" count="4" type="stmt"/>
        <line num="54" count="4" type="stmt"/>
        <line num="55" count="4" type="stmt"/>
        <line num="57" count="4" type="cond" truecount="1" falsecount="1"/>
        <line num="58" count="4" type="stmt"/>
        <line num="60" count="0" type="stmt"/>
        <line num="61" count="0" type="stmt"/>
        <line num="64" count="4" type="cond" truecount="2" falsecount="0"/>
        <line num="65" count="4" type="stmt"/>
        <line num="66" count="4" type="stmt"/>
        <line num="69" count="4" type="cond" truecount="1" falsecount="1"/>
        <line num="70" count="0" type="cond" truecount="0" falsecount="2"/>
        <line num="71" count="0" type="stmt"/>
        <line num="74" count="4" type="stmt"/>
        <line num="78" count="0" type="stmt"/>
        <line num="79" count="0" type="stmt"/>
        <line num="81" count="4" type="stmt"/>
        <line num="82" count="4" type="stmt"/>
        <line num="86" count="42" type="stmt"/>
        <line num="87" count="1" type="cond" truecount="5" falsecount="1"/>
        <line num="88" count="1" type="stmt"/>
        <line num="91" count="42" type="stmt"/>
        <line num="92" count="3" type="cond" truecount="1" falsecount="1"/>
        <line num="93" count="3" type="stmt"/>
        <line num="97" count="42" type="stmt"/>
        <line num="98" count="15" type="cond" truecount="1" falsecount="1"/>
        <line num="99" count="15" type="stmt"/>
        <line num="100" count="15" type="cond" truecount="4" falsecount="0"/>
        <line num="101" count="3" type="stmt"/>
        <line num="103" count="15" type="stmt"/>
        <line num="106" count="0" type="stmt"/>
        <line num="109" count="42" type="stmt"/>
      </file>
      <file name="useTablePlugins.ts" path="D:\work\nyingi\code\systems\jattac-web-libs\Jattac.Libs.Web.ResponsiveTable\src\Hooks\useTablePlugins.ts">
        <metrics statements="60" coveredstatements="53" conditionals="38" coveredconditionals="24" methods="14" coveredmethods="11"/>
        <line num="1" count="3" type="stmt"/>
        <line num="3" count="3" type="stmt"/>
        <line num="4" count="3" type="stmt"/>
        <line num="5" count="3" type="stmt"/>
        <line num="45" count="3" type="stmt"/>
        <line num="55" count="42" type="stmt"/>
        <line num="57" count="42" type="stmt"/>
        <line num="58" count="42" type="stmt"/>
        <line num="61" count="42" type="stmt"/>
        <line num="62" count="42" type="stmt"/>
        <line num="63" count="42" type="stmt"/>
        <line num="65" count="42" type="stmt"/>
        <line num="66" count="85" type="cond" truecount="1" falsecount="1"/>
        <line num="67" count="0" type="cond" truecount="0" falsecount="2"/>
        <line num="69" count="85" type="stmt"/>
        <line num="72" count="42" type="stmt"/>
        <line num="73" count="20" type="stmt"/>
        <line num="74" count="51" type="stmt"/>
        <line num="75" count="51" type="stmt"/>
        <line num="79" count="42" type="stmt"/>
        <line num="80" count="22" type="stmt"/>
        <line num="83" count="22" type="cond" truecount="1" falsecount="1"/>
        <line num="84" count="0" type="stmt"/>
        <line num="88" count="22" type="cond" truecount="6" falsecount="0"/>
        <line num="89" count="2" type="cond" truecount="2" falsecount="0"/>
        <line num="90" count="1" type="stmt"/>
        <line num="92" count="2" type="cond" truecount="1" falsecount="1"/>
        <line num="93" count="2" type="stmt"/>
        <line num="96" count="20" type="stmt"/>
        <line num="100" count="22" type="cond" truecount="4" falsecount="2"/>
        <line num="101" count="0" type="cond" truecount="0" falsecount="2"/>
        <line num="102" count="0" type="stmt"/>
        <line num="104" count="0" type="cond" truecount="0" falsecount="2"/>
        <line num="105" count="0" type="stmt"/>
        <line num="108" count="22" type="stmt"/>
        <line num="112" count="22" type="stmt"/>
        <line num="113" count="34" type="stmt"/>
        <line num="114" count="34" type="cond" truecount="2" falsecount="0"/>
        <line num="117" count="22" type="cond" truecount="2" falsecount="0"/>
        <line num="118" count="11" type="cond" truecount="2" falsecount="0"/>
        <line num="119" count="8" type="stmt"/>
        <line num="121" count="11" type="cond" truecount="1" falsecount="1"/>
        <line num="122" count="11" type="stmt"/>
        <line num="125" count="11" type="stmt"/>
        <line num="128" count="22" type="stmt"/>
        <line num="130" count="22" type="stmt"/>
        <line num="131" count="0" type="stmt"/>
        <line num="141" count="22" type="stmt"/>
        <line num="142" count="13" type="cond" truecount="1" falsecount="1"/>
        <line num="143" count="13" type="stmt"/>
        <line num="148" count="22" type="stmt"/>
        <line num="149" count="22" type="stmt"/>
        <line num="150" count="13" type="cond" truecount="1" falsecount="1"/>
        <line num="151" count="13" type="stmt"/>
        <line num="155" count="22" type="stmt"/>
        <line num="168" count="42" type="stmt"/>
        <line num="169" count="2" type="stmt"/>
        <line num="173" count="42" type="stmt"/>
        <line num="174" count="20" type="stmt"/>
        <line num="177" count="42" type="stmt"/>
      </file>
    </package>
    <package name="Plugins">
      <metrics statements="169" coveredstatements="75" conditionals="181" coveredconditionals="71" methods="35" coveredmethods="18"/>
      <file name="FilterPlugin.tsx" path="D:\work\nyingi\code\systems\jattac-web-libs\Jattac.Libs.Web.ResponsiveTable\src\Plugins\FilterPlugin.tsx">
        <metrics statements="37" coveredstatements="33" conditionals="30" coveredconditionals="24" methods="10" coveredmethods="10"/>
        <line num="1" count="3" type="stmt"/>
        <line num="5" count="3" type="stmt"/>
        <line num="6" count="1" type="stmt"/>
        <line num="7" count="1" type="stmt"/>
        <line num="9" count="1" type="stmt"/>
        <line num="14" count="1" type="stmt"/>
        <line num="15" count="2" type="stmt"/>
        <line num="18" count="1" type="stmt"/>
        <line num="19" count="2" type="cond" truecount="4" falsecount="2"/>
        <line num="20" count="0" type="stmt"/>
        <line num="22" count="2" type="stmt"/>
        <line num="39" count="1" type="stmt"/>
        <line num="40" count="2" type="cond" truecount="4" falsecount="0"/>
        <line num="41" count="1" type="stmt"/>
        <line num="44" count="1" type="stmt"/>
        <line num="46" count="1" type="stmt"/>
        <line num="47" count="3" type="stmt"/>
        <line num="49" count="8" type="cond" truecount="1" falsecount="1"/>
        <line num="50" count="0" type="stmt"/>
        <line num="54" count="8" type="stmt"/>
        <line num="57" count="8" type="cond" truecount="3" falsecount="1"/>
        <line num="58" count="8" type="stmt"/>
        <line num="59" count="8" type="cond" truecount="3" falsecount="1"/>
        <line num="61" count="0" type="stmt"/>
        <line num="66" count="1" type="stmt"/>
        <line num="73" count="12" type="cond" truecount="4" falsecount="0"/>
        <line num="74" count="11" type="stmt"/>
        <line num="77" count="1" type="stmt"/>
        <line num="79" count="1" type="stmt"/>
        <line num="82" count="3" type="cond" truecount="2" falsecount="0"/>
        <line num="92" count="1" type="stmt"/>
        <line num="93" count="1" type="stmt"/>
        <line num="95" count="1" type="cond" truecount="1" falsecount="1"/>
        <line num="96" count="0" type="stmt"/>
        <line num="99" count="1" type="stmt"/>
        <line num="100" count="1" type="stmt"/>
        <line num="101" count="1" type="stmt"/>
      </file>
      <file name="SelectionPlugin.ts" path="D:\work\nyingi\code\systems\jattac-web-libs\Jattac.Libs.Web.ResponsiveTable\src\Plugins\SelectionPlugin.ts">
        <metrics statements="49" coveredstatements="2" conditionals="41" coveredconditionals="0" methods="11" coveredmethods="0"/>
        <line num="3" count="3" type="stmt"/>
        <line num="5" count="3" type="stmt"/>
        <line num="6" count="0" type="stmt"/>
        <line num="10" count="0" type="stmt"/>
        <line num="14" count="0" type="stmt"/>
        <line num="15" count="0" type="stmt"/>
        <line num="17" count="0" type="cond" truecount="0" falsecount="8"/>
        <line num="18" count="0" type="stmt"/>
        <line num="19" count="0" type="cond" truecount="0" falsecount="4"/>
        <line num="20" count="0" type="stmt"/>
        <line num="21" count="0" type="stmt"/>
        <line num="26" count="0" type="stmt"/>
        <line num="27" count="0" type="stmt"/>
        <line num="28" count="0" type="stmt"/>
        <line num="31" count="0" type="stmt"/>
        <line num="32" count="0" type="cond" truecount="0" falsecount="4"/>
        <line num="35" count="0" type="stmt"/>
        <line num="36" count="0" type="cond" truecount="0" falsecount="2"/>
        <line num="37" count="0" type="stmt"/>
        <line num="38" count="0" type="cond" truecount="0" falsecount="6"/>
        <line num="40" count="0" type="stmt"/>
        <line num="43" count="0" type="stmt"/>
        <line num="44" count="0" type="cond" truecount="0" falsecount="1"/>
        <line num="45" count="0" type="stmt"/>
        <line num="46" count="0" type="stmt"/>
        <line num="47" count="0" type="stmt"/>
        <line num="49" count="0" type="cond" truecount="0" falsecount="2"/>
        <line num="50" count="0" type="cond" truecount="0" falsecount="2"/>
        <line num="51" count="0" type="stmt"/>
        <line num="53" count="0" type="stmt"/>
        <line num="54" count="0" type="stmt"/>
        <line num="57" count="0" type="cond" truecount="0" falsecount="2"/>
        <line num="58" count="0" type="stmt"/>
        <line num="60" count="0" type="stmt"/>
        <line num="64" count="0" type="cond" truecount="0" falsecount="2"/>
        <line num="65" count="0" type="stmt"/>
        <line num="68" count="0" type="stmt"/>
        <line num="69" count="0" type="stmt"/>
        <line num="71" count="0" type="stmt"/>
        <line num="74" count="0" type="cond" truecount="0" falsecount="2"/>
        <line num="75" count="0" type="stmt"/>
        <line num="79" count="0" type="stmt"/>
        <line num="80" count="0" type="cond" truecount="0" falsecount="2"/>
        <line num="81" count="0" type="stmt"/>
        <line num="82" count="0" type="stmt"/>
        <line num="83" count="0" type="stmt"/>
        <line num="85" count="0" type="stmt"/>
        <line num="90" count="0" type="stmt"/>
        <line num="92" count="0" type="stmt"/>
      </file>
      <file name="SortPlugin.ts" path="D:\work\nyingi\code\systems\jattac-web-libs\Jattac.Libs.Web.ResponsiveTable\src\Plugins\SortPlugin.ts">
        <metrics statements="83" coveredstatements="40" conditionals="110" coveredconditionals="47" methods="14" coveredmethods="8"/>
        <line num="6" count="8" type="stmt"/>
        <line num="7" count="0" type="stmt"/>
        <line num="8" count="0" type="stmt"/>
        <line num="9" count="0" type="stmt"/>
        <line num="10" count="0" type="stmt"/>
        <line num="11" count="0" type="stmt"/>
        <line num="13" count="0" type="cond" truecount="0" falsecount="4"/>
        <line num="14" count="0" type="cond" truecount="0" falsecount="2"/>
        <line num="15" count="0" type="cond" truecount="0" falsecount="2"/>
        <line num="17" count="0" type="cond" truecount="0" falsecount="2"/>
        <line num="19" count="0" type="stmt"/>
        <line num="20" count="0" type="cond" truecount="0" falsecount="4"/>
        <line num="21" count="0" type="cond" truecount="0" falsecount="4"/>
        <line num="22" count="0" type="cond" truecount="0" falsecount="4"/>
        <line num="23" count="0" type="cond" truecount="0" falsecount="4"/>
        <line num="24" count="0" type="stmt"/>
        <line num="26" count="0" type="stmt"/>
        <line num="27" count="0" type="stmt"/>
        <line num="28" count="0" type="stmt"/>
        <line num="29" count="0" type="stmt"/>
        <line num="30" count="0" type="stmt"/>
        <line num="32" count="0" type="cond" truecount="0" falsecount="4"/>
        <line num="33" count="0" type="cond" truecount="0" falsecount="2"/>
        <line num="34" count="0" type="cond" truecount="0" falsecount="2"/>
        <line num="36" count="0" type="cond" truecount="0" falsecount="2"/>
        <line num="45" count="3" type="stmt"/>
        <line num="46" count="8" type="stmt"/>
        <line num="51" count="8" type="stmt"/>
        <line num="54" count="8" type="cond" truecount="8" falsecount="0"/>
        <line num="55" count="8" type="cond" truecount="8" falsecount="0"/>
        <line num="58" count="8" type="stmt"/>
        <line num="59" count="11" type="stmt"/>
        <line num="62" count="8" type="stmt"/>
        <line num="63" count="11" type="cond" truecount="4" falsecount="0"/>
        <line num="64" count="9" type="stmt"/>
        <line num="67" count="2" type="stmt"/>
        <line num="68" count="5" type="cond" truecount="2" falsecount="0"/>
        <line num="71" count="2" type="cond" truecount="1" falsecount="1"/>
        <line num="72" count="0" type="stmt"/>
        <line num="75" count="2" type="stmt"/>
        <line num="76" count="5" type="cond" truecount="2" falsecount="2"/>
        <line num="77" count="0" type="cond" truecount="0" falsecount="2"/>
        <line num="78" count="0" type="stmt"/>
        <line num="82" count="0" type="stmt"/>
        <line num="85" count="5" type="cond" truecount="3" falsecount="1"/>
        <line num="86" count="5" type="stmt"/>
        <line num="87" count="5" type="stmt"/>
        <line num="88" count="5" type="cond" truecount="3" falsecount="1"/>
        <line num="89" count="4" type="cond" truecount="2" falsecount="2"/>
        <line num="90" count="0" type="stmt"/>
        <line num="94" count="0" type="cond" truecount="0" falsecount="4"/>
        <line num="95" count="0" type="stmt"/>
        <line num="96" count="0" type="stmt"/>
        <line num="97" count="0" type="stmt"/>
        <line num="98" count="0" type="cond" truecount="0" falsecount="4"/>
        <line num="99" count="0" type="cond" truecount="0" falsecount="4"/>
        <line num="100" count="0" type="stmt"/>
        <line num="103" count="0" type="stmt"/>
        <line num="106" count="2" type="stmt"/>
        <line num="109" count="8" type="stmt"/>
        <line num="110" count="29" type="stmt"/>
        <line num="111" count="29" type="cond" truecount="3" falsecount="1"/>
        <line num="114" count="29" type="cond" truecount="4" falsecount="0"/>
        <line num="115" count="1" type="stmt"/>
        <line num="118" count="28" type="stmt"/>
        <line num="119" count="1" type="stmt"/>
        <line num="120" count="1" type="stmt"/>
        <line num="122" count="1" type="cond" truecount="1" falsecount="1"/>
        <line num="123" count="0" type="stmt"/>
        <line num="124" count="0" type="stmt"/>
        <line num="127" count="1" type="stmt"/>
        <line num="128" count="1" type="cond" truecount="1" falsecount="1"/>
        <line num="129" count="0" type="cond" truecount="0" falsecount="2"/>
        <line num="130" count="0" type="stmt"/>
        <line num="131" count="0" type="stmt"/>
        <line num="133" count="0" type="stmt"/>
        <line num="136" count="1" type="stmt"/>
        <line num="137" count="1" type="stmt"/>
        <line num="139" count="1" type="stmt"/>
        <line num="142" count="28" type="stmt"/>
        <line num="143" count="28" type="cond" truecount="2" falsecount="0"/>
        <line num="144" count="2" type="stmt"/>
        <line num="147" count="28" type="stmt"/>
      </file>
    </package>
    <package name="UI">
      <metrics statements="289" coveredstatements="193" conditionals="275" coveredconditionals="126" methods="65" coveredmethods="35"/>
      <file name="DesktopView.tsx" path="D:\work\nyingi\code\systems\jattac-web-libs\Jattac.Libs.Web.ResponsiveTable\src\UI\DesktopView.tsx">
        <metrics statements="35" coveredstatements="35" conditionals="36" coveredconditionals="28" methods="8" coveredmethods="8"/>
        <line num="1" count="3" type="stmt"/>
        <line num="2" count="3" type="stmt"/>
        <line num="4" count="3" type="stmt"/>
        <line num="5" count="3" type="stmt"/>
        <line num="6" count="3" type="stmt"/>
        <line num="7" count="3" type="stmt"/>
        <line num="28" count="30" type="stmt"/>
        <line num="39" count="30" type="stmt"/>
        <line num="41" count="30" type="stmt"/>
        <line num="45" count="4" type="cond" truecount="1" falsecount="1"/>
        <line num="46" count="4" type="stmt"/>
        <line num="48" count="4" type="stmt"/>
        <line num="49" count="4" type="stmt"/>
        <line num="50" count="6" type="stmt"/>
        <line num="51" count="6" type="cond" truecount="4" falsecount="0"/>
        <line num="52" count="4" type="stmt"/>
        <line num="55" count="4" type="stmt"/>
        <line num="58" count="30" type="stmt"/>
        <line num="59" count="29" type="cond" truecount="4" falsecount="0"/>
        <line num="60" count="27" type="stmt"/>
        <line num="63" count="2" type="stmt"/>
        <line num="66" count="2" type="stmt"/>
        <line num="67" count="2" type="stmt"/>
        <line num="70" count="4" type="stmt"/>
        <line num="71" count="4" type="cond" truecount="1" falsecount="1"/>
        <line num="73" count="4" type="cond" truecount="1" falsecount="1"/>
        <line num="75" count="4" type="stmt"/>
        <line num="93" count="30" type="stmt"/>
        <line num="95" count="30" type="cond" truecount="1" falsecount="1"/>
        <line num="99" count="30" type="cond" truecount="1" falsecount="1"/>
        <line num="103" count="30" type="stmt"/>
        <line num="109" count="75" type="stmt"/>
        <line num="119" count="75" type="stmt"/>
        <line num="134" count="1" type="stmt"/>
        <line num="149" count="3" type="stmt"/>
      </file>
      <file name="InfiniteTable.tsx" path="D:\work\nyingi\code\systems\jattac-web-libs\Jattac.Libs.Web.ResponsiveTable\src\UI\InfiniteTable.tsx">
        <metrics statements="86" coveredstatements="11" conditionals="102" coveredconditionals="0" methods="19" coveredmethods="0"/>
        <line num="1" count="3" type="stmt"/>
        <line num="2" count="3" type="stmt"/>
        <line num="6" count="3" type="stmt"/>
        <line num="7" count="3" type="stmt"/>
        <line num="8" count="3" type="stmt"/>
        <line num="9" count="3" type="stmt"/>
        <line num="10" count="3" type="stmt"/>
        <line num="11" count="3" type="stmt"/>
        <line num="12" count="3" type="stmt"/>
        <line num="13" count="3" type="stmt"/>
        <line num="73" count="0" type="stmt"/>
        <line num="75" count="0" type="stmt"/>
        <line num="76" count="0" type="stmt"/>
        <line num="78" count="0" type="stmt"/>
        <line num="86" count="0" type="cond" truecount="0" falsecount="2"/>
        <line num="87" count="0" type="stmt"/>
        <line num="88" count="0" type="stmt"/>
        <line num="90" count="0" type="stmt"/>
        <line num="92" count="0" type="stmt"/>
        <line num="103" count="0" type="cond" truecount="0" falsecount="6"/>
        <line num="107" count="0" type="stmt"/>
        <line num="109" count="0" type="cond" truecount="0" falsecount="2"/>
        <line num="110" count="0" type="stmt"/>
        <line num="111" count="0" type="stmt"/>
        <line num="113" count="0" type="stmt"/>
        <line num="114" count="0" type="cond" truecount="0" falsecount="4"/>
        <line num="116" count="0" type="stmt"/>
        <line num="117" count="0" type="stmt"/>
        <line num="118" count="0" type="cond" truecount="0" falsecount="4"/>
        <line num="120" count="0" type="cond" truecount="0" falsecount="2"/>
        <line num="121" count="0" type="cond" truecount="0" falsecount="4"/>
        <line num="122" count="0" type="stmt"/>
        <line num="126" count="0" type="cond" truecount="0" falsecount="4"/>
        <line num="127" count="0" type="stmt"/>
        <line num="130" count="0" type="stmt"/>
        <line num="132" count="0" type="stmt"/>
        <line num="136" count="0" type="stmt"/>
        <line num="137" count="0" type="cond" truecount="0" falsecount="2"/>
        <line num="140" count="0" type="stmt"/>
        <line num="141" count="0" type="cond" truecount="0" falsecount="2"/>
        <line num="142" count="0" type="stmt"/>
        <line num="146" count="0" type="stmt"/>
        <line num="147" count="0" type="cond" truecount="0" falsecount="2"/>
        <line num="148" count="0" type="stmt"/>
        <line num="150" count="0" type="cond" truecount="0" falsecount="5"/>
        <line num="151" count="0" type="stmt"/>
        <line num="155" count="0" type="stmt"/>
        <line num="156" count="0" type="cond" truecount="0" falsecount="4"/>
        <line num="157" count="0" type="stmt"/>
        <line num="161" count="0" type="stmt"/>
        <line num="162" count="0" type="cond" truecount="0" falsecount="2"/>
        <line num="163" count="0" type="cond" truecount="0" falsecount="2"/>
        <line num="165" count="0" type="stmt"/>
        <line num="168" count="0" type="stmt"/>
        <line num="172" count="0" type="stmt"/>
        <line num="173" count="0" type="stmt"/>
        <line num="176" count="0" type="stmt"/>
        <line num="177" count="0" type="cond" truecount="0" falsecount="4"/>
        <line num="178" count="0" type="stmt"/>
        <line num="179" count="0" type="cond" truecount="0" falsecount="2"/>
        <line num="180" count="0" type="stmt"/>
        <line num="183" count="0" type="stmt"/>
        <line num="184" count="0" type="stmt"/>
        <line num="205" count="0" type="stmt"/>
        <line num="206" count="0" type="cond" truecount="0" falsecount="2"/>
        <line num="207" count="0" type="stmt"/>
        <line num="210" count="0" type="stmt"/>
        <line num="211" count="0" type="cond" truecount="0" falsecount="2"/>
        <line num="212" count="0" type="cond" truecount="0" falsecount="4"/>
        <line num="213" count="0" type="stmt"/>
        <line num="215" count="0" type="stmt"/>
        <line num="217" count="0" type="stmt"/>
        <line num="221" count="0" type="stmt"/>
        <line num="222" count="0" type="cond" truecount="0" falsecount="2"/>
        <line num="223" count="0" type="stmt"/>
        <line num="226" count="0" type="stmt"/>
        <line num="227" count="0" type="cond" truecount="0" falsecount="2"/>
        <line num="228" count="0" type="stmt"/>
        <line num="230" count="0" type="stmt"/>
        <line num="235" count="0" type="stmt"/>
        <line num="241" count="0" type="cond" truecount="0" falsecount="8"/>
        <line num="242" count="0" type="stmt"/>
        <line num="245" count="0" type="stmt"/>
        <line num="274" count="0" type="stmt"/>
        <line num="275" count="0" type="stmt"/>
        <line num="285" count="3" type="stmt"/>
      </file>
      <file name="LoadingSpinner.tsx" path="D:\work\nyingi\code\systems\jattac-web-libs\Jattac.Libs.Web.ResponsiveTable\src\UI\LoadingSpinner.tsx">
        <metrics statements="6" coveredstatements="5" conditionals="0" coveredconditionals="0" methods="1" coveredmethods="0"/>
        <line num="1" count="3" type="stmt"/>
        <line num="2" count="3" type="stmt"/>
        <line num="3" count="3" type="stmt"/>
        <line num="5" count="3" type="stmt"/>
        <line num="6" count="0" type="stmt"/>
        <line num="14" count="3" type="stmt"/>
      </file>
      <file name="MobileView.tsx" path="D:\work\nyingi\code\systems\jattac-web-libs\Jattac.Libs.Web.ResponsiveTable\src\UI\MobileView.tsx">
        <metrics statements="23" coveredstatements="17" conditionals="30" coveredconditionals="17" methods="6" coveredmethods="3"/>
        <line num="1" count="3" type="stmt"/>
        <line num="2" count="3" type="stmt"/>
        <line num="3" count="3" type="stmt"/>
        <line num="4" count="3" type="stmt"/>
        <line num="5" count="3" type="stmt"/>
        <line num="12" count="1" type="stmt"/>
        <line num="25" count="1" type="stmt"/>
        <line num="27" count="1" type="cond" truecount="2" falsecount="0"/>
        <line num="29" count="1" type="stmt"/>
        <line num="32" count="3" type="stmt"/>
        <line num="33" count="3" type="stmt"/>
        <line num="35" count="3" type="stmt"/>
        <line num="42" count="0" type="cond" truecount="0" falsecount="2"/>
        <line num="43" count="0" type="cond" truecount="0" falsecount="2"/>
        <line num="48" count="9" type="stmt"/>
        <line num="49" count="9" type="stmt"/>
        <line num="50" count="9" type="stmt"/>
        <line num="51" count="9" type="stmt"/>
        <line num="58" count="0" type="cond" truecount="0" falsecount="2"/>
        <line num="59" count="0" type="stmt"/>
        <line num="60" count="0" type="stmt"/>
        <line num="84" count="0" type="stmt"/>
        <line num="99" count="3" type="stmt"/>
      </file>
      <file name="NoMoreDataMessage.tsx" path="D:\work\nyingi\code\systems\jattac-web-libs\Jattac.Libs.Web.ResponsiveTable\src\UI\NoMoreDataMessage.tsx">
        <metrics statements="5" coveredstatements="4" conditionals="0" coveredconditionals="0" methods="1" coveredmethods="0"/>
        <line num="1" count="3" type="stmt"/>
        <line num="2" count="3" type="stmt"/>
        <line num="4" count="3" type="stmt"/>
        <line num="5" count="0" type="stmt"/>
        <line num="12" count="3" type="stmt"/>
      </file>
      <file name="ResponsiveTable.tsx" path="D:\work\nyingi\code\systems\jattac-web-libs\Jattac.Libs.Web.ResponsiveTable\src\UI\ResponsiveTable.tsx">
        <metrics statements="65" coveredstatements="57" conditionals="75" coveredconditionals="59" methods="14" coveredmethods="11"/>
        <line num="1" count="3" type="stmt"/>
        <line num="2" count="3" type="stmt"/>
        <line num="7" count="3" type="stmt"/>
        <line num="8" count="3" type="stmt"/>
        <line num="9" count="3" type="stmt"/>
        <line num="10" count="3" type="stmt"/>
        <line num="11" count="3" type="stmt"/>
        <line num="12" count="3" type="stmt"/>
        <line num="13" count="3" type="stmt"/>
        <line num="14" count="3" type="stmt"/>
        <line num="121" count="42" type="stmt"/>
        <line num="123" count="42" type="stmt"/>
        <line num="124" count="42" type="stmt"/>
        <line num="126" count="42" type="stmt"/>
        <line num="134" count="42" type="stmt"/>
        <line num="137" count="42" type="stmt"/>
        <line num="149" count="42" type="stmt"/>
        <line num="157" count="42" type="cond" truecount="2" falsecount="0"/>
        <line num="159" count="42" type="stmt"/>
        <line num="171" count="42" type="stmt"/>
        <line num="173" count="37" type="stmt"/>
        <line num="174" count="37" type="cond" truecount="3" falsecount="1"/>
        <line num="181" count="42" type="stmt"/>
        <line num="184" count="42" type="stmt"/>
        <line num="189" count="42" type="cond" truecount="2" falsecount="0"/>
        <line num="196" count="42" type="stmt"/>
        <line num="197" count="38" type="cond" truecount="4" falsecount="0"/>
        <line num="198" count="36" type="stmt"/>
        <line num="202" count="2" type="stmt"/>
        <line num="203" count="2" type="cond" truecount="1" falsecount="1"/>
        <line num="204" count="0" type="cond" truecount="0" falsecount="2"/>
        <line num="206" count="2" type="stmt"/>
        <line num="209" count="2" type="stmt"/>
        <line num="213" count="2" type="stmt"/>
        <line num="214" count="2" type="stmt"/>
        <line num="217" count="4" type="stmt"/>
        <line num="218" count="4" type="cond" truecount="4" falsecount="0"/>
        <line num="219" count="2" type="stmt"/>
        <line num="220" count="2" type="cond" truecount="1" falsecount="1"/>
        <line num="221" count="2" type="stmt"/>
        <line num="224" count="4" type="stmt"/>
        <line num="225" count="4" type="stmt"/>
        <line num="246" count="42" type="stmt"/>
        <line num="247" count="39" type="cond" truecount="1" falsecount="1"/>
        <line num="248" count="0" type="stmt"/>
        <line num="251" count="39" type="stmt"/>
        <line num="252" count="14" type="cond" truecount="2" falsecount="0"/>
        <line num="253" count="2" type="cond" truecount="2" falsecount="2"/>
        <line num="254" count="0" type="stmt"/>
        <line num="256" count="2" type="stmt"/>
        <line num="258" count="12" type="stmt"/>
        <line num="262" count="42" type="stmt"/>
        <line num="263" count="30" type="cond" truecount="1" falsecount="1"/>
        <line num="264" count="30" type="stmt"/>
        <line num="267" count="0" type="stmt"/>
        <line num="268" count="0" type="cond" truecount="0" falsecount="2"/>
        <line num="269" count="0" type="stmt"/>
        <line num="271" count="0" type="stmt"/>
        <line num="275" count="42" type="cond" truecount="1" falsecount="1"/>
        <line num="276" count="0" type="stmt"/>
        <line num="279" count="42" type="cond" truecount="5" falsecount="1"/>
        <line num="281" count="42" type="cond" truecount="4" falsecount="0"/>
        <line num="282" count="3" type="stmt"/>
        <line num="285" count="39" type="stmt"/>
        <line num="331" count="3" type="stmt"/>
      </file>
      <file name="SkeletonView.tsx" path="D:\work\nyingi\code\systems\jattac-web-libs\Jattac.Libs.Web.ResponsiveTable\src\UI\SkeletonView.tsx">
        <metrics statements="14" coveredstatements="11" conditionals="2" coveredconditionals="1" methods="6" coveredmethods="4"/>
        <line num="1" count="3" type="stmt"/>
        <line num="2" count="3" type="stmt"/>
        <line num="11" count="3" type="stmt"/>
        <line num="12" count="3" type="stmt"/>
        <line num="13" count="3" type="stmt"/>
        <line num="15" count="3" type="cond" truecount="1" falsecount="1"/>
        <line num="16" count="0" type="stmt"/>
        <line num="19" count="0" type="stmt"/>
        <line num="21" count="0" type="stmt"/>
        <line num="29" count="3" type="stmt"/>
        <line num="34" count="6" type="stmt"/>
        <line num="42" count="15" type="stmt"/>
        <line num="44" count="30" type="stmt"/>
        <line num="55" count="3" type="stmt"/>
      </file>
      <file name="TableBodyCell.tsx" path="D:\work\nyingi\code\systems\jattac-web-libs\Jattac.Libs.Web.ResponsiveTable\src\UI\TableBodyCell.tsx">
        <metrics statements="8" coveredstatements="8" conditionals="0" coveredconditionals="0" methods="1" coveredmethods="1"/>
        <line num="1" count="3" type="stmt"/>
        <line num="2" count="3" type="stmt"/>
        <line num="10" count="3" type="stmt"/>
        <line num="11" count="202" type="stmt"/>
        <line num="12" count="202" type="stmt"/>
        <line num="14" count="202" type="stmt"/>
        <line num="15" count="202" type="stmt"/>
        <line num="17" count="202" type="stmt"/>
      </file>
      <file name="TableBodyRow.tsx" path="D:\work\nyingi\code\systems\jattac-web-libs\Jattac.Libs.Web.ResponsiveTable\src\UI\TableBodyRow.tsx">
        <metrics statements="19" coveredstatements="18" conditionals="18" coveredconditionals="14" methods="3" coveredmethods="3"/>
        <line num="1" count="3" type="stmt"/>
        <line num="2" count="3" type="stmt"/>
        <line num="3" count="3" type="stmt"/>
        <line num="4" count="3" type="stmt"/>
        <line num="40" count="3" type="stmt"/>
        <line num="48" count="75" type="stmt"/>
        <line num="50" count="75" type="stmt"/>
        <line num="52" count="75" type="stmt"/>
        <line num="53" count="75" type="cond" truecount="2" falsecount="0"/>
        <line num="54" count="75" type="stmt"/>
        <line num="56" count="75" type="stmt"/>
        <line num="62" count="5" type="stmt"/>
        <line num="66" count="5" type="cond" truecount="2" falsecount="0"/>
        <line num="67" count="2" type="stmt"/>
        <line num="70" count="3" type="cond" truecount="1" falsecount="1"/>
        <line num="71" count="0" type="stmt"/>
        <line num="73" count="3" type="cond" truecount="1" falsecount="1"/>
        <line num="74" count="3" type="stmt"/>
        <line num="79" count="193" type="stmt"/>
      </file>
      <file name="TableHeaderCell.tsx" path="D:\work\nyingi\code\systems\jattac-web-libs\Jattac.Libs.Web.ResponsiveTable\src\UI\TableHeaderCell.tsx">
        <metrics statements="13" coveredstatements="12" conditionals="4" coveredconditionals="3" methods="2" coveredmethods="1"/>
        <line num="1" count="3" type="stmt"/>
        <line num="2" count="3" type="stmt"/>
        <line num="3" count="3" type="stmt"/>
        <line num="10" count="3" type="stmt"/>
        <line num="11" count="75" type="stmt"/>
        <line num="18" count="75" type="stmt"/>
        <line num="20" count="75" type="stmt"/>
        <line num="21" count="75" type="stmt"/>
        <line num="25" count="75" type="stmt"/>
        <line num="27" count="75" type="cond" truecount="2" falsecount="0"/>
        <line num="30" count="75" type="stmt"/>
        <line num="32" count="75" type="stmt"/>
        <line num="37" count="0" type="cond" truecount="1" falsecount="1"/>
      </file>
      <file name="TableSentinel.tsx" path="D:\work\nyingi\code\systems\jattac-web-libs\Jattac.Libs.Web.ResponsiveTable\src\UI\TableSentinel.tsx">
        <metrics statements="15" coveredstatements="15" conditionals="8" coveredconditionals="4" methods="4" coveredmethods="4"/>
        <line num="1" count="3" type="stmt"/>
        <line num="8" count="3" type="stmt"/>
        <line num="9" count="2" type="stmt"/>
        <line num="11" count="2" type="stmt"/>
        <line num="12" count="2" type="cond" truecount="1" falsecount="1"/>
        <line num="14" count="2" type="stmt"/>
        <line num="16" count="1" type="cond" truecount="1" falsecount="1"/>
        <line num="17" count="1" type="stmt"/>
        <line num="27" count="2" type="stmt"/>
        <line num="28" count="2" type="cond" truecount="1" falsecount="1"/>
        <line num="29" count="2" type="stmt"/>
        <line num="32" count="2" type="stmt"/>
        <line num="33" count="2" type="cond" truecount="1" falsecount="1"/>
        <line num="34" count="2" type="stmt"/>
        <line num="39" count="2" type="stmt"/>
      </file>
    </package>
  </project>
</coverage>
