{"D:\\work\\nyingi\\code\\systems\\jattac-web-libs\\Jattac.Libs.Web.ResponsiveTable\\src\\Context\\TableContext.tsx": {"path":"D:\\work\\nyingi\\code\\systems\\jattac-web-libs\\Jattac.Libs.Web.ResponsiveTable\\src\\Context\\TableContext.tsx","statementMap":{"0":{"start":{"line":120,"column":0},"end":{"line":120,"column":16}},"1":{"start":{"line":1,"column":0},"end":{"line":1,"column":90}},"2":{"start":{"line":4,"column":0},"end":{"line":4,"column":58}},"3":{"start":{"line":95,"column":21},"end":{"line":95,"column":81}},"4":{"start":{"line":97,"column":31},"end":{"line":103,"column":1}},"5":{"start":{"line":98,"column":18},"end":{"line":98,"column":42}},"6":{"start":{"line":99,"column":2},"end":{"line":101,"column":3}},"7":{"start":{"line":100,"column":4},"end":{"line":100,"column":75}},"8":{"start":{"line":102,"column":2},"end":{"line":102,"column":45}},"9":{"start":{"line":97,"column":13},"end":{"line":97,"column":31}},"10":{"start":{"line":125,"column":6},"end":{"line":125,"column":11}},"11":{"start":{"line":127,"column":33},"end":{"line":135,"column":21}},"12":{"start":{"line":128,"column":4},"end":{"line":133,"column":5}},"13":{"start":{"line":129,"column":6},"end":{"line":131,"column":7}},"14":{"start":{"line":130,"column":8},"end":{"line":130,"column":60}},"15":{"start":{"line":130,"column":55},"end":{"line":130,"column":57}},"16":{"start":{"line":132,"column":6},"end":{"line":132,"column":51}},"17":{"start":{"line":134,"column":4},"end":{"line":134,"column":28}},"18":{"start":{"line":137,"column":30},"end":{"line":145,"column":21}},"19":{"start":{"line":141,"column":4},"end":{"line":143,"column":5}},"20":{"start":{"line":142,"column":6},"end":{"line":142,"column":58}},"21":{"start":{"line":142,"column":53},"end":{"line":142,"column":55}},"22":{"start":{"line":144,"column":4},"end":{"line":144,"column":114}},"23":{"start":{"line":147,"column":32},"end":{"line":150,"column":30}},"24":{"start":{"line":148,"column":32},"end":{"line":148,"column":62}},"25":{"start":{"line":149,"column":4},"end":{"line":149,"column":60}},"26":{"start":{"line":152,"column":38},"end":{"line":160,"column":30}},"27":{"start":{"line":156,"column":32},"end":{"line":156,"column":62}},"28":{"start":{"line":157,"column":4},"end":{"line":159,"column":11}},"29":{"start":{"line":162,"column":25},"end":{"line":170,"column":45}},"30":{"start":{"line":163,"column":84},"end":{"line":163,"column":86}},"31":{"start":{"line":164,"column":4},"end":{"line":168,"column":7}},"32":{"start":{"line":165,"column":6},"end":{"line":167,"column":7}},"33":{"start":{"line":166,"column":8},"end":{"line":166,"column":90}},"34":{"start":{"line":169,"column":4},"end":{"line":169,"column":23}},"35":{"start":{"line":172,"column":19},"end":{"line":178,"column":22}},"36":{"start":{"line":173,"column":4},"end":{"line":176,"column":5}},"37":{"start":{"line":175,"column":6},"end":{"line":175,"column":70}},"38":{"start":{"line":177,"column":4},"end":{"line":177,"column":17}},"39":{"start":{"line":180,"column":22},"end":{"line":206,"column":21}},"40":{"start":{"line":181,"column":56},"end":{"line":181,"column":58}},"41":{"start":{"line":182,"column":66},"end":{"line":182,"column":68}},"42":{"start":{"line":184,"column":4},"end":{"line":197,"column":7}},"43":{"start":{"line":185,"column":8},"end":{"line":196,"column":9}},"44":{"start":{"line":186,"column":26},"end":{"line":186,"column":49}},"45":{"start":{"line":188,"column":12},"end":{"line":190,"column":13}},"46":{"start":{"line":189,"column":16},"end":{"line":189,"column":93}},"47":{"start":{"line":191,"column":12},"end":{"line":193,"column":13}},"48":{"start":{"line":192,"column":16},"end":{"line":192,"column":50}},"49":{"start":{"line":194,"column":27},"end":{"line":194,"column":32}},"50":{"start":{"line":195,"column":12},"end":{"line":195,"column":42}},"51":{"start":{"line":199,"column":4},"end":{"line":203,"column":5}},"52":{"start":{"line":200,"column":8},"end":{"line":202,"column":10}},"53":{"start":{"line":201,"column":12},"end":{"line":201,"column":57}},"54":{"start":{"line":201,"column":45},"end":{"line":201,"column":55}},"55":{"start":{"line":205,"column":4},"end":{"line":205,"column":20}},"56":{"start":{"line":208,"column":21},"end":{"line":220,"column":21}},"57":{"start":{"line":213,"column":27},"end":{"line":213,"column":34}},"58":{"start":{"line":214,"column":4},"end":{"line":218,"column":7}},"59":{"start":{"line":215,"column":6},"end":{"line":217,"column":7}},"60":{"start":{"line":216,"column":8},"end":{"line":216,"column":76}},"61":{"start":{"line":219,"column":4},"end":{"line":219,"column":28}},"62":{"start":{"line":222,"column":23},"end":{"line":244,"column":4}},"63":{"start":{"line":222,"column":37},"end":{"line":232,"column":null}},"64":{"start":{"line":246,"column":2},"end":{"line":250,"column":4}}},"fnMap":{"0":{"name":"(anonymous_11)","decl":{"start":{"line":97,"column":31},"end":{"line":97,"column":42}},"loc":{"start":{"line":97,"column":44},"end":{"line":103,"column":1}}},"1":{"name":"TableProvider","decl":{"start":{"line":120,"column":16},"end":{"line":120,"column":29}},"loc":{"start":{"line":120,"column":83},"end":{"line":251,"column":1}}},"2":{"name":"(anonymous_13)","decl":{"start":{"line":127,"column":45},"end":{"line":127,"column":46}},"loc":{"start":{"line":127,"column":132},"end":{"line":135,"column":3}}},"3":{"name":"(anonymous_14)","decl":{"start":{"line":130,"column":49},"end":{"line":130,"column":52}},"loc":{"start":{"line":130,"column":55},"end":{"line":130,"column":57}}},"4":{"name":"(anonymous_15)","decl":{"start":{"line":137,"column":42},"end":{"line":137,"column":null}},"loc":{"start":{"line":140,"column":47},"end":{"line":145,"column":3}}},"5":{"name":"(anonymous_16)","decl":{"start":{"line":142,"column":47},"end":{"line":142,"column":50}},"loc":{"start":{"line":142,"column":53},"end":{"line":142,"column":55}}},"6":{"name":"(anonymous_17)","decl":{"start":{"line":147,"column":44},"end":{"line":147,"column":45}},"loc":{"start":{"line":147,"column":116},"end":{"line":150,"column":3}}},"7":{"name":"(anonymous_18)","decl":{"start":{"line":152,"column":50},"end":{"line":152,"column":null}},"loc":{"start":{"line":155,"column":14},"end":{"line":160,"column":3}}},"8":{"name":"(anonymous_19)","decl":{"start":{"line":162,"column":37},"end":{"line":162,"column":38}},"loc":{"start":{"line":162,"column":133},"end":{"line":170,"column":3}}},"9":{"name":"(anonymous_20)","decl":{"start":{"line":164,"column":26},"end":{"line":164,"column":27}},"loc":{"start":{"line":164,"column":68},"end":{"line":168,"column":5}}},"10":{"name":"(anonymous_21)","decl":{"start":{"line":172,"column":31},"end":{"line":172,"column":32}},"loc":{"start":{"line":172,"column":78},"end":{"line":178,"column":3}}},"11":{"name":"(anonymous_22)","decl":{"start":{"line":180,"column":34},"end":{"line":180,"column":35}},"loc":{"start":{"line":180,"column":84},"end":{"line":206,"column":3}}},"12":{"name":"(anonymous_23)","decl":{"start":{"line":184,"column":26},"end":{"line":184,"column":27}},"loc":{"start":{"line":184,"column":68},"end":{"line":197,"column":5}}},"13":{"name":"(anonymous_24)","decl":{"start":{"line":200,"column":27},"end":{"line":200,"column":28}},"loc":{"start":{"line":200,"column":33},"end":{"line":202,"column":9}}},"14":{"name":"(anonymous_25)","decl":{"start":{"line":201,"column":34},"end":{"line":201,"column":41}},"loc":{"start":{"line":201,"column":45},"end":{"line":201,"column":55}}},"15":{"name":"(anonymous_26)","decl":{"start":{"line":208,"column":33},"end":{"line":208,"column":null}},"loc":{"start":{"line":212,"column":23},"end":{"line":220,"column":3}}},"16":{"name":"(anonymous_27)","decl":{"start":{"line":214,"column":26},"end":{"line":214,"column":27}},"loc":{"start":{"line":214,"column":68},"end":{"line":218,"column":5}}},"17":{"name":"(anonymous_28)","decl":{"start":{"line":222,"column":31},"end":{"line":222,"column":34}},"loc":{"start":{"line":222,"column":37},"end":{"line":232,"column":null}}}},"branchMap":{"0":{"loc":{"start":{"line":99,"column":2},"end":{"line":101,"column":3}},"type":"if","locations":[{"start":{"line":99,"column":2},"end":{"line":101,"column":3}},{"start":{},"end":{}}]},"1":{"loc":{"start":{"line":128,"column":4},"end":{"line":133,"column":5}},"type":"if","locations":[{"start":{"line":128,"column":4},"end":{"line":133,"column":5}},{"start":{},"end":{}}]},"2":{"loc":{"start":{"line":129,"column":6},"end":{"line":131,"column":7}},"type":"if","locations":[{"start":{"line":129,"column":6},"end":{"line":131,"column":7}},{"start":{},"end":{}}]},"3":{"loc":{"start":{"line":141,"column":4},"end":{"line":143,"column":5}},"type":"if","locations":[{"start":{"line":141,"column":4},"end":{"line":143,"column":5}},{"start":{},"end":{}}]},"4":{"loc":{"start":{"line":144,"column":11},"end":{"line":144,"column":113}},"type":"cond-expr","locations":[{"start":{"line":144,"column":50},"end":{"line":144,"column":94}},{"start":{"line":144,"column":97},"end":{"line":144,"column":113}}]},"5":{"loc":{"start":{"line":149,"column":11},"end":{"line":149,"column":59}},"type":"cond-expr","locations":[{"start":{"line":149,"column":44},"end":{"line":149,"column":46}},{"start":{"line":149,"column":44},"end":{"line":149,"column":59}}]},"6":{"loc":{"start":{"line":149,"column":11},"end":{"line":149,"column":46}},"type":"binary-expr","locations":[{"start":{"line":149,"column":11},"end":{"line":149,"column":46}},{"start":{"line":149,"column":44},"end":{"line":149,"column":46}}]},"7":{"loc":{"start":{"line":157,"column":11},"end":{"line":159,"column":10}},"type":"cond-expr","locations":[{"start":{"line":158,"column":8},"end":{"line":158,"column":78}},{"start":{"line":159,"column":8},"end":{"line":159,"column":10}}]},"8":{"loc":{"start":{"line":158,"column":8},"end":{"line":158,"column":78}},"type":"binary-expr","locations":[{"start":{"line":158,"column":8},"end":{"line":158,"column":52}},{"start":{"line":158,"column":56},"end":{"line":158,"column":78}}]},"9":{"loc":{"start":{"line":158,"column":8},"end":{"line":158,"column":52}},"type":"cond-expr","locations":[{"start":{"line":158,"column":41},"end":{"line":158,"column":43}},{"start":{"line":158,"column":41},"end":{"line":158,"column":52}}]},"10":{"loc":{"start":{"line":158,"column":8},"end":{"line":158,"column":43}},"type":"binary-expr","locations":[{"start":{"line":158,"column":8},"end":{"line":158,"column":43}},{"start":{"line":158,"column":41},"end":{"line":158,"column":43}}]},"11":{"loc":{"start":{"line":165,"column":6},"end":{"line":167,"column":7}},"type":"if","locations":[{"start":{"line":165,"column":6},"end":{"line":167,"column":7}},{"start":{},"end":{}}]},"12":{"loc":{"start":{"line":173,"column":4},"end":{"line":176,"column":5}},"type":"if","locations":[{"start":{"line":173,"column":4},"end":{"line":176,"column":5}},{"start":{},"end":{}}]},"13":{"loc":{"start":{"line":173,"column":8},"end":{"line":173,"column":49}},"type":"binary-expr","locations":[{"start":{"line":173,"column":8},"end":{"line":173,"column":22}},{"start":{"line":173,"column":26},"end":{"line":173,"column":49}}]},"14":{"loc":{"start":{"line":185,"column":8},"end":{"line":196,"column":9}},"type":"if","locations":[{"start":{"line":185,"column":8},"end":{"line":196,"column":9}},{"start":{},"end":{}}]},"15":{"loc":{"start":{"line":188,"column":12},"end":{"line":190,"column":13}},"type":"if","locations":[{"start":{"line":188,"column":12},"end":{"line":190,"column":13}},{"start":{},"end":{}}]},"16":{"loc":{"start":{"line":189,"column":40},"end":{"line":189,"column":64}},"type":"binary-expr","locations":[{"start":{"line":189,"column":40},"end":{"line":189,"column":58}},{"start":{"line":189,"column":62},"end":{"line":189,"column":64}}]},"17":{"loc":{"start":{"line":191,"column":12},"end":{"line":193,"column":13}},"type":"if","locations":[{"start":{"line":191,"column":12},"end":{"line":193,"column":13}},{"start":{},"end":{}}]},"18":{"loc":{"start":{"line":199,"column":4},"end":{"line":203,"column":5}},"type":"if","locations":[{"start":{"line":199,"column":4},"end":{"line":203,"column":5}},{"start":{},"end":{}}]},"19":{"loc":{"start":{"line":215,"column":6},"end":{"line":217,"column":7}},"type":"if","locations":[{"start":{"line":215,"column":6},"end":{"line":217,"column":7}},{"start":{},"end":{}}]}},"s":{"0":1,"1":1,"2":1,"3":1,"4":1,"5":54,"6":54,"7":0,"8":54,"9":1,"10":16,"11":16,"12":50,"13":0,"14":0,"15":0,"16":0,"17":50,"18":16,"19":40,"20":0,"21":0,"22":40,"23":16,"24":20,"25":20,"26":16,"27":20,"28":20,"29":16,"30":10,"31":10,"32":0,"33":0,"34":10,"35":16,"36":8,"37":0,"38":8,"39":16,"40":16,"41":16,"42":16,"43":0,"44":0,"45":0,"46":0,"47":0,"48":0,"49":0,"50":0,"51":16,"52":0,"53":0,"54":0,"55":16,"56":16,"57":20,"58":20,"59":0,"60":0,"61":20,"62":16,"63":16,"64":16},"f":{"0":54,"1":16,"2":50,"3":0,"4":40,"5":0,"6":20,"7":20,"8":10,"9":0,"10":8,"11":16,"12":0,"13":0,"14":0,"15":20,"16":0,"17":16},"b":{"0":[0,54],"1":[0,50],"2":[0,0],"3":[0,40],"4":[0,40],"5":[20,0],"6":[20,20],"7":[0,20],"8":[0,0],"9":[0,0],"10":[0,0],"11":[0,0],"12":[0,8],"13":[8,0],"14":[0,0],"15":[0,0],"16":[0,0],"17":[0,0],"18":[0,16],"19":[0,0]}}
,"D:\\work\\nyingi\\code\\systems\\jattac-web-libs\\Jattac.Libs.Web.ResponsiveTable\\src\\Hooks\\useResponsiveTable.ts": {"path":"D:\\work\\nyingi\\code\\systems\\jattac-web-libs\\Jattac.Libs.Web.ResponsiveTable\\src\\Hooks\\useResponsiveTable.ts","statementMap":{"0":{"start":{"line":1,"column":0},"end":{"line":1,"column":65}},"1":{"start":{"line":5,"column":2},"end":{"line":10,"column":4}},"2":{"start":{"line":6,"column":4},"end":{"line":6,"column":26}},"3":{"start":{"line":7,"column":4},"end":{"line":9,"column":14}},"4":{"start":{"line":8,"column":6},"end":{"line":8,"column":29}},"5":{"start":{"line":27,"column":34},"end":{"line":70,"column":1}},"6":{"start":{"line":28,"column":110},"end":{"line":28,"column":115}},"7":{"start":{"line":30,"column":34},"end":{"line":30,"column":58}},"8":{"start":{"line":31,"column":46},"end":{"line":31,"column":70}},"9":{"start":{"line":33,"column":23},"end":{"line":35,"column":24}},"10":{"start":{"line":34,"column":4},"end":{"line":34,"column":55}},"11":{"start":{"line":37,"column":23},"end":{"line":48,"column":73}},"12":{"start":{"line":39,"column":4},"end":{"line":39,"column":23}},"13":{"start":{"line":41,"column":4},"end":{"line":47,"column":5}},"14":{"start":{"line":42,"column":22},"end":{"line":42,"column":63}},"15":{"start":{"line":43,"column":21},"end":{"line":43,"column":29}},"16":{"start":{"line":44,"column":6},"end":{"line":46,"column":7}},"17":{"start":{"line":45,"column":8},"end":{"line":45,"column":34}},"18":{"start":{"line":50,"column":33},"end":{"line":50,"column":76}},"19":{"start":{"line":52,"column":2},"end":{"line":67,"column":100}},"20":{"start":{"line":53,"column":4},"end":{"line":53,"column":19}},"21":{"start":{"line":54,"column":4},"end":{"line":54,"column":52}},"22":{"start":{"line":56,"column":25},"end":{"line":56,"column":57}},"23":{"start":{"line":57,"column":4},"end":{"line":59,"column":5}},"24":{"start":{"line":58,"column":6},"end":{"line":58,"column":118}},"25":{"start":{"line":58,"column":53},"end":{"line":58,"column":116}},"26":{"start":{"line":61,"column":4},"end":{"line":66,"column":6}},"27":{"start":{"line":62,"column":6},"end":{"line":62,"column":57}},"28":{"start":{"line":63,"column":6},"end":{"line":65,"column":7}},"29":{"start":{"line":64,"column":8},"end":{"line":64,"column":123}},"30":{"start":{"line":64,"column":58},"end":{"line":64,"column":121}},"31":{"start":{"line":69,"column":2},"end":{"line":69,"column":126}},"32":{"start":{"line":27,"column":13},"end":{"line":27,"column":34}}},"fnMap":{"0":{"name":"debounce","decl":{"start":{"line":3,"column":9},"end":{"line":3,"column":17}},"loc":{"start":{"line":3,"column":83},"end":{"line":11,"column":1}}},"1":{"name":"(anonymous_1)","decl":{"start":{"line":5,"column":9},"end":{"line":5,"column":47}},"loc":{"start":{"line":5,"column":69},"end":{"line":10,"column":3}}},"2":{"name":"(anonymous_2)","decl":{"start":{"line":7,"column":25},"end":{"line":7,"column":28}},"loc":{"start":{"line":7,"column":30},"end":{"line":9,"column":5}}},"3":{"name":"(anonymous_3)","decl":{"start":{"line":27,"column":34},"end":{"line":27,"column":35}},"loc":{"start":{"line":27,"column":95},"end":{"line":70,"column":1}}},"4":{"name":"(anonymous_4)","decl":{"start":{"line":33,"column":35},"end":{"line":33,"column":38}},"loc":{"start":{"line":33,"column":40},"end":{"line":35,"column":3}}},"5":{"name":"(anonymous_5)","decl":{"start":{"line":37,"column":35},"end":{"line":37,"column":36}},"loc":{"start":{"line":37,"column":75},"end":{"line":48,"column":3}}},"6":{"name":"(anonymous_6)","decl":{"start":{"line":52,"column":12},"end":{"line":52,"column":15}},"loc":{"start":{"line":52,"column":17},"end":{"line":67,"column":3}}},"7":{"name":"(anonymous_7)","decl":{"start":{"line":58,"column":46},"end":{"line":58,"column":47}},"loc":{"start":{"line":58,"column":53},"end":{"line":58,"column":116}}},"8":{"name":"(anonymous_8)","decl":{"start":{"line":61,"column":11},"end":{"line":61,"column":14}},"loc":{"start":{"line":61,"column":16},"end":{"line":66,"column":5}}},"9":{"name":"(anonymous_9)","decl":{"start":{"line":64,"column":51},"end":{"line":64,"column":52}},"loc":{"start":{"line":64,"column":58},"end":{"line":64,"column":121}}}},"branchMap":{"0":{"loc":{"start":{"line":28,"column":10},"end":{"line":28,"column":32}},"type":"default-arg","locations":[{"start":{"line":28,"column":29},"end":{"line":28,"column":32}}]},"1":{"loc":{"start":{"line":28,"column":34},"end":{"line":28,"column":68}},"type":"default-arg","locations":[{"start":{"line":28,"column":64},"end":{"line":28,"column":68}}]},"2":{"loc":{"start":{"line":41,"column":4},"end":{"line":47,"column":5}},"type":"if","locations":[{"start":{"line":41,"column":4},"end":{"line":47,"column":5}},{"start":{},"end":{}}]},"3":{"loc":{"start":{"line":41,"column":8},"end":{"line":41,"column":73}},"type":"binary-expr","locations":[{"start":{"line":41,"column":8},"end":{"line":41,"column":35}},{"start":{"line":41,"column":39},"end":{"line":41,"column":49}},{"start":{"line":41,"column":53},"end":{"line":41,"column":71}}]},"4":{"loc":{"start":{"line":41,"column":53},"end":{"line":41,"column":71}},"type":"cond-expr","locations":[{"start":{"line":41,"column":62},"end":{"line":41,"column":64}},{"start":{"line":41,"column":53},"end":{"line":41,"column":71}}]},"5":{"loc":{"start":{"line":41,"column":53},"end":{"line":41,"column":64}},"type":"binary-expr","locations":[{"start":{"line":41,"column":53},"end":{"line":41,"column":64}},{"start":{"line":41,"column":53},"end":{"line":41,"column":64}}]},"6":{"loc":{"start":{"line":44,"column":6},"end":{"line":46,"column":7}},"type":"if","locations":[{"start":{"line":44,"column":6},"end":{"line":46,"column":7}},{"start":{},"end":{}}]},"7":{"loc":{"start":{"line":56,"column":25},"end":{"line":56,"column":57}},"type":"binary-expr","locations":[{"start":{"line":56,"column":25},"end":{"line":56,"column":47}},{"start":{"line":56,"column":51},"end":{"line":56,"column":57}}]},"8":{"loc":{"start":{"line":56,"column":25},"end":{"line":56,"column":47}},"type":"cond-expr","locations":[{"start":{"line":56,"column":38},"end":{"line":56,"column":40}},{"start":{"line":56,"column":25},"end":{"line":56,"column":47}}]},"9":{"loc":{"start":{"line":56,"column":25},"end":{"line":56,"column":40}},"type":"binary-expr","locations":[{"start":{"line":56,"column":25},"end":{"line":56,"column":40}},{"start":{"line":56,"column":25},"end":{"line":56,"column":40}}]},"10":{"loc":{"start":{"line":57,"column":4},"end":{"line":59,"column":5}},"type":"if","locations":[{"start":{"line":57,"column":4},"end":{"line":59,"column":5}},{"start":{},"end":{}}]},"11":{"loc":{"start":{"line":57,"column":8},"end":{"line":57,"column":48}},"type":"binary-expr","locations":[{"start":{"line":57,"column":8},"end":{"line":57,"column":35}},{"start":{"line":57,"column":39},"end":{"line":57,"column":48}}]},"12":{"loc":{"start":{"line":63,"column":6},"end":{"line":65,"column":7}},"type":"if","locations":[{"start":{"line":63,"column":6},"end":{"line":65,"column":7}},{"start":{},"end":{}}]},"13":{"loc":{"start":{"line":63,"column":10},"end":{"line":63,"column":50}},"type":"binary-expr","locations":[{"start":{"line":63,"column":10},"end":{"line":63,"column":37}},{"start":{"line":63,"column":41},"end":{"line":63,"column":50}}]}},"s":{"0":1,"1":16,"2":0,"3":0,"4":0,"5":1,"6":16,"7":16,"8":16,"9":16,"10":8,"11":16,"12":0,"13":0,"14":0,"15":0,"16":0,"17":0,"18":16,"19":16,"20":8,"21":8,"22":8,"23":8,"24":8,"25":0,"26":8,"27":8,"28":8,"29":8,"30":0,"31":16,"32":1},"f":{"0":16,"1":0,"2":0,"3":16,"4":8,"5":0,"6":8,"7":0,"8":8,"9":0},"b":{"0":[16],"1":[16],"2":[0,0],"3":[0,0,0],"4":[0,0],"5":[0,0],"6":[0,0],"7":[8,0],"8":[0,8],"9":[8,8],"10":[8,0],"11":[8,0],"12":[8,0],"13":[8,0]}}
,"D:\\work\\nyingi\\code\\systems\\jattac-web-libs\\Jattac.Libs.Web.ResponsiveTable\\src\\Hooks\\useTableDataSource.ts": {"path":"D:\\work\\nyingi\\code\\systems\\jattac-web-libs\\Jattac.Libs.Web.ResponsiveTable\\src\\Hooks\\useTableDataSource.ts","statementMap":{"0":{"start":{"line":1,"column":0},"end":{"line":1,"column":65}},"1":{"start":{"line":23,"column":34},"end":{"line":119,"column":1}},"2":{"start":{"line":24,"column":72},"end":{"line":24,"column":77}},"3":{"start":{"line":26,"column":26},"end":{"line":26,"column":56}},"4":{"start":{"line":27,"column":40},"end":{"line":27,"column":59}},"5":{"start":{"line":28,"column":32},"end":{"line":28,"column":55}},"6":{"start":{"line":29,"column":38},"end":{"line":29,"column":77}},"7":{"start":{"line":30,"column":36},"end":{"line":30,"column":60}},"8":{"start":{"line":31,"column":46},"end":{"line":31,"column":70}},"9":{"start":{"line":33,"column":25},"end":{"line":33,"column":37}},"10":{"start":{"line":35,"column":20},"end":{"line":84,"column":55}},"11":{"start":{"line":35,"column":74},"end":{"line":84,"column":5}},"12":{"start":{"line":36,"column":4},"end":{"line":36,"column":28}},"13":{"start":{"line":36,"column":21},"end":{"line":36,"column":28}},"14":{"start":{"line":38,"column":4},"end":{"line":42,"column":5}},"15":{"start":{"line":39,"column":6},"end":{"line":39,"column":30}},"16":{"start":{"line":41,"column":6},"end":{"line":41,"column":25}},"17":{"start":{"line":44,"column":4},"end":{"line":83,"column":5}},"18":{"start":{"line":45,"column":40},"end":{"line":50,"column":8}},"19":{"start":{"line":52,"column":46},"end":{"line":52,"column":70}},"20":{"start":{"line":54,"column":30},"end":{"line":54,"column":32}},"21":{"start":{"line":55,"column":46},"end":{"line":55,"column":55}},"22":{"start":{"line":57,"column":6},"end":{"line":62,"column":7}},"23":{"start":{"line":58,"column":8},"end":{"line":58,"column":26}},"24":{"start":{"line":60,"column":8},"end":{"line":60,"column":32}},"25":{"start":{"line":61,"column":8},"end":{"line":61,"column":42}},"26":{"start":{"line":64,"column":6},"end":{"line":64,"column":68}},"27":{"start":{"line":64,"column":22},"end":{"line":64,"column":66}},"28":{"start":{"line":65,"column":6},"end":{"line":65,"column":35}},"29":{"start":{"line":66,"column":6},"end":{"line":66,"column":27}},"30":{"start":{"line":69,"column":6},"end":{"line":75,"column":7}},"31":{"start":{"line":70,"column":35},"end":{"line":70,"column":81}},"32":{"start":{"line":71,"column":8},"end":{"line":71,"column":55}},"33":{"start":{"line":74,"column":8},"end":{"line":74,"column":49}},"34":{"start":{"line":78,"column":6},"end":{"line":78,"column":67}},"35":{"start":{"line":79,"column":6},"end":{"line":79,"column":24}},"36":{"start":{"line":81,"column":6},"end":{"line":81,"column":26}},"37":{"start":{"line":82,"column":6},"end":{"line":82,"column":31}},"38":{"start":{"line":86,"column":23},"end":{"line":89,"column":78}},"39":{"start":{"line":86,"column":46},"end":{"line":89,"column":5}},"40":{"start":{"line":87,"column":4},"end":{"line":87,"column":71}},"41":{"start":{"line":87,"column":64},"end":{"line":87,"column":71}},"42":{"start":{"line":88,"column":4},"end":{"line":88,"column":43}},"43":{"start":{"line":91,"column":24},"end":{"line":94,"column":29}},"44":{"start":{"line":91,"column":47},"end":{"line":94,"column":5}},"45":{"start":{"line":92,"column":4},"end":{"line":92,"column":28}},"46":{"start":{"line":92,"column":21},"end":{"line":92,"column":28}},"47":{"start":{"line":93,"column":4},"end":{"line":93,"column":30}},"48":{"start":{"line":97,"column":2},"end":{"line":107,"column":33}},"49":{"start":{"line":98,"column":4},"end":{"line":104,"column":5}},"50":{"start":{"line":99,"column":6},"end":{"line":99,"column":37}},"51":{"start":{"line":100,"column":6},"end":{"line":102,"column":7}},"52":{"start":{"line":101,"column":8},"end":{"line":101,"column":24}},"53":{"start":{"line":103,"column":6},"end":{"line":103,"column":13}},"54":{"start":{"line":106,"column":4},"end":{"line":106,"column":20}},"55":{"start":{"line":109,"column":2},"end":{"line":118,"column":4}},"56":{"start":{"line":23,"column":13},"end":{"line":23,"column":34}}},"fnMap":{"0":{"name":"(anonymous_7)","decl":{"start":{"line":23,"column":34},"end":{"line":23,"column":43}},"loc":{"start":{"line":23,"column":117},"end":{"line":119,"column":1}}},"1":{"name":"(anonymous_8)","decl":{"start":{"line":35,"column":32},"end":{"line":35,"column":39}},"loc":{"start":{"line":35,"column":74},"end":{"line":84,"column":5}}},"2":{"name":"(anonymous_9)","decl":{"start":{"line":35,"column":74},"end":{"line":35,"column":null}},"loc":{"start":{"line":35,"column":74},"end":{"line":84,"column":3}}},"3":{"name":"(anonymous_10)","decl":{"start":{"line":64,"column":14},"end":{"line":64,"column":18}},"loc":{"start":{"line":64,"column":22},"end":{"line":64,"column":66}}},"4":{"name":"(anonymous_11)","decl":{"start":{"line":86,"column":35},"end":{"line":86,"column":44}},"loc":{"start":{"line":86,"column":46},"end":{"line":89,"column":5}}},"5":{"name":"(anonymous_12)","decl":{"start":{"line":86,"column":46},"end":{"line":86,"column":null}},"loc":{"start":{"line":86,"column":46},"end":{"line":89,"column":3}}},"6":{"name":"(anonymous_13)","decl":{"start":{"line":91,"column":36},"end":{"line":91,"column":45}},"loc":{"start":{"line":91,"column":47},"end":{"line":94,"column":5}}},"7":{"name":"(anonymous_14)","decl":{"start":{"line":91,"column":47},"end":{"line":91,"column":null}},"loc":{"start":{"line":91,"column":47},"end":{"line":94,"column":3}}},"8":{"name":"(anonymous_15)","decl":{"start":{"line":97,"column":12},"end":{"line":97,"column":15}},"loc":{"start":{"line":97,"column":17},"end":{"line":107,"column":3}}}},"branchMap":{"0":{"loc":{"start":{"line":24,"column":22},"end":{"line":24,"column":35}},"type":"default-arg","locations":[{"start":{"line":24,"column":33},"end":{"line":24,"column":35}}]},"1":{"loc":{"start":{"line":24,"column":37},"end":{"line":24,"column":53}},"type":"default-arg","locations":[{"start":{"line":24,"column":51},"end":{"line":24,"column":53}}]},"2":{"loc":{"start":{"line":36,"column":4},"end":{"line":36,"column":28}},"type":"if","locations":[{"start":{"line":36,"column":4},"end":{"line":36,"column":28}},{"start":{},"end":{}}]},"3":{"loc":{"start":{"line":38,"column":4},"end":{"line":42,"column":5}},"type":"if","locations":[{"start":{"line":38,"column":4},"end":{"line":42,"column":5}},{"start":{"line":40,"column":11},"end":{"line":42,"column":5}}]},"4":{"loc":{"start":{"line":57,"column":6},"end":{"line":62,"column":7}},"type":"if","locations":[{"start":{"line":57,"column":6},"end":{"line":62,"column":7}},{"start":{"line":59,"column":13},"end":{"line":62,"column":7}}]},"5":{"loc":{"start":{"line":64,"column":22},"end":{"line":64,"column":66}},"type":"cond-expr","locations":[{"start":{"line":64,"column":33},"end":{"line":64,"column":55}},{"start":{"line":64,"column":58},"end":{"line":64,"column":66}}]},"6":{"loc":{"start":{"line":69,"column":6},"end":{"line":75,"column":7}},"type":"if","locations":[{"start":{"line":69,"column":6},"end":{"line":75,"column":7}},{"start":{"line":72,"column":13},"end":{"line":75,"column":7}}]},"7":{"loc":{"start":{"line":70,"column":36},"end":{"line":70,"column":62}},"type":"cond-expr","locations":[{"start":{"line":70,"column":47},"end":{"line":70,"column":58}},{"start":{"line":70,"column":61},"end":{"line":70,"column":62}}]},"8":{"loc":{"start":{"line":87,"column":4},"end":{"line":87,"column":71}},"type":"if","locations":[{"start":{"line":87,"column":4},"end":{"line":87,"column":71}},{"start":{},"end":{}}]},"9":{"loc":{"start":{"line":87,"column":8},"end":{"line":87,"column":62}},"type":"binary-expr","locations":[{"start":{"line":87,"column":8},"end":{"line":87,"column":17}},{"start":{"line":87,"column":21},"end":{"line":87,"column":35}},{"start":{"line":87,"column":39},"end":{"line":87,"column":47}},{"start":{"line":87,"column":51},"end":{"line":87,"column":62}}]},"10":{"loc":{"start":{"line":92,"column":4},"end":{"line":92,"column":28}},"type":"if","locations":[{"start":{"line":92,"column":4},"end":{"line":92,"column":28}},{"start":{},"end":{}}]},"11":{"loc":{"start":{"line":98,"column":4},"end":{"line":104,"column":5}},"type":"if","locations":[{"start":{"line":98,"column":4},"end":{"line":104,"column":5}},{"start":{},"end":{}}]},"12":{"loc":{"start":{"line":100,"column":6},"end":{"line":102,"column":7}},"type":"if","locations":[{"start":{"line":100,"column":6},"end":{"line":102,"column":7}},{"start":{},"end":{}}]},"13":{"loc":{"start":{"line":100,"column":10},"end":{"line":100,"column":48}},"type":"binary-expr","locations":[{"start":{"line":100,"column":10},"end":{"line":100,"column":20}},{"start":{"line":100,"column":24},"end":{"line":100,"column":48}}]}},"s":{"0":1,"1":1,"2":16,"3":16,"4":16,"5":16,"6":16,"7":16,"8":16,"9":16,"10":16,"11":0,"12":0,"13":0,"14":0,"15":0,"16":0,"17":0,"18":0,"19":0,"20":0,"21":0,"22":0,"23":0,"24":0,"25":0,"26":0,"27":0,"28":0,"29":0,"30":0,"31":0,"32":0,"33":0,"34":0,"35":0,"36":0,"37":0,"38":16,"39":0,"40":0,"41":0,"42":0,"43":16,"44":0,"45":0,"46":0,"47":0,"48":16,"49":8,"50":8,"51":8,"52":0,"53":8,"54":0,"55":16,"56":1},"f":{"0":16,"1":0,"2":0,"3":0,"4":0,"5":0,"6":0,"7":0,"8":8},"b":{"0":[16],"1":[0],"2":[0,0],"3":[0,0],"4":[0,0],"5":[0,0],"6":[0,0],"7":[0,0],"8":[0,0],"9":[0,0,0,0],"10":[0,0],"11":[8,0],"12":[0,8],"13":[8,0]}}
,"D:\\work\\nyingi\\code\\systems\\jattac-web-libs\\Jattac.Libs.Web.ResponsiveTable\\src\\Hooks\\useTablePlugins.ts": {"path":"D:\\work\\nyingi\\code\\systems\\jattac-web-libs\\Jattac.Libs.Web.ResponsiveTable\\src\\Hooks\\useTablePlugins.ts","statementMap":{"0":{"start":{"line":1,"column":0},"end":{"line":1,"column":85}},"1":{"start":{"line":3,"column":0},"end":{"line":3,"column":55}},"2":{"start":{"line":4,"column":0},"end":{"line":4,"column":61}},"3":{"start":{"line":5,"column":0},"end":{"line":5,"column":51}},"4":{"start":{"line":45,"column":31},"end":{"line":178,"column":1}},"5":{"start":{"line":55,"column":6},"end":{"line":55,"column":11}},"6":{"start":{"line":57,"column":44},"end":{"line":57,"column":67}},"7":{"start":{"line":58,"column":44},"end":{"line":58,"column":89}},"8":{"start":{"line":61,"column":26},"end":{"line":61,"column":66}},"9":{"start":{"line":62,"column":29},"end":{"line":62,"column":72}},"10":{"start":{"line":63,"column":24},"end":{"line":63,"column":62}},"11":{"start":{"line":65,"column":33},"end":{"line":70,"column":12}},"12":{"start":{"line":66,"column":4},"end":{"line":68,"column":5}},"13":{"start":{"line":67,"column":6},"end":{"line":67,"column":57}},"14":{"start":{"line":69,"column":4},"end":{"line":69,"column":28}},"15":{"start":{"line":72,"column":25},"end":{"line":77,"column":49}},"16":{"start":{"line":73,"column":4},"end":{"line":76,"column":7}},"17":{"start":{"line":74,"column":18},"end":{"line":74,"column":45}},"18":{"start":{"line":75,"column":6},"end":{"line":75,"column":35}},"19":{"start":{"line":79,"column":28},"end":{"line":166,"column":4}},"20":{"start":{"line":80,"column":62},"end":{"line":80,"column":64}},"21":{"start":{"line":83,"column":4},"end":{"line":85,"column":5}},"22":{"start":{"line":84,"column":6},"end":{"line":84,"column":40}},"23":{"start":{"line":88,"column":4},"end":{"line":97,"column":5}},"24":{"start":{"line":89,"column":6},"end":{"line":91,"column":7}},"25":{"start":{"line":90,"column":8},"end":{"line":90,"column":53}},"26":{"start":{"line":92,"column":6},"end":{"line":94,"column":7}},"27":{"start":{"line":92,"column":38},"end":{"line":92,"column":55}},"28":{"start":{"line":93,"column":8},"end":{"line":93,"column":55}},"29":{"start":{"line":96,"column":6},"end":{"line":96,"column":37}},"30":{"start":{"line":100,"column":4},"end":{"line":109,"column":5}},"31":{"start":{"line":101,"column":6},"end":{"line":103,"column":7}},"32":{"start":{"line":102,"column":8},"end":{"line":102,"column":59}},"33":{"start":{"line":104,"column":6},"end":{"line":106,"column":7}},"34":{"start":{"line":104,"column":38},"end":{"line":104,"column":58}},"35":{"start":{"line":105,"column":8},"end":{"line":105,"column":58}},"36":{"start":{"line":108,"column":6},"end":{"line":108,"column":40}},"37":{"start":{"line":112,"column":32},"end":{"line":115,"column":6}},"38":{"start":{"line":113,"column":23},"end":{"line":113,"column":50}},"39":{"start":{"line":114,"column":8},"end":{"line":114,"column":62}},"40":{"start":{"line":117,"column":4},"end":{"line":126,"column":5}},"41":{"start":{"line":118,"column":6},"end":{"line":120,"column":7}},"42":{"start":{"line":119,"column":8},"end":{"line":119,"column":58}},"43":{"start":{"line":121,"column":6},"end":{"line":123,"column":7}},"44":{"start":{"line":121,"column":38},"end":{"line":121,"column":53}},"45":{"start":{"line":122,"column":8},"end":{"line":122,"column":53}},"46":{"start":{"line":125,"column":6},"end":{"line":125,"column":35}},"47":{"start":{"line":128,"column":4},"end":{"line":128,"column":39}},"48":{"start":{"line":130,"column":35},"end":{"line":138,"column":6}},"49":{"start":{"line":131,"column":23},"end":{"line":131,"column":27}},"50":{"start":{"line":141,"column":4},"end":{"line":145,"column":7}},"51":{"start":{"line":142,"column":6},"end":{"line":144,"column":7}},"52":{"start":{"line":143,"column":8},"end":{"line":143,"column":33}},"53":{"start":{"line":148,"column":31},"end":{"line":148,"column":40}},"54":{"start":{"line":149,"column":4},"end":{"line":153,"column":7}},"55":{"start":{"line":150,"column":6},"end":{"line":152,"column":7}},"56":{"start":{"line":151,"column":8},"end":{"line":151,"column":72}},"57":{"start":{"line":155,"column":4},"end":{"line":155,"column":32}},"58":{"start":{"line":168,"column":29},"end":{"line":170,"column":25}},"59":{"start":{"line":169,"column":4},"end":{"line":169,"column":42}},"60":{"start":{"line":173,"column":2},"end":{"line":175,"column":26}},"61":{"start":{"line":174,"column":4},"end":{"line":174,"column":42}},"62":{"start":{"line":177,"column":2},"end":{"line":177,"column":78}},"63":{"start":{"line":45,"column":13},"end":{"line":45,"column":31}}},"fnMap":{"0":{"name":"(anonymous_0)","decl":{"start":{"line":45,"column":31},"end":{"line":45,"column":39}},"loc":{"start":{"line":45,"column":107},"end":{"line":178,"column":1}}},"1":{"name":"(anonymous_1)","decl":{"start":{"line":65,"column":45},"end":{"line":65,"column":46}},"loc":{"start":{"line":65,"column":228},"end":{"line":70,"column":3}}},"2":{"name":"(anonymous_2)","decl":{"start":{"line":72,"column":33},"end":{"line":72,"column":36}},"loc":{"start":{"line":72,"column":38},"end":{"line":77,"column":3}}},"3":{"name":"(anonymous_3)","decl":{"start":{"line":73,"column":36},"end":{"line":73,"column":39}},"loc":{"start":{"line":73,"column":42},"end":{"line":76,"column":5}}},"4":{"name":"(anonymous_4)","decl":{"start":{"line":79,"column":40},"end":{"line":79,"column":43}},"loc":{"start":{"line":79,"column":45},"end":{"line":156,"column":3}}},"5":{"name":"(anonymous_5)","decl":{"start":{"line":92,"column":33},"end":{"line":92,"column":34}},"loc":{"start":{"line":92,"column":38},"end":{"line":92,"column":55}}},"6":{"name":"(anonymous_6)","decl":{"start":{"line":104,"column":33},"end":{"line":104,"column":34}},"loc":{"start":{"line":104,"column":38},"end":{"line":104,"column":58}}},"7":{"name":"(anonymous_7)","decl":{"start":{"line":112,"column":55},"end":{"line":112,"column":58}},"loc":{"start":{"line":112,"column":61},"end":{"line":115,"column":5}}},"8":{"name":"(anonymous_8)","decl":{"start":{"line":121,"column":33},"end":{"line":121,"column":34}},"loc":{"start":{"line":121,"column":38},"end":{"line":121,"column":53}}},"9":{"name":"(anonymous_9)","decl":{"start":{"line":131,"column":17},"end":{"line":131,"column":20}},"loc":{"start":{"line":131,"column":23},"end":{"line":131,"column":27}}},"10":{"name":"(anonymous_10)","decl":{"start":{"line":141,"column":29},"end":{"line":141,"column":30}},"loc":{"start":{"line":141,"column":40},"end":{"line":145,"column":5}}},"11":{"name":"(anonymous_11)","decl":{"start":{"line":149,"column":29},"end":{"line":149,"column":30}},"loc":{"start":{"line":149,"column":40},"end":{"line":153,"column":5}}},"12":{"name":"(anonymous_12)","decl":{"start":{"line":168,"column":41},"end":{"line":168,"column":44}},"loc":{"start":{"line":168,"column":46},"end":{"line":170,"column":3}}},"13":{"name":"(anonymous_13)","decl":{"start":{"line":173,"column":12},"end":{"line":173,"column":15}},"loc":{"start":{"line":173,"column":17},"end":{"line":175,"column":3}}}},"branchMap":{"0":{"loc":{"start":{"line":66,"column":4},"end":{"line":68,"column":5}},"type":"if","locations":[{"start":{"line":66,"column":4},"end":{"line":68,"column":5}},{"start":{},"end":{}}]},"1":{"loc":{"start":{"line":67,"column":30},"end":{"line":67,"column":52}},"type":"binary-expr","locations":[{"start":{"line":67,"column":30},"end":{"line":67,"column":37}},{"start":{"line":67,"column":41},"end":{"line":67,"column":52}}]},"2":{"loc":{"start":{"line":83,"column":4},"end":{"line":85,"column":5}},"type":"if","locations":[{"start":{"line":83,"column":4},"end":{"line":85,"column":5}},{"start":{},"end":{}}]},"3":{"loc":{"start":{"line":88,"column":4},"end":{"line":97,"column":5}},"type":"if","locations":[{"start":{"line":88,"column":4},"end":{"line":97,"column":5}},{"start":{"line":95,"column":11},"end":{"line":97,"column":5}}]},"4":{"loc":{"start":{"line":88,"column":8},"end":{"line":88,"column":31}},"type":"cond-expr","locations":[{"start":{"line":88,"column":19},"end":{"line":88,"column":21}},{"start":{"line":88,"column":8},"end":{"line":88,"column":31}}]},"5":{"loc":{"start":{"line":88,"column":8},"end":{"line":88,"column":21}},"type":"binary-expr","locations":[{"start":{"line":88,"column":8},"end":{"line":88,"column":21}},{"start":{"line":88,"column":8},"end":{"line":88,"column":21}}]},"6":{"loc":{"start":{"line":89,"column":6},"end":{"line":91,"column":7}},"type":"if","locations":[{"start":{"line":89,"column":6},"end":{"line":91,"column":7}},{"start":{},"end":{}}]},"7":{"loc":{"start":{"line":92,"column":6},"end":{"line":94,"column":7}},"type":"if","locations":[{"start":{"line":92,"column":6},"end":{"line":94,"column":7}},{"start":{},"end":{}}]},"8":{"loc":{"start":{"line":100,"column":4},"end":{"line":109,"column":5}},"type":"if","locations":[{"start":{"line":100,"column":4},"end":{"line":109,"column":5}},{"start":{"line":107,"column":11},"end":{"line":109,"column":5}}]},"9":{"loc":{"start":{"line":100,"column":8},"end":{"line":100,"column":41}},"type":"cond-expr","locations":[{"start":{"line":100,"column":22},"end":{"line":100,"column":24}},{"start":{"line":100,"column":8},"end":{"line":100,"column":41}}]},"10":{"loc":{"start":{"line":100,"column":8},"end":{"line":100,"column":24}},"type":"binary-expr","locations":[{"start":{"line":100,"column":8},"end":{"line":100,"column":24}},{"start":{"line":100,"column":8},"end":{"line":100,"column":24}}]},"11":{"loc":{"start":{"line":101,"column":6},"end":{"line":103,"column":7}},"type":"if","locations":[{"start":{"line":101,"column":6},"end":{"line":103,"column":7}},{"start":{},"end":{}}]},"12":{"loc":{"start":{"line":104,"column":6},"end":{"line":106,"column":7}},"type":"if","locations":[{"start":{"line":104,"column":6},"end":{"line":106,"column":7}},{"start":{},"end":{}}]},"13":{"loc":{"start":{"line":114,"column":15},"end":{"line":114,"column":61}},"type":"binary-expr","locations":[{"start":{"line":114,"column":15},"end":{"line":114,"column":34}},{"start":{"line":114,"column":38},"end":{"line":114,"column":61}}]},"14":{"loc":{"start":{"line":117,"column":4},"end":{"line":126,"column":5}},"type":"if","locations":[{"start":{"line":117,"column":4},"end":{"line":126,"column":5}},{"start":{"line":124,"column":11},"end":{"line":126,"column":5}}]},"15":{"loc":{"start":{"line":118,"column":6},"end":{"line":120,"column":7}},"type":"if","locations":[{"start":{"line":118,"column":6},"end":{"line":120,"column":7}},{"start":{},"end":{}}]},"16":{"loc":{"start":{"line":121,"column":6},"end":{"line":123,"column":7}},"type":"if","locations":[{"start":{"line":121,"column":6},"end":{"line":123,"column":7}},{"start":{},"end":{}}]},"17":{"loc":{"start":{"line":142,"column":6},"end":{"line":144,"column":7}},"type":"if","locations":[{"start":{"line":142,"column":6},"end":{"line":144,"column":7}},{"start":{},"end":{}}]},"18":{"loc":{"start":{"line":150,"column":6},"end":{"line":152,"column":7}},"type":"if","locations":[{"start":{"line":150,"column":6},"end":{"line":152,"column":7}},{"start":{},"end":{}}]}},"s":{"0":1,"1":1,"2":1,"3":1,"4":1,"5":16,"6":16,"7":16,"8":16,"9":16,"10":16,"11":16,"12":20,"13":0,"14":20,"15":16,"16":8,"17":10,"18":10,"19":16,"20":8,"21":8,"22":0,"23":8,"24":0,"25":0,"26":0,"27":0,"28":0,"29":8,"30":8,"31":0,"32":0,"33":0,"34":0,"35":0,"36":8,"37":8,"38":10,"39":10,"40":8,"41":0,"42":0,"43":0,"44":0,"45":0,"46":8,"47":8,"48":8,"49":0,"50":8,"51":0,"52":0,"53":8,"54":8,"55":0,"56":0,"57":8,"58":16,"59":0,"60":16,"61":8,"62":16,"63":1},"f":{"0":16,"1":20,"2":8,"3":10,"4":8,"5":0,"6":0,"7":10,"8":0,"9":0,"10":0,"11":0,"12":0,"13":8},"b":{"0":[0,20],"1":[0,0],"2":[0,8],"3":[0,8],"4":[8,0],"5":[8,8],"6":[0,0],"7":[0,0],"8":[0,8],"9":[8,0],"10":[8,8],"11":[0,0],"12":[0,0],"13":[10,10],"14":[0,8],"15":[0,0],"16":[0,0],"17":[0,0],"18":[0,0]}}
,"D:\\work\\nyingi\\code\\systems\\jattac-web-libs\\Jattac.Libs.Web.ResponsiveTable\\src\\Plugins\\FilterPlugin.tsx": {"path":"D:\\work\\nyingi\\code\\systems\\jattac-web-libs\\Jattac.Libs.Web.ResponsiveTable\\src\\Plugins\\FilterPlugin.tsx","statementMap":{"0":{"start":{"line":1,"column":0},"end":{"line":1,"column":26}},"1":{"start":{"line":6,"column":9},"end":{"line":6,"column":23}},"2":{"start":{"line":7,"column":10},"end":{"line":7,"column":26}},"3":{"start":{"line":9,"column":10},"end":{"line":9,"column":56}},"4":{"start":{"line":14,"column":9},"end":{"line":16,"column":4}},"5":{"start":{"line":15,"column":4},"end":{"line":15,"column":19}},"6":{"start":{"line":18,"column":9},"end":{"line":37,"column":4}},"7":{"start":{"line":19,"column":4},"end":{"line":21,"column":5}},"8":{"start":{"line":20,"column":6},"end":{"line":20,"column":18}},"9":{"start":{"line":22,"column":4},"end":{"line":36,"column":6}},"10":{"start":{"line":39,"column":9},"end":{"line":64,"column":4}},"11":{"start":{"line":40,"column":4},"end":{"line":42,"column":5}},"12":{"start":{"line":41,"column":6},"end":{"line":41,"column":18}},"13":{"start":{"line":44,"column":29},"end":{"line":44,"column":58}},"14":{"start":{"line":46,"column":4},"end":{"line":63,"column":7}},"15":{"start":{"line":47,"column":6},"end":{"line":62,"column":9}},"16":{"start":{"line":49,"column":8},"end":{"line":51,"column":9}},"17":{"start":{"line":50,"column":10},"end":{"line":50,"column":23}},"18":{"start":{"line":54,"column":28},"end":{"line":54,"column":77}},"19":{"start":{"line":57,"column":8},"end":{"line":60,"column":9}},"20":{"start":{"line":58,"column":24},"end":{"line":58,"column":59}},"21":{"start":{"line":59,"column":10},"end":{"line":59,"column":76}},"22":{"start":{"line":61,"column":8},"end":{"line":61,"column":21}},"23":{"start":{"line":66,"column":9},"end":{"line":90,"column":4}},"24":{"start":{"line":73,"column":4},"end":{"line":75,"column":5}},"25":{"start":{"line":74,"column":6},"end":{"line":74,"column":21}},"26":{"start":{"line":77,"column":18},"end":{"line":77,"column":73}},"27":{"start":{"line":79,"column":4},"end":{"line":89,"column":6}},"28":{"start":{"line":82,"column":10},"end":{"line":85,"column":null}},"29":{"start":{"line":92,"column":10},"end":{"line":103,"column":4}},"30":{"start":{"line":93,"column":30},"end":{"line":93,"column":44}},"31":{"start":{"line":95,"column":4},"end":{"line":97,"column":5}},"32":{"start":{"line":96,"column":6},"end":{"line":96,"column":41}},"33":{"start":{"line":99,"column":4},"end":{"line":102,"column":12}},"34":{"start":{"line":100,"column":6},"end":{"line":100,"column":42}},"35":{"start":{"line":101,"column":6},"end":{"line":101,"column":29}},"36":{"start":{"line":5,"column":0},"end":{"line":5,"column":13}}},"fnMap":{"0":{"name":"(anonymous_1)","decl":{"start":{"line":11,"column":2},"end":{"line":11,"column":null}},"loc":{"start":{"line":11,"column":2},"end":{"line":12,"column":3}}},"1":{"name":"(anonymous_2)","decl":{"start":{"line":14,"column":24},"end":{"line":14,"column":25}},"loc":{"start":{"line":14,"column":51},"end":{"line":16,"column":3}}},"2":{"name":"(anonymous_3)","decl":{"start":{"line":18,"column":24},"end":{"line":18,"column":27}},"loc":{"start":{"line":18,"column":29},"end":{"line":37,"column":3}}},"3":{"name":"(anonymous_4)","decl":{"start":{"line":39,"column":23},"end":{"line":39,"column":24}},"loc":{"start":{"line":39,"column":50},"end":{"line":64,"column":3}}},"4":{"name":"(anonymous_5)","decl":{"start":{"line":46,"column":23},"end":{"line":46,"column":24}},"loc":{"start":{"line":46,"column":31},"end":{"line":63,"column":5}}},"5":{"name":"(anonymous_6)","decl":{"start":{"line":47,"column":46},"end":{"line":47,"column":47}},"loc":{"start":{"line":47,"column":57},"end":{"line":62,"column":7}}},"6":{"name":"(anonymous_7)","decl":{"start":{"line":66,"column":22},"end":{"line":66,"column":null}},"loc":{"start":{"line":72,"column":23},"end":{"line":90,"column":3}}},"7":{"name":"(anonymous_8)","decl":{"start":{"line":81,"column":19},"end":{"line":81,"column":20}},"loc":{"start":{"line":82,"column":10},"end":{"line":85,"column":null}}},"8":{"name":"(anonymous_9)","decl":{"start":{"line":92,"column":31},"end":{"line":92,"column":32}},"loc":{"start":{"line":92,"column":74},"end":{"line":103,"column":3}}},"9":{"name":"(anonymous_10)","decl":{"start":{"line":99,"column":38},"end":{"line":99,"column":41}},"loc":{"start":{"line":99,"column":43},"end":{"line":102,"column":5}}}},"branchMap":{"0":{"loc":{"start":{"line":19,"column":4},"end":{"line":21,"column":5}},"type":"if","locations":[{"start":{"line":19,"column":4},"end":{"line":21,"column":5}},{"start":{},"end":{}}]},"1":{"loc":{"start":{"line":19,"column":9},"end":{"line":19,"column":41}},"type":"cond-expr","locations":[{"start":{"line":19,"column":29},"end":{"line":19,"column":31}},{"start":{"line":19,"column":29},"end":{"line":19,"column":41}}]},"2":{"loc":{"start":{"line":19,"column":9},"end":{"line":19,"column":31}},"type":"binary-expr","locations":[{"start":{"line":19,"column":9},"end":{"line":19,"column":31}},{"start":{"line":19,"column":29},"end":{"line":19,"column":31}}]},"3":{"loc":{"start":{"line":26,"column":23},"end":{"line":26,"column":76}},"type":"binary-expr","locations":[{"start":{"line":26,"column":23},"end":{"line":26,"column":61}},{"start":{"line":26,"column":65},"end":{"line":26,"column":76}}]},"4":{"loc":{"start":{"line":40,"column":4},"end":{"line":42,"column":5}},"type":"if","locations":[{"start":{"line":40,"column":4},"end":{"line":42,"column":5}},{"start":{},"end":{}}]},"5":{"loc":{"start":{"line":40,"column":8},"end":{"line":40,"column":55}},"type":"binary-expr","locations":[{"start":{"line":40,"column":8},"end":{"line":40,"column":24}},{"start":{"line":40,"column":28},"end":{"line":40,"column":55}}]},"6":{"loc":{"start":{"line":49,"column":8},"end":{"line":51,"column":9}},"type":"if","locations":[{"start":{"line":49,"column":8},"end":{"line":51,"column":9}},{"start":{},"end":{}}]},"7":{"loc":{"start":{"line":57,"column":8},"end":{"line":60,"column":9}},"type":"if","locations":[{"start":{"line":57,"column":8},"end":{"line":60,"column":9}},{"start":{},"end":{}}]},"8":{"loc":{"start":{"line":57,"column":12},"end":{"line":57,"column":81}},"type":"binary-expr","locations":[{"start":{"line":57,"column":12},"end":{"line":57,"column":47}},{"start":{"line":57,"column":51},"end":{"line":57,"column":81}}]},"9":{"loc":{"start":{"line":59,"column":17},"end":{"line":59,"column":75}},"type":"cond-expr","locations":[{"start":{"line":59,"column":22},"end":{"line":59,"column":24}},{"start":{"line":59,"column":17},"end":{"line":59,"column":75}}]},"10":{"loc":{"start":{"line":59,"column":17},"end":{"line":59,"column":24}},"type":"binary-expr","locations":[{"start":{"line":59,"column":17},"end":{"line":59,"column":24}},{"start":{"line":59,"column":17},"end":{"line":59,"column":24}}]},"11":{"loc":{"start":{"line":73,"column":4},"end":{"line":75,"column":5}},"type":"if","locations":[{"start":{"line":73,"column":4},"end":{"line":75,"column":5}},{"start":{},"end":{}}]},"12":{"loc":{"start":{"line":73,"column":8},"end":{"line":73,"column":55}},"type":"binary-expr","locations":[{"start":{"line":73,"column":8},"end":{"line":73,"column":24}},{"start":{"line":73,"column":28},"end":{"line":73,"column":55}}]},"13":{"loc":{"start":{"line":82,"column":10},"end":{"line":85,"column":null}},"type":"cond-expr","locations":[{"start":{"line":83,"column":12},"end":{"line":83,"column":43}},{"start":{"line":85,"column":12},"end":{"line":85,"column":16}}]},"14":{"loc":{"start":{"line":95,"column":4},"end":{"line":97,"column":5}},"type":"if","locations":[{"start":{"line":95,"column":4},"end":{"line":97,"column":5}},{"start":{},"end":{}}]}},"s":{"0":1,"1":0,"2":0,"3":0,"4":0,"5":0,"6":0,"7":0,"8":0,"9":0,"10":0,"11":0,"12":0,"13":0,"14":0,"15":0,"16":0,"17":0,"18":0,"19":0,"20":0,"21":0,"22":0,"23":0,"24":0,"25":0,"26":0,"27":0,"28":0,"29":0,"30":0,"31":0,"32":0,"33":0,"34":0,"35":0,"36":1},"f":{"0":0,"1":0,"2":0,"3":0,"4":0,"5":0,"6":0,"7":0,"8":0,"9":0},"b":{"0":[0,0],"1":[0,0],"2":[0,0],"3":[0,0],"4":[0,0],"5":[0,0],"6":[0,0],"7":[0,0],"8":[0,0],"9":[0,0],"10":[0,0],"11":[0,0],"12":[0,0],"13":[0,0],"14":[0,0]}}
,"D:\\work\\nyingi\\code\\systems\\jattac-web-libs\\Jattac.Libs.Web.ResponsiveTable\\src\\Plugins\\SelectionPlugin.ts": {"path":"D:\\work\\nyingi\\code\\systems\\jattac-web-libs\\Jattac.Libs.Web.ResponsiveTable\\src\\Plugins\\SelectionPlugin.ts","statementMap":{"0":{"start":{"line":3,"column":0},"end":{"line":3,"column":58}},"1":{"start":{"line":6,"column":9},"end":{"line":6,"column":26}},"2":{"start":{"line":10,"column":10},"end":{"line":10,"column":59}},"3":{"start":{"line":14,"column":9},"end":{"line":24,"column":4}},"4":{"start":{"line":15,"column":4},"end":{"line":15,"column":19}},"5":{"start":{"line":17,"column":4},"end":{"line":23,"column":5}},"6":{"start":{"line":18,"column":42},"end":{"line":18,"column":65}},"7":{"start":{"line":19,"column":6},"end":{"line":22,"column":7}},"8":{"start":{"line":20,"column":27},"end":{"line":20,"column":87}},"9":{"start":{"line":20,"column":53},"end":{"line":20,"column":86}},"10":{"start":{"line":21,"column":8},"end":{"line":21,"column":55}},"11":{"start":{"line":26,"column":10},"end":{"line":29,"column":4}},"12":{"start":{"line":27,"column":25},"end":{"line":27,"column":49}},"13":{"start":{"line":28,"column":4},"end":{"line":28,"column":44}},"14":{"start":{"line":31,"column":10},"end":{"line":33,"column":4}},"15":{"start":{"line":32,"column":4},"end":{"line":32,"column":64}},"16":{"start":{"line":35,"column":10},"end":{"line":41,"column":4}},"17":{"start":{"line":36,"column":4},"end":{"line":39,"column":5}},"18":{"start":{"line":37,"column":42},"end":{"line":37,"column":66}},"19":{"start":{"line":38,"column":6},"end":{"line":38,"column":90}},"20":{"start":{"line":38,"column":48},"end":{"line":38,"column":81}},"21":{"start":{"line":40,"column":4},"end":{"line":40,"column":36}},"22":{"start":{"line":43,"column":10},"end":{"line":77,"column":4}},"23":{"start":{"line":44,"column":63},"end":{"line":44,"column":87}},"24":{"start":{"line":45,"column":31},"end":{"line":45,"column":52}},"25":{"start":{"line":46,"column":27},"end":{"line":46,"column":54}},"26":{"start":{"line":47,"column":18},"end":{"line":47,"column":36}},"27":{"start":{"line":49,"column":4},"end":{"line":62,"column":5}},"28":{"start":{"line":50,"column":6},"end":{"line":55,"column":7}},"29":{"start":{"line":51,"column":8},"end":{"line":51,"column":31}},"30":{"start":{"line":53,"column":8},"end":{"line":53,"column":31}},"31":{"start":{"line":54,"column":8},"end":{"line":54,"column":34}},"32":{"start":{"line":57,"column":6},"end":{"line":61,"column":7}},"33":{"start":{"line":58,"column":8},"end":{"line":58,"column":37}},"34":{"start":{"line":60,"column":8},"end":{"line":60,"column":34}},"35":{"start":{"line":64,"column":4},"end":{"line":66,"column":5}},"36":{"start":{"line":65,"column":6},"end":{"line":65,"column":48}},"37":{"start":{"line":68,"column":20},"end":{"line":68,"column":38}},"38":{"start":{"line":69,"column":26},"end":{"line":69,"column":103}},"39":{"start":{"line":69,"column":49},"end":{"line":69,"column":102}},"40":{"start":{"line":71,"column":4},"end":{"line":71,"column":37}},"41":{"start":{"line":74,"column":4},"end":{"line":76,"column":5}},"42":{"start":{"line":75,"column":6},"end":{"line":75,"column":29}},"43":{"start":{"line":79,"column":9},"end":{"line":95,"column":4}},"44":{"start":{"line":80,"column":37},"end":{"line":80,"column":66}},"45":{"start":{"line":81,"column":24},"end":{"line":81,"column":45}},"46":{"start":{"line":82,"column":18},"end":{"line":82,"column":36}},"47":{"start":{"line":83,"column":23},"end":{"line":83,"column":45}},"48":{"start":{"line":85,"column":30},"end":{"line":88,"column":31}},"49":{"start":{"line":90,"column":4},"end":{"line":94,"column":6}},"50":{"start":{"line":92,"column":21},"end":{"line":92,"column":45}},"51":{"start":{"line":5,"column":0},"end":{"line":5,"column":13}}},"fnMap":{"0":{"name":"(anonymous_1)","decl":{"start":{"line":12,"column":2},"end":{"line":12,"column":17}},"loc":{"start":{"line":12,"column":2},"end":{"line":12,"column":18}}},"1":{"name":"(anonymous_2)","decl":{"start":{"line":14,"column":24},"end":{"line":14,"column":25}},"loc":{"start":{"line":14,"column":51},"end":{"line":24,"column":3}}},"2":{"name":"(anonymous_3)","decl":{"start":{"line":20,"column":45},"end":{"line":20,"column":49}},"loc":{"start":{"line":20,"column":53},"end":{"line":20,"column":86}}},"3":{"name":"(anonymous_4)","decl":{"start":{"line":26,"column":21},"end":{"line":26,"column":22}},"loc":{"start":{"line":26,"column":53},"end":{"line":29,"column":3}}},"4":{"name":"(anonymous_5)","decl":{"start":{"line":31,"column":25},"end":{"line":31,"column":37}},"loc":{"start":{"line":31,"column":39},"end":{"line":33,"column":3}}},"5":{"name":"(anonymous_6)","decl":{"start":{"line":35,"column":27},"end":{"line":35,"column":52}},"loc":{"start":{"line":35,"column":54},"end":{"line":41,"column":3}}},"6":{"name":"(anonymous_7)","decl":{"start":{"line":38,"column":40},"end":{"line":38,"column":44}},"loc":{"start":{"line":38,"column":48},"end":{"line":38,"column":81}}},"7":{"name":"(anonymous_8)","decl":{"start":{"line":43,"column":27},"end":{"line":43,"column":28}},"loc":{"start":{"line":43,"column":42},"end":{"line":77,"column":3}}},"8":{"name":"(anonymous_9)","decl":{"start":{"line":69,"column":41},"end":{"line":69,"column":45}},"loc":{"start":{"line":69,"column":49},"end":{"line":69,"column":102}}},"9":{"name":"(anonymous_10)","decl":{"start":{"line":79,"column":23},"end":{"line":79,"column":24}},"loc":{"start":{"line":79,"column":81},"end":{"line":95,"column":3}}},"10":{"name":"(anonymous_11)","decl":{"start":{"line":92,"column":15},"end":{"line":92,"column":18}},"loc":{"start":{"line":92,"column":21},"end":{"line":92,"column":45}}}},"branchMap":{"0":{"loc":{"start":{"line":17,"column":4},"end":{"line":23,"column":5}},"type":"if","locations":[{"start":{"line":17,"column":4},"end":{"line":23,"column":5}},{"start":{},"end":{}}]},"1":{"loc":{"start":{"line":17,"column":8},"end":{"line":17,"column":85}},"type":"binary-expr","locations":[{"start":{"line":17,"column":8},"end":{"line":17,"column":46}},{"start":{"line":17,"column":50},"end":{"line":17,"column":85}}]},"2":{"loc":{"start":{"line":17,"column":8},"end":{"line":17,"column":46}},"type":"cond-expr","locations":[{"start":{"line":17,"column":31},"end":{"line":17,"column":33}},{"start":{"line":17,"column":31},"end":{"line":17,"column":46}}]},"3":{"loc":{"start":{"line":17,"column":8},"end":{"line":17,"column":33}},"type":"binary-expr","locations":[{"start":{"line":17,"column":8},"end":{"line":17,"column":33}},{"start":{"line":17,"column":31},"end":{"line":17,"column":33}}]},"4":{"loc":{"start":{"line":19,"column":6},"end":{"line":22,"column":7}},"type":"if","locations":[{"start":{"line":19,"column":6},"end":{"line":22,"column":7}},{"start":{},"end":{}}]},"5":{"loc":{"start":{"line":19,"column":10},"end":{"line":19,"column":35}},"type":"binary-expr","locations":[{"start":{"line":19,"column":10},"end":{"line":19,"column":23}},{"start":{"line":19,"column":27},"end":{"line":19,"column":35}}]},"6":{"loc":{"start":{"line":32,"column":11},"end":{"line":32,"column":49}},"type":"cond-expr","locations":[{"start":{"line":32,"column":34},"end":{"line":32,"column":36}},{"start":{"line":32,"column":34},"end":{"line":32,"column":49}}]},"7":{"loc":{"start":{"line":32,"column":11},"end":{"line":32,"column":36}},"type":"binary-expr","locations":[{"start":{"line":32,"column":11},"end":{"line":32,"column":36}},{"start":{"line":32,"column":34},"end":{"line":32,"column":36}}]},"8":{"loc":{"start":{"line":36,"column":4},"end":{"line":39,"column":5}},"type":"if","locations":[{"start":{"line":36,"column":4},"end":{"line":39,"column":5}},{"start":{},"end":{}}]},"9":{"loc":{"start":{"line":38,"column":21},"end":{"line":38,"column":88}},"type":"binary-expr","locations":[{"start":{"line":38,"column":21},"end":{"line":38,"column":82}},{"start":{"line":38,"column":86},"end":{"line":38,"column":88}}]},"10":{"loc":{"start":{"line":38,"column":21},"end":{"line":38,"column":82}},"type":"cond-expr","locations":[{"start":{"line":38,"column":34},"end":{"line":38,"column":36}},{"start":{"line":38,"column":21},"end":{"line":38,"column":82}}]},"11":{"loc":{"start":{"line":38,"column":21},"end":{"line":38,"column":36}},"type":"binary-expr","locations":[{"start":{"line":38,"column":21},"end":{"line":38,"column":36}},{"start":{"line":38,"column":21},"end":{"line":38,"column":36}}]},"12":{"loc":{"start":{"line":44,"column":31},"end":{"line":44,"column":48}},"type":"default-arg","locations":[{"start":{"line":44,"column":38},"end":{"line":44,"column":48}}]},"13":{"loc":{"start":{"line":49,"column":4},"end":{"line":62,"column":5}},"type":"if","locations":[{"start":{"line":49,"column":4},"end":{"line":62,"column":5}},{"start":{"line":56,"column":11},"end":{"line":62,"column":5}}]},"14":{"loc":{"start":{"line":50,"column":6},"end":{"line":55,"column":7}},"type":"if","locations":[{"start":{"line":50,"column":6},"end":{"line":55,"column":7}},{"start":{"line":52,"column":13},"end":{"line":55,"column":7}}]},"15":{"loc":{"start":{"line":57,"column":6},"end":{"line":61,"column":7}},"type":"if","locations":[{"start":{"line":57,"column":6},"end":{"line":61,"column":7}},{"start":{"line":59,"column":13},"end":{"line":61,"column":7}}]},"16":{"loc":{"start":{"line":64,"column":4},"end":{"line":66,"column":5}},"type":"if","locations":[{"start":{"line":64,"column":4},"end":{"line":66,"column":5}},{"start":{},"end":{}}]},"17":{"loc":{"start":{"line":74,"column":4},"end":{"line":76,"column":5}},"type":"if","locations":[{"start":{"line":74,"column":4},"end":{"line":76,"column":5}},{"start":{},"end":{}}]},"18":{"loc":{"start":{"line":80,"column":37},"end":{"line":80,"column":66}},"type":"binary-expr","locations":[{"start":{"line":80,"column":37},"end":{"line":80,"column":60}},{"start":{"line":80,"column":64},"end":{"line":80,"column":66}}]},"19":{"loc":{"start":{"line":86,"column":6},"end":{"line":86,"column":42}},"type":"cond-expr","locations":[{"start":{"line":86,"column":19},"end":{"line":86,"column":37}},{"start":{"line":86,"column":40},"end":{"line":86,"column":42}}]},"20":{"loc":{"start":{"line":87,"column":6},"end":{"line":87,"column":44}},"type":"cond-expr","locations":[{"start":{"line":87,"column":19},"end":{"line":87,"column":39}},{"start":{"line":87,"column":42},"end":{"line":87,"column":44}}]}},"s":{"0":1,"1":0,"2":0,"3":0,"4":0,"5":0,"6":0,"7":0,"8":0,"9":0,"10":0,"11":0,"12":0,"13":0,"14":0,"15":0,"16":0,"17":0,"18":0,"19":0,"20":0,"21":0,"22":0,"23":0,"24":0,"25":0,"26":0,"27":0,"28":0,"29":0,"30":0,"31":0,"32":0,"33":0,"34":0,"35":0,"36":0,"37":0,"38":0,"39":0,"40":0,"41":0,"42":0,"43":0,"44":0,"45":0,"46":0,"47":0,"48":0,"49":0,"50":0,"51":1},"f":{"0":0,"1":0,"2":0,"3":0,"4":0,"5":0,"6":0,"7":0,"8":0,"9":0,"10":0},"b":{"0":[0,0],"1":[0,0],"2":[0,0],"3":[0,0],"4":[0,0],"5":[0,0],"6":[0,0],"7":[0,0],"8":[0,0],"9":[0,0],"10":[0,0],"11":[0,0],"12":[0],"13":[0,0],"14":[0,0],"15":[0,0],"16":[0,0],"17":[0,0],"18":[0,0],"19":[0,0],"20":[0,0]}}
,"D:\\work\\nyingi\\code\\systems\\jattac-web-libs\\Jattac.Libs.Web.ResponsiveTable\\src\\Plugins\\SortPlugin.ts": {"path":"D:\\work\\nyingi\\code\\systems\\jattac-web-libs\\Jattac.Libs.Web.ResponsiveTable\\src\\Plugins\\SortPlugin.ts","statementMap":{"0":{"start":{"line":6,"column":28},"end":{"line":38,"column":2}},"1":{"start":{"line":6,"column":42},"end":{"line":38,"column":2}},"2":{"start":{"line":7,"column":33},"end":{"line":18,"column":3}},"3":{"start":{"line":8,"column":17},"end":{"line":8,"column":43}},"4":{"start":{"line":9,"column":17},"end":{"line":9,"column":43}},"5":{"start":{"line":10,"column":19},"end":{"line":10,"column":30}},"6":{"start":{"line":11,"column":19},"end":{"line":11,"column":30}},"7":{"start":{"line":13,"column":4},"end":{"line":13,"column":35}},"8":{"start":{"line":13,"column":26},"end":{"line":13,"column":35}},"9":{"start":{"line":14,"column":4},"end":{"line":14,"column":25}},"10":{"start":{"line":14,"column":16},"end":{"line":14,"column":25}},"11":{"start":{"line":15,"column":4},"end":{"line":15,"column":26}},"12":{"start":{"line":15,"column":16},"end":{"line":15,"column":26}},"13":{"start":{"line":17,"column":4},"end":{"line":17,"column":59}},"14":{"start":{"line":19,"column":47},"end":{"line":25,"column":3}},"15":{"start":{"line":20,"column":17},"end":{"line":20,"column":51}},"16":{"start":{"line":21,"column":17},"end":{"line":21,"column":51}},"17":{"start":{"line":22,"column":4},"end":{"line":22,"column":57}},"18":{"start":{"line":22,"column":21},"end":{"line":22,"column":57}},"19":{"start":{"line":23,"column":4},"end":{"line":23,"column":57}},"20":{"start":{"line":23,"column":21},"end":{"line":23,"column":57}},"21":{"start":{"line":24,"column":4},"end":{"line":24,"column":13}},"22":{"start":{"line":26,"column":30},"end":{"line":37,"column":3}},"23":{"start":{"line":27,"column":18},"end":{"line":27,"column":52}},"24":{"start":{"line":28,"column":18},"end":{"line":28,"column":52}},"25":{"start":{"line":29,"column":19},"end":{"line":29,"column":31}},"26":{"start":{"line":30,"column":19},"end":{"line":30,"column":31}},"27":{"start":{"line":32,"column":4},"end":{"line":32,"column":35}},"28":{"start":{"line":32,"column":26},"end":{"line":32,"column":35}},"29":{"start":{"line":33,"column":4},"end":{"line":33,"column":25}},"30":{"start":{"line":33,"column":16},"end":{"line":33,"column":25}},"31":{"start":{"line":34,"column":4},"end":{"line":34,"column":26}},"32":{"start":{"line":34,"column":16},"end":{"line":34,"column":26}},"33":{"start":{"line":36,"column":4},"end":{"line":36,"column":63}},"34":{"start":{"line":46,"column":9},"end":{"line":46,"column":21}},"35":{"start":{"line":51,"column":18},"end":{"line":51,"column":59}},"36":{"start":{"line":58,"column":9},"end":{"line":60,"column":4}},"37":{"start":{"line":59,"column":4},"end":{"line":59,"column":19}},"38":{"start":{"line":62,"column":9},"end":{"line":107,"column":4}},"39":{"start":{"line":63,"column":4},"end":{"line":65,"column":5}},"40":{"start":{"line":64,"column":6},"end":{"line":64,"column":18}},"41":{"start":{"line":67,"column":22},"end":{"line":68,"column":null}},"42":{"start":{"line":68,"column":16},"end":{"line":68,"column":75}},"43":{"start":{"line":71,"column":4},"end":{"line":73,"column":5}},"44":{"start":{"line":72,"column":6},"end":{"line":72,"column":18}},"45":{"start":{"line":75,"column":23},"end":{"line":104,"column":6}},"46":{"start":{"line":76,"column":6},"end":{"line":83,"column":7}},"47":{"start":{"line":77,"column":8},"end":{"line":81,"column":9}},"48":{"start":{"line":78,"column":10},"end":{"line":80,"column":12}},"49":{"start":{"line":82,"column":8},"end":{"line":82,"column":65}},"50":{"start":{"line":85,"column":6},"end":{"line":91,"column":7}},"51":{"start":{"line":86,"column":23},"end":{"line":86,"column":52}},"52":{"start":{"line":87,"column":23},"end":{"line":87,"column":52}},"53":{"start":{"line":88,"column":8},"end":{"line":88,"column":74}},"54":{"start":{"line":88,"column":29},"end":{"line":88,"column":74}},"55":{"start":{"line":89,"column":8},"end":{"line":89,"column":74}},"56":{"start":{"line":89,"column":29},"end":{"line":89,"column":74}},"57":{"start":{"line":90,"column":8},"end":{"line":90,"column":17}},"58":{"start":{"line":94,"column":6},"end":{"line":101,"column":7}},"59":{"start":{"line":95,"column":20},"end":{"line":95,"column":52}},"60":{"start":{"line":96,"column":23},"end":{"line":96,"column":29}},"61":{"start":{"line":97,"column":23},"end":{"line":97,"column":29}},"62":{"start":{"line":98,"column":8},"end":{"line":98,"column":74}},"63":{"start":{"line":98,"column":29},"end":{"line":98,"column":74}},"64":{"start":{"line":99,"column":8},"end":{"line":99,"column":74}},"65":{"start":{"line":99,"column":29},"end":{"line":99,"column":74}},"66":{"start":{"line":100,"column":8},"end":{"line":100,"column":17}},"67":{"start":{"line":103,"column":6},"end":{"line":103,"column":15}},"68":{"start":{"line":106,"column":4},"end":{"line":106,"column":22}},"69":{"start":{"line":109,"column":9},"end":{"line":152,"column":4}},"70":{"start":{"line":110,"column":25},"end":{"line":110,"column":34}},"71":{"start":{"line":111,"column":23},"end":{"line":111,"column":149}},"72":{"start":{"line":114,"column":4},"end":{"line":116,"column":5}},"73":{"start":{"line":115,"column":6},"end":{"line":115,"column":16}},"74":{"start":{"line":118,"column":26},"end":{"line":140,"column":5}},"75":{"start":{"line":119,"column":21},"end":{"line":119,"column":44}},"76":{"start":{"line":120,"column":6},"end":{"line":120,"column":65}},"77":{"start":{"line":122,"column":6},"end":{"line":125,"column":7}},"78":{"start":{"line":123,"column":8},"end":{"line":123,"column":79}},"79":{"start":{"line":124,"column":8},"end":{"line":124,"column":15}},"80":{"start":{"line":127,"column":6},"end":{"line":127,"column":88}},"81":{"start":{"line":128,"column":6},"end":{"line":138,"column":7}},"82":{"start":{"line":129,"column":8},"end":{"line":134,"column":9}},"83":{"start":{"line":130,"column":10},"end":{"line":130,"column":33}},"84":{"start":{"line":131,"column":10},"end":{"line":131,"column":36}},"85":{"start":{"line":133,"column":10},"end":{"line":133,"column":38}},"86":{"start":{"line":136,"column":8},"end":{"line":136,"column":35}},"87":{"start":{"line":137,"column":8},"end":{"line":137,"column":35}},"88":{"start":{"line":139,"column":6},"end":{"line":139,"column":29}},"89":{"start":{"line":142,"column":24},"end":{"line":142,"column":34}},"90":{"start":{"line":143,"column":4},"end":{"line":145,"column":5}},"91":{"start":{"line":144,"column":6},"end":{"line":144,"column":53}},"92":{"start":{"line":147,"column":4},"end":{"line":151,"column":6}},"93":{"start":{"line":54,"column":4},"end":{"line":54,"column":57}},"94":{"start":{"line":55,"column":4},"end":{"line":55,"column":63}},"95":{"start":{"line":45,"column":0},"end":{"line":45,"column":13}}},"fnMap":{"0":{"name":"(anonymous_0)","decl":{"start":{"line":6,"column":28},"end":{"line":6,"column":38}},"loc":{"start":{"line":6,"column":42},"end":{"line":38,"column":2}}},"1":{"name":"(anonymous_1)","decl":{"start":{"line":7,"column":11},"end":{"line":7,"column":12}},"loc":{"start":{"line":7,"column":33},"end":{"line":18,"column":3}}},"2":{"name":"(anonymous_2)","decl":{"start":{"line":7,"column":33},"end":{"line":7,"column":34}},"loc":{"start":{"line":7,"column":82},"end":{"line":18,"column":3}}},"3":{"name":"(anonymous_3)","decl":{"start":{"line":19,"column":25},"end":{"line":19,"column":26}},"loc":{"start":{"line":19,"column":47},"end":{"line":25,"column":3}}},"4":{"name":"(anonymous_4)","decl":{"start":{"line":19,"column":47},"end":{"line":19,"column":48}},"loc":{"start":{"line":19,"column":96},"end":{"line":25,"column":3}}},"5":{"name":"(anonymous_5)","decl":{"start":{"line":26,"column":8},"end":{"line":26,"column":9}},"loc":{"start":{"line":26,"column":30},"end":{"line":37,"column":3}}},"6":{"name":"(anonymous_6)","decl":{"start":{"line":26,"column":30},"end":{"line":26,"column":31}},"loc":{"start":{"line":26,"column":79},"end":{"line":37,"column":3}}},"7":{"name":"(anonymous_7)","decl":{"start":{"line":53,"column":2},"end":{"line":53,"column":14}},"loc":{"start":{"line":53,"column":42},"end":{"line":56,"column":3}}},"8":{"name":"(anonymous_8)","decl":{"start":{"line":58,"column":24},"end":{"line":58,"column":25}},"loc":{"start":{"line":58,"column":51},"end":{"line":60,"column":3}}},"9":{"name":"(anonymous_9)","decl":{"start":{"line":62,"column":23},"end":{"line":62,"column":24}},"loc":{"start":{"line":62,"column":50},"end":{"line":107,"column":3}}},"10":{"name":"(anonymous_10)","decl":{"start":{"line":68,"column":6},"end":{"line":68,"column":7}},"loc":{"start":{"line":68,"column":16},"end":{"line":68,"column":75}}},"11":{"name":"(anonymous_11)","decl":{"start":{"line":75,"column":38},"end":{"line":75,"column":39}},"loc":{"start":{"line":75,"column":47},"end":{"line":104,"column":5}}},"12":{"name":"(anonymous_12)","decl":{"start":{"line":109,"column":26},"end":{"line":109,"column":27}},"loc":{"start":{"line":109,"column":81},"end":{"line":152,"column":3}}},"13":{"name":"(anonymous_13)","decl":{"start":{"line":118,"column":26},"end":{"line":118,"column":27}},"loc":{"start":{"line":118,"column":63},"end":{"line":140,"column":5}}}},"branchMap":{"0":{"loc":{"start":{"line":13,"column":4},"end":{"line":13,"column":35}},"type":"if","locations":[{"start":{"line":13,"column":4},"end":{"line":13,"column":35}},{"start":{},"end":{}}]},"1":{"loc":{"start":{"line":13,"column":8},"end":{"line":13,"column":24}},"type":"binary-expr","locations":[{"start":{"line":13,"column":8},"end":{"line":13,"column":14}},{"start":{"line":13,"column":18},"end":{"line":13,"column":24}}]},"2":{"loc":{"start":{"line":14,"column":4},"end":{"line":14,"column":25}},"type":"if","locations":[{"start":{"line":14,"column":4},"end":{"line":14,"column":25}},{"start":{},"end":{}}]},"3":{"loc":{"start":{"line":15,"column":4},"end":{"line":15,"column":26}},"type":"if","locations":[{"start":{"line":15,"column":4},"end":{"line":15,"column":26}},{"start":{},"end":{}}]},"4":{"loc":{"start":{"line":17,"column":11},"end":{"line":17,"column":58}},"type":"cond-expr","locations":[{"start":{"line":17,"column":33},"end":{"line":17,"column":44}},{"start":{"line":17,"column":47},"end":{"line":17,"column":58}}]},"5":{"loc":{"start":{"line":20,"column":24},"end":{"line":20,"column":36}},"type":"cond-expr","locations":[{"start":{"line":20,"column":30},"end":{"line":20,"column":34}},{"start":{"line":20,"column":34},"end":{"line":20,"column":36}}]},"6":{"loc":{"start":{"line":20,"column":24},"end":{"line":20,"column":34}},"type":"binary-expr","locations":[{"start":{"line":20,"column":24},"end":{"line":20,"column":34}},{"start":{"line":20,"column":30},"end":{"line":20,"column":34}}]},"7":{"loc":{"start":{"line":21,"column":24},"end":{"line":21,"column":36}},"type":"cond-expr","locations":[{"start":{"line":21,"column":30},"end":{"line":21,"column":34}},{"start":{"line":21,"column":34},"end":{"line":21,"column":36}}]},"8":{"loc":{"start":{"line":21,"column":24},"end":{"line":21,"column":34}},"type":"binary-expr","locations":[{"start":{"line":21,"column":24},"end":{"line":21,"column":34}},{"start":{"line":21,"column":30},"end":{"line":21,"column":34}}]},"9":{"loc":{"start":{"line":22,"column":4},"end":{"line":22,"column":57}},"type":"if","locations":[{"start":{"line":22,"column":4},"end":{"line":22,"column":57}},{"start":{},"end":{}}]},"10":{"loc":{"start":{"line":22,"column":28},"end":{"line":22,"column":56}},"type":"cond-expr","locations":[{"start":{"line":22,"column":50},"end":{"line":22,"column":52}},{"start":{"line":22,"column":55},"end":{"line":22,"column":56}}]},"11":{"loc":{"start":{"line":23,"column":4},"end":{"line":23,"column":57}},"type":"if","locations":[{"start":{"line":23,"column":4},"end":{"line":23,"column":57}},{"start":{},"end":{}}]},"12":{"loc":{"start":{"line":23,"column":28},"end":{"line":23,"column":56}},"type":"cond-expr","locations":[{"start":{"line":23,"column":50},"end":{"line":23,"column":51}},{"start":{"line":23,"column":54},"end":{"line":23,"column":56}}]},"13":{"loc":{"start":{"line":32,"column":4},"end":{"line":32,"column":35}},"type":"if","locations":[{"start":{"line":32,"column":4},"end":{"line":32,"column":35}},{"start":{},"end":{}}]},"14":{"loc":{"start":{"line":32,"column":8},"end":{"line":32,"column":24}},"type":"binary-expr","locations":[{"start":{"line":32,"column":8},"end":{"line":32,"column":14}},{"start":{"line":32,"column":18},"end":{"line":32,"column":24}}]},"15":{"loc":{"start":{"line":33,"column":4},"end":{"line":33,"column":25}},"type":"if","locations":[{"start":{"line":33,"column":4},"end":{"line":33,"column":25}},{"start":{},"end":{}}]},"16":{"loc":{"start":{"line":34,"column":4},"end":{"line":34,"column":26}},"type":"if","locations":[{"start":{"line":34,"column":4},"end":{"line":34,"column":26}},{"start":{},"end":{}}]},"17":{"loc":{"start":{"line":36,"column":11},"end":{"line":36,"column":62}},"type":"cond-expr","locations":[{"start":{"line":36,"column":33},"end":{"line":36,"column":46}},{"start":{"line":36,"column":49},"end":{"line":36,"column":62}}]},"18":{"loc":{"start":{"line":63,"column":4},"end":{"line":65,"column":5}},"type":"if","locations":[{"start":{"line":63,"column":4},"end":{"line":65,"column":5}},{"start":{},"end":{}}]},"19":{"loc":{"start":{"line":63,"column":8},"end":{"line":63,"column":47}},"type":"binary-expr","locations":[{"start":{"line":63,"column":8},"end":{"line":63,"column":24}},{"start":{"line":63,"column":28},"end":{"line":63,"column":47}}]},"20":{"loc":{"start":{"line":68,"column":16},"end":{"line":68,"column":75}},"type":"binary-expr","locations":[{"start":{"line":68,"column":16},"end":{"line":68,"column":39}},{"start":{"line":68,"column":43},"end":{"line":68,"column":75}}]},"21":{"loc":{"start":{"line":71,"column":4},"end":{"line":73,"column":5}},"type":"if","locations":[{"start":{"line":71,"column":4},"end":{"line":73,"column":5}},{"start":{},"end":{}}]},"22":{"loc":{"start":{"line":76,"column":6},"end":{"line":83,"column":7}},"type":"if","locations":[{"start":{"line":76,"column":6},"end":{"line":83,"column":7}},{"start":{},"end":{}}]},"23":{"loc":{"start":{"line":76,"column":10},"end":{"line":76,"column":63}},"type":"binary-expr","locations":[{"start":{"line":76,"column":10},"end":{"line":76,"column":37}},{"start":{"line":76,"column":41},"end":{"line":76,"column":63}}]},"24":{"loc":{"start":{"line":77,"column":8},"end":{"line":81,"column":9}},"type":"if","locations":[{"start":{"line":77,"column":8},"end":{"line":81,"column":9}},{"start":{},"end":{}}]},"25":{"loc":{"start":{"line":85,"column":6},"end":{"line":91,"column":7}},"type":"if","locations":[{"start":{"line":85,"column":6},"end":{"line":91,"column":7}},{"start":{},"end":{}}]},"26":{"loc":{"start":{"line":85,"column":10},"end":{"line":85,"column":71}},"type":"binary-expr","locations":[{"start":{"line":85,"column":10},"end":{"line":85,"column":41}},{"start":{"line":85,"column":45},"end":{"line":85,"column":71}}]},"27":{"loc":{"start":{"line":88,"column":8},"end":{"line":88,"column":74}},"type":"if","locations":[{"start":{"line":88,"column":8},"end":{"line":88,"column":74}},{"start":{},"end":{}}]},"28":{"loc":{"start":{"line":88,"column":36},"end":{"line":88,"column":73}},"type":"cond-expr","locations":[{"start":{"line":88,"column":67},"end":{"line":88,"column":69}},{"start":{"line":88,"column":72},"end":{"line":88,"column":73}}]},"29":{"loc":{"start":{"line":89,"column":8},"end":{"line":89,"column":74}},"type":"if","locations":[{"start":{"line":89,"column":8},"end":{"line":89,"column":74}},{"start":{},"end":{}}]},"30":{"loc":{"start":{"line":89,"column":36},"end":{"line":89,"column":73}},"type":"cond-expr","locations":[{"start":{"line":89,"column":67},"end":{"line":89,"column":68}},{"start":{"line":89,"column":71},"end":{"line":89,"column":73}}]},"31":{"loc":{"start":{"line":94,"column":6},"end":{"line":101,"column":7}},"type":"if","locations":[{"start":{"line":94,"column":6},"end":{"line":101,"column":7}},{"start":{},"end":{}}]},"32":{"loc":{"start":{"line":94,"column":10},"end":{"line":94,"column":53}},"type":"binary-expr","locations":[{"start":{"line":94,"column":10},"end":{"line":94,"column":32}},{"start":{"line":94,"column":36},"end":{"line":94,"column":53}}]},"33":{"loc":{"start":{"line":98,"column":8},"end":{"line":98,"column":74}},"type":"if","locations":[{"start":{"line":98,"column":8},"end":{"line":98,"column":74}},{"start":{},"end":{}}]},"34":{"loc":{"start":{"line":98,"column":36},"end":{"line":98,"column":73}},"type":"cond-expr","locations":[{"start":{"line":98,"column":67},"end":{"line":98,"column":69}},{"start":{"line":98,"column":72},"end":{"line":98,"column":73}}]},"35":{"loc":{"start":{"line":99,"column":8},"end":{"line":99,"column":74}},"type":"if","locations":[{"start":{"line":99,"column":8},"end":{"line":99,"column":74}},{"start":{},"end":{}}]},"36":{"loc":{"start":{"line":99,"column":36},"end":{"line":99,"column":73}},"type":"cond-expr","locations":[{"start":{"line":99,"column":67},"end":{"line":99,"column":68}},{"start":{"line":99,"column":71},"end":{"line":99,"column":73}}]},"37":{"loc":{"start":{"line":111,"column":23},"end":{"line":111,"column":149}},"type":"binary-expr","locations":[{"start":{"line":111,"column":24},"end":{"line":111,"column":51}},{"start":{"line":111,"column":55},"end":{"line":111,"column":79}},{"start":{"line":111,"column":85},"end":{"line":111,"column":116}},{"start":{"line":111,"column":120},"end":{"line":111,"column":148}}]},"38":{"loc":{"start":{"line":114,"column":4},"end":{"line":116,"column":5}},"type":"if","locations":[{"start":{"line":114,"column":4},"end":{"line":116,"column":5}},{"start":{},"end":{}}]},"39":{"loc":{"start":{"line":114,"column":8},"end":{"line":114,"column":32}},"type":"binary-expr","locations":[{"start":{"line":114,"column":8},"end":{"line":114,"column":19}},{"start":{"line":114,"column":23},"end":{"line":114,"column":32}}]},"40":{"loc":{"start":{"line":122,"column":6},"end":{"line":125,"column":7}},"type":"if","locations":[{"start":{"line":122,"column":6},"end":{"line":125,"column":7}},{"start":{},"end":{}}]},"41":{"loc":{"start":{"line":128,"column":6},"end":{"line":138,"column":7}},"type":"if","locations":[{"start":{"line":128,"column":6},"end":{"line":138,"column":7}},{"start":{"line":135,"column":13},"end":{"line":138,"column":7}}]},"42":{"loc":{"start":{"line":129,"column":8},"end":{"line":134,"column":9}},"type":"if","locations":[{"start":{"line":129,"column":8},"end":{"line":134,"column":9}},{"start":{"line":132,"column":15},"end":{"line":134,"column":9}}]},"43":{"loc":{"start":{"line":143,"column":4},"end":{"line":145,"column":5}},"type":"if","locations":[{"start":{"line":143,"column":4},"end":{"line":145,"column":5
[...]
locations":[{"start":{"line":223,"column":20},"end":{"line":225,"column":21}},{"start":{},"end":{}}]},"15":{"loc":{"start":{"line":231,"column":65},"end":{"line":231,"column":84}},"type":"binary-expr","locations":[{"start":{"line":231,"column":65},"end":{"line":231,"column":78}},{"start":{"line":231,"column":82},"end":{"line":231,"column":84}}]},"16":{"loc":{"start":{"line":232,"column":24},"end":{"line":232,"column":null}},"type":"cond-expr","locations":[{"start":{"line":232,"column":42},"end":{"line":232,"column":68}},{"start":{"line":232,"column":71},"end":{"line":232,"column":null}}]},"17":{"loc":{"start":{"line":236,"column":23},"end":{"line":236,"column":85}},"type":"binary-expr","locations":[{"start":{"line":236,"column":23},"end":{"line":236,"column":28}},{"start":{"line":236,"column":32},"end":{"line":236,"column":85}}]},"18":{"loc":{"start":{"line":250,"column":4},"end":{"line":252,"column":5}},"type":"if","locations":[{"start":{"line":250,"column":4},"end":{"line":252,"column":5}},{"start":{},"end":{}}]},"19":{"loc":{"start":{"line":255,"column":6},"end":{"line":260,"column":7}},"type":"if","locations":[{"start":{"line":255,"column":6},"end":{"line":260,"column":7}},{"start":{},"end":{}}]},"20":{"loc":{"start":{"line":256,"column":8},"end":{"line":258,"column":9}},"type":"if","locations":[{"start":{"line":256,"column":8},"end":{"line":258,"column":9}},{"start":{},"end":{}}]},"21":{"loc":{"start":{"line":256,"column":12},"end":{"line":256,"column":45}},"type":"binary-expr","locations":[{"start":{"line":256,"column":12},"end":{"line":256,"column":32}},{"start":{"line":256,"column":36},"end":{"line":256,"column":45}}]},"22":{"loc":{"start":{"line":266,"column":4},"end":{"line":268,"column":5}},"type":"if","locations":[{"start":{"line":266,"column":4},"end":{"line":268,"column":5}},{"start":{},"end":{}}]},"23":{"loc":{"start":{"line":271,"column":6},"end":{"line":273,"column":7}},"type":"if","locations":[{"start":{"line":271,"column":6},"end":{"line":273,"column":7}},{"start":{},"end":{}}]},"24":{"loc":{"start":{"line":278,"column":2},"end":{"line":280,"column":3}},"type":"if","locations":[{"start":{"line":278,"column":2},"end":{"line":280,"column":3}},{"start":{},"end":{}}]},"25":{"loc":{"start":{"line":282,"column":20},"end":{"line":282,"column":64}},"type":"binary-expr","locations":[{"start":{"line":282,"column":20},"end":{"line":282,"column":45}},{"start":{"line":282,"column":49},"end":{"line":282,"column":64}}]},"26":{"loc":{"start":{"line":282,"column":20},"end":{"line":282,"column":45}},"type":"cond-expr","locations":[{"start":{"line":282,"column":34},"end":{"line":282,"column":36}},{"start":{"line":282,"column":20},"end":{"line":282,"column":45}}]},"27":{"loc":{"start":{"line":282,"column":20},"end":{"line":282,"column":36}},"type":"binary-expr","locations":[{"start":{"line":282,"column":20},"end":{"line":282,"column":36}},{"start":{"line":282,"column":20},"end":{"line":282,"column":36}}]},"28":{"loc":{"start":{"line":284,"column":2},"end":{"line":286,"column":3}},"type":"if","locations":[{"start":{"line":284,"column":2},"end":{"line":286,"column":3}},{"start":{},"end":{}}]},"29":{"loc":{"start":{"line":284,"column":6},"end":{"line":284,"column":27}},"type":"binary-expr","locations":[{"start":{"line":284,"column":6},"end":{"line":284,"column":15}},{"start":{"line":284,"column":19},"end":{"line":284,"column":27}}]},"30":{"loc":{"start":{"line":300,"column":20},"end":{"line":308,"column":21}},"type":"cond-expr","locations":[{"start":{"line":300,"column":33},"end":{"line":308,"column":10}},{"start":{"line":308,"column":12},"end":{"line":308,"column":21}}]},"31":{"loc":{"start":{"line":302,"column":20},"end":{"line":302,"column":34}},"type":"binary-expr","locations":[{"start":{"line":302,"column":20},"end":{"line":302,"column":28}},{"start":{"line":302,"column":32},"end":{"line":302,"column":34}}]},"32":{"loc":{"start":{"line":316,"column":9},"end":{"line":316,"column":54}},"type":"binary-expr","locations":[{"start":{"line":316,"column":9},"end":{"line":316,"column":17}},{"start":{"line":316,"column":21},"end":{"line":316,"column":31}},{"start":{"line":316,"column":35},"end":{"line":316,"column":54}}]},"33":{"loc":{"start":{"line":317,"column":9},"end":{"line":318,"column":null}},"type":"binary-expr","locations":[{"start":{"line":317,"column":10},"end":{"line":317,"column":17}},{"start":{"line":317,"column":21},"end":{"line":317,"column":30}},{"start":{"line":317,"column":35},"end":{"line":317,"column":43}},{"start":{"line":318,"column":10},"end":{"line":318,"column":52}}]},"34":{"loc":{"start":{"line":320,"column":9},"end":{"line":328,"column":null}},"type":"binary-expr","locations":[{"start":{"line":320,"column":10},"end":{"line":320,"column":17}},{"start":{"line":320,"column":21},"end":{"line":320,"column":30}},{"start":{"line":320,"column":35},"end":{"line":320,"column":44}},{"start":{"line":321,"column":10},"end":{"line":327,"column":null}}]}},"s":{"0":1,"1":1,"2":1,"3":1,"4":1,"5":1,"6":1,"7":1,"8":1,"9":1,"10":16,"11":16,"12":16,"13":16,"14":16,"15":0,"16":16,"17":16,"18":16,"19":16,"20":16,"21":16,"22":0,"23":16,"24":16,"25":16,"26":16,"27":16,"28":16,"29":16,"30":16,"31":0,"32":0,"33":0,"34":0,"35":0,"36":0,"37":0,"38":0,"39":0,"40":0,"41":0,"42":0,"43":0,"44":0,"45":0,"46":16,"47":16,"48":0,"49":16,"50":0,"51":0,"52":0,"53":0,"54":0,"55":16,"56":8,"57":8,"58":0,"59":0,"60":0,"61":0,"62":16,"63":0,"64":16,"65":16,"66":0,"67":16,"68":1},"f":{"0":16,"1":0,"2":16,"3":0,"4":16,"5":16,"6":0,"7":0,"8":0,"9":0,"10":16,"11":0,"12":8,"13":0},"b":{"0":[0,16],"1":[16,0],"2":[16,16],"3":[0,0],"4":[0,16],"5":[0,16],"6":[16,0],"7":[16,16],"8":[16,0],"9":[16,0],"10":[0,0],"11":[0,0],"12":[0,0],"13":[0,0],"14":[0,0],"15":[0,0],"16":[0,0],"17":[0,0],"18":[0,16],"19":[0,0],"20":[0,0],"21":[0,0],"22":[8,0],"23":[0,0],"24":[0,16],"25":[16,16],"26":[16,0],"27":[16,16],"28":[0,16],"29":[16,0],"30":[0,16],"31":[0,0],"32":[16,0,0],"33":[16,0,16,8],"34":[16,0,16,8]}}
,"D:\\work\\nyingi\\code\\systems\\jattac-web-libs\\Jattac.Libs.Web.ResponsiveTable\\src\\UI\\SkeletonView.tsx": {"path":"D:\\work\\nyingi\\code\\systems\\jattac-web-libs\\Jattac.Libs.Web.ResponsiveTable\\src\\UI\\SkeletonView.tsx","statementMap":{"0":{"start":{"line":1,"column":0},"end":{"line":1,"column":26}},"1":{"start":{"line":2,"column":0},"end":{"line":2,"column":58}},"2":{"start":{"line":11,"column":42},"end":{"line":11,"column":47}},"3":{"start":{"line":12,"column":27},"end":{"line":12,"column":28}},"4":{"start":{"line":13,"column":22},"end":{"line":13,"column":46}},"5":{"start":{"line":15,"column":2},"end":{"line":27,"column":3}},"6":{"start":{"line":16,"column":4},"end":{"line":26,"column":6}},"7":{"start":{"line":19,"column":10},"end":{"line":22,"column":null}},"8":{"start":{"line":21,"column":14},"end":{"line":21,"column":120}},"9":{"start":{"line":29,"column":2},"end":{"line":52,"column":4}},"10":{"start":{"line":34,"column":12},"end":{"line":35,"column":null}},"11":{"start":{"line":42,"column":10},"end":{"line":47,"column":null}},"12":{"start":{"line":44,"column":14},"end":{"line":45,"column":null}},"13":{"start":{"line":55,"column":0},"end":{"line":55,"column":28}}},"fnMap":{"0":{"name":"SkeletonView","decl":{"start":{"line":10,"column":9},"end":{"line":10,"column":21}},"loc":{"start":{"line":10,"column":60},"end":{"line":53,"column":1}}},"1":{"name":"(anonymous_2)","decl":{"start":{"line":18,"column":42},"end":{"line":18,"column":43}},"loc":{"start":{"line":19,"column":10},"end":{"line":22,"column":null}}},"2":{"name":"(anonymous_3)","decl":{"start":{"line":20,"column":41},"end":{"line":20,"column":42}},"loc":{"start":{"line":21,"column":14},"end":{"line":21,"column":120}}},"3":{"name":"(anonymous_4)","decl":{"start":{"line":33,"column":39},"end":{"line":33,"column":40}},"loc":{"start":{"line":34,"column":12},"end":{"line":35,"column":null}}},"4":{"name":"(anonymous_5)","decl":{"start":{"line":41,"column":42},"end":{"line":41,"column":43}},"loc":{"start":{"line":42,"column":10},"end":{"line":47,"column":null}}},"5":{"name":"(anonymous_6)","decl":{"start":{"line":43,"column":41},"end":{"line":43,"column":42}},"loc":{"start":{"line":44,"column":14},"end":{"line":45,"column":null}}}},"branchMap":{"0":{"loc":{"start":{"line":15,"column":2},"end":{"line":27,"column":3}},"type":"if","locations":[{"start":{"line":15,"column":2},"end":{"line":27,"column":3}},{"start":{},"end":{}}]}},"s":{"0":1,"1":1,"2":0,"3":0,"4":0,"5":0,"6":0,"7":0,"8":0,"9":0,"10":0,"11":0,"12":0,"13":1},"f":{"0":0,"1":0,"2":0,"3":0,"4":0,"5":0},"b":{"0":[0,0]}}
,"D:\\work\\nyingi\\code\\systems\\jattac-web-libs\\Jattac.Libs.Web.ResponsiveTable\\src\\UI\\TableBodyCell.tsx": {"path":"D:\\work\\nyingi\\code\\systems\\jattac-web-libs\\Jattac.Libs.Web.ResponsiveTable\\src\\UI\\TableBodyCell.tsx","statementMap":{"0":{"start":{"line":10,"column":0},"end":{"line":10,"column":16}},"1":{"start":{"line":1,"column":0},"end":{"line":1,"column":26}},"2":{"start":{"line":2,"column":0},"end":{"line":2,"column":76}},"3":{"start":{"line":11,"column":46},"end":{"line":11,"column":51}},"4":{"start":{"line":12,"column":46},"end":{"line":12,"column":70}},"5":{"start":{"line":14,"column":17},"end":{"line":14,"column":64}},"6":{"start":{"line":15,"column":22},"end":{"line":15,"column":46}},"7":{"start":{"line":17,"column":2},"end":{"line":24,"column":4}}},"fnMap":{"0":{"name":"TableBodyCell","decl":{"start":{"line":10,"column":16},"end":{"line":10,"column":29}},"loc":{"start":{"line":10,"column":69},"end":{"line":25,"column":1}}}},"branchMap":{},"s":{"0":1,"1":1,"2":1,"3":20,"4":20,"5":20,"6":20,"7":20},"f":{"0":20},"b":{}}
,"D:\\work\\nyingi\\code\\systems\\jattac-web-libs\\Jattac.Libs.Web.ResponsiveTable\\src\\UI\\TableBodyRow.tsx": {"path":"D:\\work\\nyingi\\code\\systems\\jattac-web-libs\\Jattac.Libs.Web.ResponsiveTable\\src\\UI\\TableBodyRow.tsx","statementMap":{"0":{"start":{"line":44,"column":0},"end":{"line":44,"column":16}},"1":{"start":{"line":1,"column":0},"end":{"line":1,"column":26}},"2":{"start":{"line":2,"column":0},"end":{"line":2,"column":76}},"3":{"start":{"line":3,"column":0},"end":{"line":3,"column":58}},"4":{"start":{"line":4,"column":0},"end":{"line":4,"column":48}},"5":{"start":{"line":52,"column":6},"end":{"line":52,"column":11}},"6":{"start":{"line":54,"column":26},"end":{"line":54,"column":50}},"7":{"start":{"line":56,"column":19},"end":{"line":56,"column":35}},"8":{"start":{"line":57,"column":22},"end":{"line":57,"column":50}},"9":{"start":{"line":58,"column":24},"end":{"line":58,"column":40}},"10":{"start":{"line":60,"column":2},"end":{"line":98,"column":4}},"11":{"start":{"line":69,"column":23},"end":{"line":69,"column":46}},"12":{"start":{"line":70,"column":8},"end":{"line":72,"column":9}},"13":{"start":{"line":71,"column":11},"end":{"line":71,"column":68}},"14":{"start":{"line":76,"column":8},"end":{"line":78,"column":9}},"15":{"start":{"line":77,"column":10},"end":{"line":77,"column":17}},"16":{"start":{"line":80,"column":8},"end":{"line":82,"column":9}},"17":{"start":{"line":81,"column":10},"end":{"line":81,"column":27}},"18":{"start":{"line":83,"column":8},"end":{"line":85,"column":9}},"19":{"start":{"line":84,"column":10},"end":{"line":84,"column":26}},"20":{"start":{"line":89,"column":8},"end":{"line":94,"column":null}}},"fnMap":{"0":{"name":"TableBodyRow","decl":{"start":{"line":44,"column":16},"end":{"line":44,"column":28}},"loc":{"start":{"line":44,"column":67},"end":{"line":99,"column":1}}},"1":{"name":"(anonymous_2)","decl":{"start":{"line":65,"column":20},"end":{"line":65,"column":21}},"loc":{"start":{"line":65,"column":65},"end":{"line":73,"column":5}}},"2":{"name":"(anonymous_3)","decl":{"start":{"line":74,"column":13},"end":{"line":74,"column":14}},"loc":{"start":{"line":74,"column":58},"end":{"line":86,"column":7}}},"3":{"name":"(anonymous_4)","decl":{"start":{"line":88,"column":29},"end":{"line":88,"column":30}},"loc":{"start":{"line":89,"column":8},"end":{"line":94,"column":null}}}},"branchMap":{"0":{"loc":{"start":{"line":57,"column":22},"end":{"line":57,"column":50}},"type":"binary-expr","locations":[{"start":{"line":57,"column":22},"end":{"line":57,"column":32}},{"start":{"line":57,"column":36},"end":{"line":57,"column":50}}]},"1":{"loc":{"start":{"line":62,"column":20},"end":{"line":62,"column":58}},"type":"cond-expr","locations":[{"start":{"line":62,"column":34},"end":{"line":62,"column":53}},{"start":{"line":62,"column":56},"end":{"line":62,"column":58}}]},"2":{"loc":{"start":{"line":62,"column":62},"end":{"line":62,"column":117}},"type":"cond-expr","locations":[{"start":{"line":62,"column":94},"end":{"line":62,"column":112}},{"start":{"line":62,"column":115},"end":{"line":62,"column":117}}]},"3":{"loc":{"start":{"line":62,"column":62},"end":{"line":62,"column":91}},"type":"cond-expr","locations":[{"start":{"line":62,"column":76},"end":{"line":62,"column":78}},{"start":{"line":62,"column":62},"end":{"line":62,"column":91}}]},"4":{"loc":{"start":{"line":62,"column":62},"end":{"line":62,"column":78}},"type":"binary-expr","locations":[{"start":{"line":62,"column":62},"end":{"line":62,"column":78}},{"start":{"line":62,"column":62},"end":{"line":62,"column":78}}]},"5":{"loc":{"start":{"line":62,"column":121},"end":{"line":62,"column":145}},"type":"binary-expr","locations":[{"start":{"line":62,"column":121},"end":{"line":62,"column":139}},{"start":{"line":62,"column":143},"end":{"line":62,"column":145}}]},"6":{"loc":{"start":{"line":70,"column":8},"end":{"line":72,"column":9}},"type":"if","locations":[{"start":{"line":70,"column":8},"end":{"line":72,"column":9}},{"start":{},"end":{}}]},"7":{"loc":{"start":{"line":76,"column":8},"end":{"line":78,"column":9}},"type":"if","locations":[{"start":{"line":76,"column":8},"end":{"line":78,"column":9}},{"start":{},"end":{}}]},"8":{"loc":{"start":{"line":80,"column":8},"end":{"line":82,"column":9}},"type":"if","locations":[{"start":{"line":80,"column":8},"end":{"line":82,"column":9}},{"start":{},"end":{}}]},"9":{"loc":{"start":{"line":83,"column":8},"end":{"line":85,"column":9}},"type":"if","locations":[{"start":{"line":83,"column":8},"end":{"line":85,"column":9}},{"start":{},"end":{}}]}},"s":{"0":1,"1":1,"2":1,"3":1,"4":1,"5":8,"6":8,"7":8,"8":8,"9":8,"10":8,"11":0,"12":0,"13":0,"14":0,"15":0,"16":0,"17":0,"18":0,"19":0,"20":10},"f":{"0":8,"1":0,"2":0,"3":10},"b":{"0":[8,7],"1":[1,7],"2":[0,8],"3":[0,8],"4":[8,8],"5":[8,8],"6":[0,0],"7":[0,0],"8":[0,0],"9":[0,0]}}
,"D:\\work\\nyingi\\code\\systems\\jattac-web-libs\\Jattac.Libs.Web.ResponsiveTable\\src\\UI\\TableHeaderCell.tsx": {"path":"D:\\work\\nyingi\\code\\systems\\jattac-web-libs\\Jattac.Libs.Web.ResponsiveTable\\src\\UI\\TableHeaderCell.tsx","statementMap":{"0":{"start":{"line":10,"column":0},"end":{"line":10,"column":16}},"1":{"start":{"line":1,"column":0},"end":{"line":1,"column":26}},"2":{"start":{"line":2,"column":0},"end":{"line":2,"column":76}},"3":{"start":{"line":3,"column":0},"end":{"line":3,"column":58}},"4":{"start":{"line":11,"column":41},"end":{"line":11,"column":46}},"5":{"start":{"line":18,"column":6},"end":{"line":18,"column":30}},"6":{"start":{"line":20,"column":24},"end":{"line":20,"column":63}},"7":{"start":{"line":21,"column":20},"end":{"line":21,"column":60}},"8":{"start":{"line":22,"column":35},"end":{"line":24,"column":null}},"9":{"start":{"line":26,"column":22},"end":{"line":26,"column":54}},"10":{"start":{"line":28,"column":28},"end":{"line":28,"column":161}},"11":{"start":{"line":31,"column":44},"end":{"line":31,"column":55}},"12":{"start":{"line":31,"column":39},"end":{"line":31,"column":44}},"13":{"start":{"line":33,"column":2},"end":{"line":48,"column":4}},"14":{"start":{"line":39,"column":37},"end":{"line":39,"column":79}}},"fnMap":{"0":{"name":"TableHeaderCell","decl":{"start":{"line":10,"column":16},"end":{"line":10,"column":31}},"loc":{"start":{"line":10,"column":73},"end":{"line":49,"column":1}}},"1":{"name":"(anonymous_3)","decl":{"start":{"line":39,"column":31},"end":{"line":39,"column":34}},"loc":{"start":{"line":39,"column":37},"end":{"line":39,"column":79}}}},"branchMap":{"0":{"loc":{"start":{"line":28,"column":59},"end":{"line":28,"column":117}},"type":"cond-expr","locations":[{"start":{"line":28,"column":83},"end":{"line":28,"column":112}},{"start":{"line":28,"column":115},"end":{"line":28,"column":117}}]},"1":{"loc":{"start":{"line":28,"column":121},"end":{"line":28,"column":152}},"type":"binary-expr","locations":[{"start":{"line":28,"column":121},"end":{"line":28,"column":146}},{"start":{"line":28,"column":150},"end":{"line":28,"column":152}}]},"2":{"loc":{"start":{"line":39,"column":15},"end":{"line":39,"column":105}},"type":"cond-expr","locations":[{"start":{"line":39,"column":31},"end":{"line":39,"column":79}},{"start":{"line":39,"column":82},"end":{"line":39,"column":105}}]}},"s":{"0":1,"1":1,"2":1,"3":1,"4":10,"5":10,"6":10,"7":10,"8":10,"9":10,"10":10,"11":10,"12":10,"13":10,"14":0},"f":{"0":10,"1":0},"b":{"0":[0,10],"1":[10,10],"2":[0,10]}}
,"D:\\work\\nyingi\\code\\systems\\jattac-web-libs\\Jattac.Libs.Web.ResponsiveTable\\src\\UI\\TableSentinel.tsx": {"path":"D:\\work\\nyingi\\code\\systems\\jattac-web-libs\\Jattac.Libs.Web.ResponsiveTable\\src\\UI\\TableSentinel.tsx","statementMap":{"0":{"start":{"line":1,"column":0},"end":{"line":1,"column":49}},"1":{"start":{"line":8,"column":59},"end":{"line":40,"column":1}},"2":{"start":{"line":9,"column":22},"end":{"line":9,"column":50}},"3":{"start":{"line":11,"column":2},"end":{"line":37,"column":31}},"4":{"start":{"line":12,"column":4},"end":{"line":12,"column":26}},"5":{"start":{"line":12,"column":19},"end":{"line":12,"column":26}},"6":{"start":{"line":14,"column":21},"end":{"line":24,"column":null}},"7":{"start":{"line":16,"column":8},"end":{"line":18,"column":9}},"8":{"start":{"line":17,"column":10},"end":{"line":17,"column":24}},"9":{"start":{"line":27,"column":28},"end":{"line":27,"column":47}},"10":{"start":{"line":28,"column":4},"end":{"line":30,"column":5}},"11":{"start":{"line":29,"column":6},"end":{"line":29,"column":40}},"12":{"start":{"line":32,"column":4},"end":{"line":36,"column":6}},"13":{"start":{"line":33,"column":6},"end":{"line":35,"column":7}},"14":{"start":{"line":34,"column":8},"end":{"line":34,"column":44}},"15":{"start":{"line":39,"column":2},"end":{"line":39,"column":80}},"16":{"start":{"line":8,"column":13},"end":{"line":8,"column":59}}},"fnMap":{"0":{"name":"(anonymous_9)","decl":{"start":{"line":8,"column":59},"end":{"line":8,"column":60}},"loc":{"start":{"line":8,"column":90},"end":{"line":40,"column":1}}},"1":{"name":"(anonymous_10)","decl":{"start":{"line":11,"column":12},"end":{"line":11,"column":15}},"loc":{"start":{"line":11,"column":17},"end":{"line":37,"column":3}}},"2":{"name":"(anonymous_11)","decl":{"start":{"line":15,"column":6},"end":{"line":15,"column":7}},"loc":{"start":{"line":15,"column":18},"end":{"line":19,"column":7}}},"3":{"name":"(anonymous_12)","decl":{"start":{"line":32,"column":11},"end":{"line":32,"column":14}},"loc":{"start":{"line":32,"column":16},"end":{"line":36,"column":5}}}},"branchMap":{"0":{"loc":{"start":{"line":12,"column":4},"end":{"line":12,"column":26}},"type":"if","locations":[{"start":{"line":12,"column":4},"end":{"line":12,"column":26}},{"start":{},"end":{}}]},"1":{"loc":{"start":{"line":16,"column":8},"end":{"line":18,"column":9}},"type":"if","locations":[{"start":{"line":16,"column":8},"end":{"line":18,"column":9}},{"start":{},"end":{}}]},"2":{"loc":{"start":{"line":28,"column":4},"end":{"line":30,"column":5}},"type":"if","locations":[{"start":{"line":28,"column":4},"end":{"line":30,"column":5}},{"start":{},"end":{}}]},"3":{"loc":{"start":{"line":33,"column":6},"end":{"line":35,"column":7}},"type":"if","locations":[{"start":{"line":33,"column":6},"end":{"line":35,"column":7}},{"start":{},"end":{}}]}},"s":{"0":1,"1":1,"2":0,"3":0,"4":0,"5":0,"6":0,"7":0,"8":0,"9":0,"10":0,"11":0,"12":0,"13":0,"14":0,"15":0,"16":1},"f":{"0":0,"1":0,"2":0,"3":0},"b":{"0":[0,0],"1":[0,0],"2":[0,0],"3":[0,0]}}
}
