TN:
SF:src\Context\TableContext.tsx
FN:97,(anonymous_11)
FN:120,TableProvider
FN:127,(anonymous_13)
FN:130,(anonymous_14)
FN:137,(anonymous_15)
FN:142,(anonymous_16)
FN:147,(anonymous_17)
FN:152,(anonymous_18)
FN:162,(anonymous_19)
FN:164,(anonymous_20)
FN:172,(anonymous_21)
FN:180,(anonymous_22)
FN:184,(anonymous_23)
FN:200,(anonymous_24)
FN:201,(anonymous_25)
FN:208,(anonymous_26)
FN:214,(anonymous_27)
FN:222,(anonymous_28)
FNF:18
FNH:11
FNDA:54,(anonymous_11)
FNDA:16,TableProvider
FNDA:50,(anonymous_13)
FNDA:0,(anonymous_14)
FNDA:40,(anonymous_15)
FNDA:0,(anonymous_16)
FNDA:20,(anonymous_17)
FNDA:20,(anonymous_18)
FNDA:10,(anonymous_19)
FNDA:0,(anonymous_20)
FNDA:8,(anonymous_21)
FNDA:16,(anonymous_22)
FNDA:0,(anonymous_23)
FNDA:0,(anonymous_24)
FNDA:0,(anonymous_25)
FNDA:20,(anonymous_26)
FNDA:0,(anonymous_27)
FNDA:16,(anonymous_28)
DA:1,1
DA:4,1
DA:95,1
DA:97,1
DA:98,54
DA:99,54
DA:100,0
DA:102,54
DA:120,1
DA:125,16
DA:127,16
DA:128,50
DA:129,0
DA:130,0
DA:132,0
DA:134,50
DA:137,16
DA:141,40
DA:142,0
DA:144,40
DA:147,16
DA:148,20
DA:149,20
DA:152,16
DA:156,20
DA:157,20
DA:162,16
DA:163,10
DA:164,10
DA:165,0
DA:166,0
DA:169,10
DA:172,16
DA:173,8
DA:175,0
DA:177,8
DA:180,16
DA:181,16
DA:182,16
DA:184,16
DA:185,0
DA:186,0
DA:188,0
DA:189,0
DA:191,0
DA:192,0
DA:194,0
DA:195,0
DA:199,16
DA:200,0
DA:201,0
DA:205,16
DA:208,16
DA:213,20
DA:214,20
DA:215,0
DA:216,0
DA:219,20
DA:222,16
DA:246,16
LF:60
LH:40
BRDA:99,0,0,0
BRDA:99,0,1,54
BRDA:128,1,0,0
BRDA:128,1,1,50
BRDA:129,2,0,0
BRDA:129,2,1,0
BRDA:141,3,0,0
BRDA:141,3,1,40
BRDA:144,4,0,0
BRDA:144,4,1,40
BRDA:149,5,0,20
BRDA:149,5,1,0
BRDA:149,6,0,20
BRDA:149,6,1,20
BRDA:157,7,0,0
BRDA:157,7,1,20
BRDA:158,8,0,0
BRDA:158,8,1,0
BRDA:158,9,0,0
BRDA:158,9,1,0
BRDA:158,10,0,0
BRDA:158,10,1,0
BRDA:165,11,0,0
BRDA:165,11,1,0
BRDA:173,12,0,0
BRDA:173,12,1,8
BRDA:173,13,0,8
BRDA:173,13,1,0
BRDA:185,14,0,0
BRDA:185,14,1,0
BRDA:188,15,0,0
BRDA:188,15,1,0
BRDA:189,16,0,0
BRDA:189,16,1,0
BRDA:191,17,0,0
BRDA:191,17,1,0
BRDA:199,18,0,0
BRDA:199,18,1,16
BRDA:215,19,0,0
BRDA:215,19,1,0
BRF:40
BRH:11
end_of_record
TN:
SF:src\Hooks\useResponsiveTable.ts
FN:3,debounce
FN:5,(anonymous_1)
FN:7,(anonymous_2)
FN:27,(anonymous_3)
FN:33,(anonymous_4)
FN:37,(anonymous_5)
FN:52,(anonymous_6)
FN:58,(anonymous_7)
FN:61,(anonymous_8)
FN:64,(anonymous_9)
FNF:10
FNH:5
FNDA:16,debounce
FNDA:0,(anonymous_1)
FNDA:0,(anonymous_2)
FNDA:16,(anonymous_3)
FNDA:8,(anonymous_4)
FNDA:0,(anonymous_5)
FNDA:8,(anonymous_6)
FNDA:0,(anonymous_7)
FNDA:8,(anonymous_8)
FNDA:0,(anonymous_9)
DA:1,1
DA:5,16
DA:6,0
DA:7,0
DA:8,0
DA:27,1
DA:28,16
DA:30,16
DA:31,16
DA:33,16
DA:34,8
DA:37,16
DA:39,0
DA:41,0
DA:42,0
DA:43,0
DA:44,0
DA:45,0
DA:50,16
DA:52,16
DA:53,8
DA:54,8
DA:56,8
DA:57,8
DA:58,8
DA:61,8
DA:62,8
DA:63,8
DA:64,8
DA:69,16
LF:30
LH:21
BRDA:28,0,0,16
BRDA:28,1,0,16
BRDA:41,2,0,0
BRDA:41,2,1,0
BRDA:41,3,0,0
BRDA:41,3,1,0
BRDA:41,3,2,0
BRDA:41,4,0,0
BRDA:41,4,1,0
BRDA:41,5,0,0
BRDA:41,5,1,0
BRDA:44,6,0,0
BRDA:44,6,1,0
BRDA:56,7,0,8
BRDA:56,7,1,0
BRDA:56,8,0,0
BRDA:56,8,1,8
BRDA:56,9,0,8
BRDA:56,9,1,8
BRDA:57,10,0,8
BRDA:57,10,1,0
BRDA:57,11,0,8
BRDA:57,11,1,0
BRDA:63,12,0,8
BRDA:63,12,1,0
BRDA:63,13,0,8
BRDA:63,13,1,0
BRF:27
BRH:10
end_of_record
TN:
SF:src\Hooks\useTableDataSource.ts
FN:23,(anonymous_7)
FN:35,(anonymous_8)
FN:35,(anonymous_9)
FN:64,(anonymous_10)
FN:86,(anonymous_11)
FN:86,(anonymous_12)
FN:91,(anonymous_13)
FN:91,(anonymous_14)
FN:97,(anonymous_15)
FNF:9
FNH:2
FNDA:16,(anonymous_7)
FNDA:0,(anonymous_8)
FNDA:0,(anonymous_9)
FNDA:0,(anonymous_10)
FNDA:0,(anonymous_11)
FNDA:0,(anonymous_12)
FNDA:0,(anonymous_13)
FNDA:0,(anonymous_14)
FNDA:8,(anonymous_15)
DA:1,1
DA:23,1
DA:24,16
DA:26,16
DA:27,16
DA:28,16
DA:29,16
DA:30,16
DA:31,16
DA:33,16
DA:35,16
DA:36,0
DA:38,0
DA:39,0
DA:41,0
DA:44,0
DA:45,0
DA:52,0
DA:54,0
DA:55,0
DA:57,0
DA:58,0
DA:60,0
DA:61,0
DA:64,0
DA:65,0
DA:66,0
DA:69,0
DA:70,0
DA:71,0
DA:74,0
DA:78,0
DA:79,0
DA:81,0
DA:82,0
DA:86,16
DA:87,0
DA:88,0
DA:91,16
DA:92,0
DA:93,0
DA:97,16
DA:98,8
DA:99,8
DA:100,8
DA:101,0
DA:103,8
DA:106,0
DA:109,16
LF:49
LH:19
BRDA:24,0,0,16
BRDA:24,1,0,0
BRDA:36,2,0,0
BRDA:36,2,1,0
BRDA:38,3,0,0
BRDA:38,3,1,0
BRDA:57,4,0,0
BRDA:57,4,1,0
BRDA:64,5,0,0
BRDA:64,5,1,0
BRDA:69,6,0,0
BRDA:69,6,1,0
BRDA:70,7,0,0
BRDA:70,7,1,0
BRDA:87,8,0,0
BRDA:87,8,1,0
BRDA:87,9,0,0
BRDA:87,9,1,0
BRDA:87,9,2,0
BRDA:87,9,3,0
BRDA:92,10,0,0
BRDA:92,10,1,0
BRDA:98,11,0,8
BRDA:98,11,1,0
BRDA:100,12,0,0
BRDA:100,12,1,8
BRDA:100,13,0,8
BRDA:100,13,1,0
BRF:28
BRH:4
end_of_record
TN:
SF:src\Hooks\useTablePlugins.ts
FN:45,(anonymous_0)
FN:65,(anonymous_1)
FN:72,(anonymous_2)
FN:73,(anonymous_3)
FN:79,(anonymous_4)
FN:92,(anonymous_5)
FN:104,(anonymous_6)
FN:112,(anonymous_7)
FN:121,(anonymous_8)
FN:131,(anonymous_9)
FN:141,(anonymous_10)
FN:149,(anonymous_11)
FN:168,(anonymous_12)
FN:173,(anonymous_13)
FNF:14
FNH:7
FNDA:16,(anonymous_0)
FNDA:20,(anonymous_1)
FNDA:8,(anonymous_2)
FNDA:10,(anonymous_3)
FNDA:8,(anonymous_4)
FNDA:0,(anonymous_5)
FNDA:0,(anonymous_6)
FNDA:10,(anonymous_7)
FNDA:0,(anonymous_8)
FNDA:0,(anonymous_9)
FNDA:0,(anonymous_10)
FNDA:0,(anonymous_11)
FNDA:0,(anonymous_12)
FNDA:8,(anonymous_13)
DA:1,1
DA:3,1
DA:4,1
DA:5,1
DA:45,1
DA:55,16
DA:57,16
DA:58,16
DA:61,16
DA:62,16
DA:63,16
DA:65,16
DA:66,20
DA:67,0
DA:69,20
DA:72,16
DA:73,8
DA:74,10
DA:75,10
DA:79,16
DA:80,8
DA:83,8
DA:84,0
DA:88,8
DA:89,0
DA:90,0
DA:92,0
DA:93,0
DA:96,8
DA:100,8
DA:101,0
DA:102,0
DA:104,0
DA:105,0
DA:108,8
DA:112,8
DA:113,10
DA:114,10
DA:117,8
DA:118,0
DA:119,0
DA:121,0
DA:122,0
DA:125,8
DA:128,8
DA:130,8
DA:131,0
DA:141,8
DA:142,0
DA:143,0
DA:148,8
DA:149,8
DA:150,0
DA:151,0
DA:155,8
DA:168,16
DA:169,0
DA:173,16
DA:174,8
DA:177,16
LF:60
LH:40
BRDA:66,0,0,0
BRDA:66,0,1,20
BRDA:67,1,0,0
BRDA:67,1,1,0
BRDA:83,2,0,0
BRDA:83,2,1,8
BRDA:88,3,0,0
BRDA:88,3,1,8
BRDA:88,4,0,8
BRDA:88,4,1,0
BRDA:88,5,0,8
BRDA:88,5,1,8
BRDA:89,6,0,0
BRDA:89,6,1,0
BRDA:92,7,0,0
BRDA:92,7,1,0
BRDA:100,8,0,0
BRDA:100,8,1,8
BRDA:100,9,0,8
BRDA:100,9,1,0
BRDA:100,10,0,8
BRDA:100,10,1,8
BRDA:101,11,0,0
BRDA:101,11,1,0
BRDA:104,12,0,0
BRDA:104,12,1,0
BRDA:114,13,0,10
BRDA:114,13,1,10
BRDA:117,14,0,0
BRDA:117,14,1,8
BRDA:118,15,0,0
BRDA:118,15,1,0
BRDA:121,16,0,0
BRDA:121,16,1,0
BRDA:142,17,0,0
BRDA:142,17,1,0
BRDA:150,18,0,0
BRDA:150,18,1,0
BRF:38
BRH:13
end_of_record
TN:
SF:src\Plugins\FilterPlugin.tsx
FN:11,(anonymous_1)
FN:14,(anonymous_2)
FN:18,(anonymous_3)
FN:39,(anonymous_4)
FN:46,(anonymous_5)
FN:47,(anonymous_6)
FN:66,(anonymous_7)
FN:81,(anonymous_8)
FN:92,(anonymous_9)
FN:99,(anonymous_10)
FNF:10
FNH:0
FNDA:0,(anonymous_1)
FNDA:0,(anonymous_2)
FNDA:0,(anonymous_3)
FNDA:0,(anonymous_4)
FNDA:0,(anonymous_5)
FNDA:0,(anonymous_6)
FNDA:0,(anonymous_7)
FNDA:0,(anonymous_8)
FNDA:0,(anonymous_9)
FNDA:0,(anonymous_10)
DA:1,1
DA:5,1
DA:6,0
DA:7,0
DA:9,0
DA:14,0
DA:15,0
DA:18,0
DA:19,0
DA:20,0
DA:22,0
DA:39,0
DA:40,0
DA:41,0
DA:44,0
DA:46,0
DA:47,0
DA:49,0
DA:50,0
DA:54,0
DA:57,0
DA:58,0
DA:59,0
DA:61,0
DA:66,0
DA:73,0
DA:74,0
DA:77,0
DA:79,0
DA:82,0
DA:92,0
DA:93,0
DA:95,0
DA:96,0
DA:99,0
DA:100,0
DA:101,0
LF:37
LH:2
BRDA:19,0,0,0
BRDA:19,0,1,0
BRDA:19,1,0,0
BRDA:19,1,1,0
BRDA:19,2,0,0
BRDA:19,2,1,0
BRDA:26,3,0,0
BRDA:26,3,1,0
BRDA:40,4,0,0
BRDA:40,4,1,0
BRDA:40,5,0,0
BRDA:40,5,1,0
BRDA:49,6,0,0
BRDA:49,6,1,0
BRDA:57,7,0,0
BRDA:57,7,1,0
BRDA:57,8,0,0
BRDA:57,8,1,0
BRDA:59,9,0,0
BRDA:59,9,1,0
BRDA:59,10,0,0
BRDA:59,10,1,0
BRDA:73,11,0,0
BRDA:73,11,1,0
BRDA:73,12,0,0
BRDA:73,12,1,0
BRDA:82,13,0,0
BRDA:82,13,1,0
BRDA:95,14,0,0
BRDA:95,14,1,0
BRF:30
BRH:0
end_of_record
TN:
SF:src\Plugins\SelectionPlugin.ts
FN:12,(anonymous_1)
FN:14,(anonymous_2)
FN:20,(anonymous_3)
FN:26,(anonymous_4)
FN:31,(anonymous_5)
FN:35,(anonymous_6)
FN:38,(anonymous_7)
FN:43,(anonymous_8)
FN:69,(anonymous_9)
FN:79,(anonymous_10)
FN:92,(anonymous_11)
FNF:11
FNH:0
FNDA:0,(anonymous_1)
FNDA:0,(anonymous_2)
FNDA:0,(anonymous_3)
FNDA:0,(anonymous_4)
FNDA:0,(anonymous_5)
FNDA:0,(anonymous_6)
FNDA:0,(anonymous_7)
FNDA:0,(anonymous_8)
FNDA:0,(anonymous_9)
FNDA:0,(anonymous_10)
FNDA:0,(anonymous_11)
DA:3,1
DA:5,1
DA:6,0
DA:10,0
DA:14,0
DA:15,0
DA:17,0
DA:18,0
DA:19,0
DA:20,0
DA:21,0
DA:26,0
DA:27,0
DA:28,0
DA:31,0
DA:32,0
DA:35,0
DA:36,0
DA:37,0
DA:38,0
DA:40,0
DA:43,0
DA:44,0
DA:45,0
DA:46,0
DA:47,0
DA:49,0
DA:50,0
DA:51,0
DA:53,0
DA:54,0
DA:57,0
DA:58,0
DA:60,0
DA:64,0
DA:65,0
DA:68,0
DA:69,0
DA:71,0
DA:74,0
DA:75,0
DA:79,0
DA:80,0
DA:81,0
DA:82,0
DA:83,0
DA:85,0
DA:90,0
DA:92,0
LF:49
LH:2
BRDA:17,0,0,0
BRDA:17,0,1,0
BRDA:17,1,0,0
BRDA:17,1,1,0
BRDA:17,2,0,0
BRDA:17,2,1,0
BRDA:17,3,0,0
BRDA:17,3,1,0
BRDA:19,4,0,0
BRDA:19,4,1,0
BRDA:19,5,0,0
BRDA:19,5,1,0
BRDA:32,6,0,0
BRDA:32,6,1,0
BRDA:32,7,0,0
BRDA:32,7,1,0
BRDA:36,8,0,0
BRDA:36,8,1,0
BRDA:38,9,0,0
BRDA:38,9,1,0
BRDA:38,10,0,0
BRDA:38,10,1,0
BRDA:38,11,0,0
BRDA:38,11,1,0
BRDA:44,12,0,0
BRDA:49,13,0,0
BRDA:49,13,1,0
BRDA:50,14,0,0
BRDA:50,14,1,0
BRDA:57,15,0,0
BRDA:57,15,1,0
BRDA:64,16,0,0
BRDA:64,16,1,0
BRDA:74,17,0,0
BRDA:74,17,1,0
BRDA:80,18,0,0
BRDA:80,18,1,0
BRDA:86,19,0,0
BRDA:86,19,1,0
BRDA:87,20,0,0
BRDA:87,20,1,0
BRF:41
BRH:0
end_of_record
TN:
SF:src\Plugins\SortPlugin.ts
FN:6,(anonymous_0)
FN:7,(anonymous_1)
FN:7,(anonymous_2)
FN:19,(anonymous_3)
FN:19,(anonymous_4)
FN:26,(anonymous_5)
FN:26,(anonymous_6)
FN:53,(anonymous_7)
FN:58,(anonymous_8)
FN:62,(anonymous_9)
FN:68,(anonymous_10)
FN:75,(anonymous_11)
FN:109,(anonymous_12)
FN:118,(anonymous_13)
FNF:14
FNH:0
FNDA:0,(anonymous_0)
FNDA:0,(anonymous_1)
FNDA:0,(anonymous_2)
FNDA:0,(anonymous_3)
FNDA:0,(anonymous_4)
FNDA:0,(anonymous_5)
FNDA:0,(anonymous_6)
FNDA:0,(anonymous_7)
FNDA:0,(anonymous_8)
FNDA:0,(anonymous_9)
FNDA:0,(anonymous_10)
FNDA:0,(anonymous_11)
FNDA:0,(anonymous_12)
FNDA:0,(anonymous_13)
DA:6,1
DA:7,0
DA:8,0
DA:9,0
DA:10,0
DA:11,0
DA:13,0
DA:14,0
DA:15,0
DA:17,0
DA:19,0
DA:20,0
DA:21,0
DA:22,0
DA:23,0
DA:24,0
DA:26,0
DA:27,0
DA:28,0
DA:29,0
DA:30,0
DA:32,0
DA:33,0
DA:34,0
DA:36,0
DA:45,1
DA:46,0
DA:51,0
DA:54,0
DA:55,0
DA:58,0
DA:59,0
DA:62,0
DA:63,0
DA:64,0
DA:67,0
DA:68,0
DA:71,0
DA:72,0
DA:75,0
DA:76,0
DA:77,0
DA:78,0
DA:82,0
DA:85,0
DA:86,0
DA:87,0
DA:88,0
DA:89,0
DA:90,0
DA:94,0
DA:95,0
DA:96,0
DA:97,0
DA:98,0
DA:99,0
DA:100,0
DA:103,0
DA:106,0
DA:109,0
DA:110,0
DA:111,0
DA:114,0
DA:115,0
DA:118,0
DA:119,0
DA:120,0
DA:122,0
DA:123,0
DA:124,0
DA:127,0
DA:128,0
DA:129,0
DA:130,0
DA:131,0
DA:133,0
DA:136,0
DA:137,0
DA:139,0
DA:142,0
DA:143,0
DA:144,0
DA:147,0
LF:83
LH:2
BRDA:13,0,0,0
BRDA:13,0,1,0
BRDA:13,1,0,0
BRDA:13,1,1,0
BRDA:14,2,0,0
BRDA:14,2,1,0
BRDA:15,3,0,0
BRDA:15,3,1,0
BRDA:17,4,0,0
BRDA:17,4,1,0
BRDA:20,5,0,0
BRDA:20,5,1,0
BRDA:20,6,0,0
BRDA:20,6,1,0
BRDA:21,7,0,0
BRDA:21,7,1,0
BRDA:21,8,0,0
BRDA:21,8,1,0
BRDA:22,9,0,0
BRDA:22,9,1,0
BRDA:22,10,0,0
BRDA:22,10,1,0
BRDA:23,11,0,0
BRDA:23,11,1,0
BRDA:23,12,0,0
BRDA:23,12,1,0
BRDA:32,13,0,0
BRDA:32,13,1,0
BRDA:32,14,0,0
BRDA:32,14,1,0
BRDA:33,15,0,0
BRDA:33,15,1,0
BRDA:34,16,0,0
BRDA:34,16,1,0
BRDA:36,17,0,0
BRDA:36,17,1,0
BRDA:63,18,0,0
BRDA:63,18,1,0
BRDA:63,19,0,0
BRDA:63,19,1,0
BRDA:68,20,0,0
BRDA:68,20,1,0
BRDA:71,21,0,0
BRDA:71,21,1,0
BRDA:76,22,0,0
BRDA:76,22,1,0
BRDA:76,23,0,0
BRDA:76,23,1,0
BRDA:77,24,0,0
BRDA:77,24,1,0
BRDA:85,25,0,0
BRDA:85,25,1,0
BRDA:85,26,0,0
BRDA:85,26,1,0
BRDA:88,27,0,0
BRDA:88,27,1,0
BRDA:88,28,0,0
BRDA:88,28,1,0
BRDA:89,29,0,0
BRDA:89,29,1,0
BRDA:89,30,0,0
BRDA:89,30,1,0
BRDA:94,31,0,0
BRDA:94,31,1,0
BRDA:94,32,0,0
BRDA:94,32,1,0
BRDA:98,33,0,0
BRDA:98,33,1,0
BRDA:98,34,0,0
BRDA:98,34,1,0
BRDA:99,35,0,0
BRDA:99,35,1,0
BRDA:99,36,0,0
BRDA:99,36,1,0
BRDA:111,37,0,0
BRDA:111,37,1,0
BRDA:111,37,2,0
BRDA:111,37,3,0
BRDA:114,38,0,0
BRDA:114,38,1,0
BRDA:114,39,0,0
BRDA:114,39,1,0
BRDA:122,40,0,0
BRDA:122,40,1,0
BRDA:128,41,0,0
BRDA:128,41,1,0
BRDA:129,42,0,0
BRDA:129,42,1,0
BRDA:143,43,0,0
BRDA:143,43,1,0
BRDA:150,44,0,0
BRDA:150,44,1,0
BRDA:150,45,0,0
BRDA:150,45,1,0
BRDA:54,46,0,0
BRDA:54,46,1,0
BRDA:54,47,0,0
BRDA:54,47,1,0
BRDA:54,48,0,0
BRDA:54,48,1,0
BRDA:54,49,0,0
BRDA:54,49,1,0
BRDA:55,50,0,0
BRDA:55,50,1,0
BRDA:55,51,0,0
BRDA:55,51,1,0
BRDA:55,52,0,0
BRDA:55,52,1,0
BRDA:55,53,0,0
BRDA:55,53,1,0
BRF:110
BRH:0
end_of_record
TN:
SF:src\UI\DesktopView.tsx
FN:19,DesktopView
FN:41,(anonymous_11)
FN:58,(anonymous_12)
FN:65,(anonymous_13)
FN:69,(anonymous_14)
FN:108,(anonymous_15)
FN:118,(anonymous_16)
FN:134,(anonymous_17)
FNF:8
FNH:4
FNDA:8,DesktopView
FNDA:0,(anonymous_11)
FNDA:8,(anonymous_12)
FNDA:0,(anonymous_13)
FNDA:0,(anonymous_14)
FNDA:10,(anonymous_15)
FNDA:8,(anonymous_16)
FNDA:0,(anonymous_17)
DA:1,1
DA:2,1
DA:4,1
DA:5,1
DA:6,1
DA:7,1
DA:28,8
DA:39,8
DA:41,8
DA:45,0
DA:46,0
DA:48,0
DA:49,0
DA:50,0
DA:51,0
DA:52,0
DA:55,0
DA:58,8
DA:59,8
DA:60,8
DA:63,0
DA:66,0
DA:67,0
DA:70,0
DA:71,0
DA:73,0
DA:75,0
DA:93,8
DA:95,8
DA:99,8
DA:103,8
DA:109,10
DA:119,8
DA:134,0
DA:149,1
LF:35
LH:19
BRDA:45,0,0,0
BRDA:45,0,1,0
BRDA:51,1,0,0
BRDA:51,1,1,0
BRDA:51,2,0,0
BRDA:51,2,1,0
BRDA:59,3,0,8
BRDA:59,3,1,0
BRDA:59,4,0,8
BRDA:59,4,1,0
BRDA:71,5,0,0
BRDA:71,5,1,0
BRDA:73,6,0,0
BRDA:73,6,1,0
BRDA:79,7,0,0
BRDA:79,7,1,0
BRDA:79,8,0,0
BRDA:79,8,1,0
BRDA:95,9,0,0
BRDA:95,9,1,8
BRDA:99,10,0,0
BRDA:99,10,1,8
BRDA:101,11,0,0
BRDA:101,11,1,8
BRDA:132,12,0,8
BRDA:132,12,1,0
BRDA:132,13,0,8
BRDA:132,13,1,0
BRDA:132,14,0,8
BRDA:132,14,1,8
BRDA:138,15,0,8
BRDA:138,15,1,0
BRDA:138,16,0,8
BRDA:138,16,1,0
BRDA:138,17,0,8
BRDA:138,17,1,8
BRF:36
BRH:13
end_of_record
TN:
SF:src\UI\InfiniteTable.tsx
FN:57,InfiniteTable
FN:90,(anonymous_18)
FN:107,(anonymous_19)
FN:113,(anonymous_20)
FN:113,(anonymous_21)
FN:127,(anonymous_22)
FN:136,(anonymous_23)
FN:140,(anonymous_24)
FN:146,(anonymous_25)
FN:155,(anonymous_26)
FN:161,(anonymous_27)
FN:163,(anonymous_28)
FN:171,(anonymous_29)
FN:175,(anonymous_30)
FN:205,(anonymous_31)
FN:210,(anonymous_32)
FN:221,(anonymous_33)
FN:226,(anonymous_34)
FN:273,(anonymous_35)
FNF:19
FNH:0
FNDA:0,InfiniteTable
FNDA:0,(anonymous_18)
FNDA:0,(anonymous_19)
FNDA:0,(anonymous_20)
FNDA:0,(anonymous_21)
FNDA:0,(anonymous_22)
FNDA:0,(anonymous_23)
FNDA:0,(anonymous_24)
FNDA:0,(anonymous_25)
FNDA:0,(anonymous_26)
FNDA:0,(anonymous_27)
FNDA:0,(anonymous_28)
FNDA:0,(anonymous_29)
FNDA:0,(anonymous_30)
FNDA:0,(anonymous_31)
FNDA:0,(anonymous_32)
FNDA:0,(anonymous_33)
FNDA:0,(anonymous_34)
FNDA:0,(anonymous_35)
DA:1,1
DA:2,1
DA:6,1
DA:7,1
DA:8,1
DA:9,1
DA:10,1
DA:11,1
DA:12,1
DA:13,1
DA:73,0
DA:75,0
DA:76,0
DA:78,0
DA:86,0
DA:87,0
DA:88,0
DA:90,0
DA:92,0
DA:103,0
DA:107,0
DA:109,0
DA:110,0
DA:111,0
DA:113,0
DA:114,0
DA:116,0
DA:117,0
DA:118,0
DA:120,0
DA:121,0
DA:122,0
DA:126,0
DA:127,0
DA:130,0
DA:132,0
DA:136,0
DA:137,0
DA:140,0
DA:141,0
DA:142,0
DA:146,0
DA:147,0
DA:148,0
DA:150,0
DA:151,0
DA:155,0
DA:156,0
DA:157,0
DA:161,0
DA:162,0
DA:163,0
DA:165,0
DA:168,0
DA:172,0
DA:173,0
DA:176,0
DA:177,0
DA:178,0
DA:179,0
DA:180,0
DA:183,0
DA:184,0
DA:205,0
DA:206,0
DA:207,0
DA:210,0
DA:211,0
DA:212,0
DA:213,0
DA:215,0
DA:217,0
DA:221,0
DA:222,0
DA:223,0
DA:226,0
DA:227,0
DA:228,0
DA:230,0
DA:235,0
DA:241,0
DA:242,0
DA:245,0
DA:274,0
DA:275,0
DA:285,1
LF:86
LH:11
BRDA:86,0,0,0
BRDA:86,0,1,0
BRDA:103,1,0,0
BRDA:103,1,1,0
BRDA:103,2,0,0
BRDA:103,2,1,0
BRDA:103,3,0,0
BRDA:103,3,1,0
BRDA:109,4,0,0
BRDA:109,4,1,0
BRDA:114,5,0,0
BRDA:114,5,1,0
BRDA:114,6,0,0
BRDA:114,6,1,0
BRDA:118,7,0,0
BRDA:118,7,1,0
BRDA:118,8,0,0
BRDA:118,8,1,0
BRDA:120,9,0,0
BRDA:120,9,1,0
BRDA:121,10,0,0
BRDA:121,10,1,0
BRDA:121,11,0,0
BRDA:121,11,1,0
BRDA:126,12,0,0
BRDA:126,12,1,0
BRDA:126,13,0,0
BRDA:126,13,1,0
BRDA:137,14,0,0
BRDA:137,14,1,0
BRDA:141,15,0,0
BRDA:141,15,1,0
BRDA:147,16,0,0
BRDA:147,16,1,0
BRDA:150,17,0,0
BRDA:150,17,1,0
BRDA:150,18,0,0
BRDA:150,18,1,0
BRDA:150,18,2,0
BRDA:156,19,0,0
BRDA:156,19,1,0
BRDA:156,20,0,0
BRDA:156,20,1,0
BRDA:162,21,0,0
BRDA:162,21,1,0
BRDA:163,22,0,0
BRDA:163,22,1,0
BRDA:177,23,0,0
BRDA:177,23,1,0
BRDA:177,24,0,0
BRDA:177,24,1,0
BRDA:179,25,0,0
BRDA:179,25,1,0
BRDA:187,26,0,0
BRDA:187,26,1,0
BRDA:188,27,0,0
BRDA:188,27,1,0
BRDA:192,28,0,0
BRDA:192,28,1,0
BRDA:206,29,0,0
BRDA:206,29,1,0
BRDA:211,30,0,0
BRDA:211,30,1,0
BRDA:212,31,0,0
BRDA:212,31,1,0
BRDA:212,32,0,0
BRDA:212,32,1,0
BRDA:222,33,0,0
BRDA:222,33,1,0
BRDA:227,34,0,0
BRDA:227,34,1,0
BRDA:236,35,0,0
BRDA:236,35,1,0
BRDA:236,35,2,0
BRDA:236,36,0,0
BRDA:236,36,1,0
BRDA:236,37,0,0
BRDA:236,37,1,0
BRDA:237,38,0,0
BRDA:237,38,1,0
BRDA:237,38,2,0
BRDA:237,38,3,0
BRDA:237,39,0,0
BRDA:237,39,1,0
BRDA:237,40,0,0
BRDA:237,40,1,0
BRDA:241,41,0,0
BRDA:241,41,1,0
BRDA:241,42,0,0
BRDA:241,42,1,0
BRDA:241,43,0,0
BRDA:241,43,1,0
BRDA:241,44,0,0
BRDA:241,44,1,0
BRDA:262,45,0,0
BRDA:262,45,1,0
BRDA:263,46,0,0
BRDA:263,46,1,0
BRDA:263,47,0,0
BRDA:263,47,1,0
BRDA:279,48,0,0
BRDA:279,48,1,0
BRF:102
BRH:0
end_of_record
TN:
SF:src\UI\LoadingSpinner.tsx
FN:5,(anonymous_1)
FNF:1
FNH:0
FNDA:0,(anonymous_1)
DA:1,1
DA:2,1
DA:3,1
DA:5,1
DA:6,0
DA:14,1
LF:6
LH:5
BRF:0
BRH:0
end_of_record
TN:
SF:src\UI\MobileView.tsx
FN:15,MobileView
FN:34,(anonymous_2)
FN:55,(anonymous_3)
FN:67,(anonymous_4)
FN:77,(anonymous_5)
FN:83,(anonymous_6)
FN:92,(anonymous_7)
FN:109,(anonymous_8)
FN:138,(anonymous_9)
FNF:9
FNH:7
FNDA:8,MobileView
FNDA:10,(anonymous_2)
FNDA:10,(anonymous_3)
FNDA:8,(anonymous_4)
FNDA:2,(anonymous_5)
FNDA:2,(anonymous_6)
FNDA:10,(anonymous_7)
FNDA:0,(anonymous_8)
FNDA:0,(anonymous_9)
DA:1,1
DA:2,1
DA:3,1
DA:4,1
DA:5,1
DA:16,8
DA:30,8
DA:32,8
DA:34,8
DA:35,10
DA:38,8
DA:39,7
DA:40,7
DA:42,1
DA:44,0
DA:47,6
DA:48,0
DA:49,0
DA:52,6
DA:55,8
DA:56,10
DA:57,2
DA:58,0
DA:59,1
DA:60,1
DA:61,6
DA:65,8
DA:68,8
DA:69,8
DA:71,8
DA:78,2
DA:79,2
DA:80,1
DA:84,2
DA:85,1
DA:87,1
DA:88,1
DA:93,10
DA:94,10
DA:95,10
DA:99,10
DA:100,10
DA:101,10
DA:103,10
DA:110,0
DA:111,0
DA:112,0
DA:138,0
DA:153,1
LF:49
LH:41
BRDA:32,0,0,8
BRDA:32,0,1,7
BRDA:35,1,0,2
BRDA:35,1,1,8
BRDA:38,2,0,1
BRDA:38,2,1,7
BRDA:39,3,0,0
BRDA:39,3,1,7
BRDA:40,4,0,1
BRDA:40,4,1,6
BRDA:42,5,0,1
BRDA:42,5,1,0
BRDA:42,6,0,1
BRDA:42,6,1,0
BRDA:44,7,0,0
BRDA:44,7,1,0
BRDA:44,8,0,0
BRDA:44,8,1,0
BRDA:44,8,2,0
BRDA:47,9,0,0
BRDA:47,9,1,6
BRDA:48,10,0,0
BRDA:48,10,1,0
BRDA:48,11,0,0
BRDA:48,11,1,0
BRDA:48,12,0,0
BRDA:48,12,1,0
BRDA:49,13,0,0
BRDA:49,13,1,0
BRDA:49,14,0,0
BRDA:49,14,1,0
BRDA:49,15,0,0
BRDA:49,15,1,0
BRDA:56,16,0,2
BRDA:56,16,1,0
BRDA:56,16,2,1
BRDA:56,16,3,1
BRDA:56,16,4,6
BRDA:74,17,0,1
BRDA:74,17,1,7
BRDA:74,18,0,0
BRDA:74,18,1,8
BRDA:74,19,0,0
BRDA:74,19,1,8
BRDA:74,20,0,8
BRDA:74,20,1,8
BRDA:74,21,0,8
BRDA:74,21,1,8
BRDA:74,22,0,8
BRDA:74,22,1,7
BRDA:79,23,0,1
BRDA:79,23,1,1
BRDA:84,24,0,1
BRDA:84,24,1,1
BRDA:87,25,0,0
BRDA:87,25,1,1
BRDA:88,26,0,1
BRDA:88,26,1,0
BRDA:99,27,0,2
BRDA:99,27,1,8
BRDA:106,28,0,10
BRDA:106,28,1,10
BRDA:110,29,0,0
BRDA:110,29,1,0
BRDA:120,30,0,10
BRDA:120,30,1,10
BRDA:136,31,0,8
BRDA:136,31,1,0
BRDA:136,32,0,8
BRDA:136,32,1,0
BRDA:136,33,0,8
BRDA:136,33,1,8
BRDA:142,34,0,8
BRDA:142,34,1,0
BRDA:142,35,0,8
BRDA:142,35,1,0
BRDA:142,36,0,8
BRDA:142,36,1,8
BRF:78
BRH:46
end_of_record
TN:
SF:src\UI\NoMoreDataMessage.tsx
FN:4,(anonymous_1)
FNF:1
FNH:0
FNDA:0,(anonymous_1)
DA:1,1
DA:2,1
DA:4,1
DA:5,0
DA:12,1
LF:5
LH:4
BRF:0
BRH:0
end_of_record
TN:
SF:src\UI\ResponsiveTable.tsx
FN:105,ResponsiveTable
FN:137,(anonymous_11)
FN:174,(anonymous_12)
FN:176,(anonymous_13)
FN:184,(anonymous_14)
FN:199,(anonymous_15)
FN:205,(anonymous_16)
FN:207,(anonymous_17)
FN:215,(anonymous_18)
FN:219,(anonymous_19)
FN:249,(anonymous_20)
FN:254,(anonymous_21)
FN:265,(anonymous_22)
FN:270,(anonymous_23)
FNF:14
FNH:6
FNDA:16,ResponsiveTable
FNDA:0,(anonymous_11)
FNDA:16,(anonymous_12)
FNDA:0,(anonymous_13)
FNDA:16,(anonymous_14)
FNDA:16,(anonymous_15)
FNDA:0,(anonymous_16)
FNDA:0,(anonymous_17)
FNDA:0,(anonymous_18)
FNDA:0,(anonymous_19)
FNDA:16,(anonymous_20)
FNDA:0,(anonymous_21)
FNDA:8,(anonymous_22)
FNDA:0,(anonymous_23)
DA:1,1
DA:2,1
DA:7,1
DA:8,1
DA:9,1
DA:10,1
DA:11,1
DA:12,1
DA:13,1
DA:14,1
DA:124,16
DA:126,16
DA:127,16
DA:129,16
DA:137,16
DA:140,16
DA:152,16
DA:160,16
DA:162,16
DA:174,16
DA:176,16
DA:177,16
DA:184,16
DA:187,16
DA:192,16
DA:199,16
DA:200,16
DA:201,16
DA:205,0
DA:206,0
DA:207,0
DA:209,0
DA:212,0
DA:216,0
DA:217,0
DA:220,0
DA:221,0
DA:222,0
DA:223,0
DA:224,0
DA:227,0
DA:228,0
DA:249,16
DA:250,16
DA:251,0
DA:254,16
DA:255,0
DA:256,0
DA:257,0
DA:259,0
DA:261,0
DA:265,16
DA:266,8
DA:267,8
DA:270,0
DA:271,0
DA:272,0
DA:274,0
DA:278,16
DA:279,0
DA:282,16
DA:284,16
DA:285,0
DA:288,16
DA:335,1
LF:65
LH:39
BRDA:141,0,0,0
BRDA:141,0,1,16
BRDA:141,1,0,16
BRDA:141,1,1,0
BRDA:141,2,0,16
BRDA:141,2,1,16
BRDA:141,3,0,0
BRDA:141,3,1,0
BRDA:160,4,0,0
BRDA:160,4,1,16
BRDA:177,5,0,0
BRDA:177,5,1,16
BRDA:177,6,0,16
BRDA:177,6,1,0
BRDA:192,7,0,16
BRDA:192,7,1,16
BRDA:200,8,0,16
BRDA:200,8,1,0
BRDA:200,9,0,16
BRDA:200,9,1,0
BRDA:206,10,0,0
BRDA:206,10,1,0
BRDA:207,11,0,0
BRDA:207,11,1,0
BRDA:221,12,0,0
BRDA:221,12,1,0
BRDA:221,13,0,0
BRDA:221,13,1,0
BRDA:223,14,0,0
BRDA:223,14,1,0
BRDA:231,15,0,0
BRDA:231,15,1,0
BRDA:232,16,0,0
BRDA:232,16,1,0
BRDA:236,17,0,0
BRDA:236,17,1,0
BRDA:250,18,0,0
BRDA:250,18,1,16
BRDA:255,19,0,0
BRDA:255,19,1,0
BRDA:256,20,0,0
BRDA:256,20,1,0
BRDA:256,21,0,0
BRDA:256,21,1,0
BRDA:266,22,0,8
BRDA:266,22,1,0
BRDA:271,23,0,0
BRDA:271,23,1,0
BRDA:278,24,0,0
BRDA:278,24,1,16
BRDA:282,25,0,16
BRDA:282,25,1,16
BRDA:282,26,0,16
BRDA:282,26,1,0
BRDA:282,27,0,16
BRDA:282,27,1,16
BRDA:284,28,0,0
BRDA:284,28,1,16
BRDA:284,29,0,16
BRDA:284,29,1,0
BRDA:300,30,0,0
BRDA:300,30,1,16
BRDA:302,31,0,0
BRDA:302,31,1,0
BRDA:316,32,0,16
BRDA:316,32,1,0
BRDA:316,32,2,0
BRDA:317,33,0,16
BRDA:317,33,1,0
BRDA:317,33,2,16
BRDA:317,33,3,8
BRDA:320,34,0,16
BRDA:320,34,1,0
BRDA:320,34,2,16
BRDA:320,34,3,8
BRF:75
BRH:29
end_of_record
TN:
SF:src\UI\SkeletonView.tsx
FN:10,SkeletonView
FN:18,(anonymous_2)
FN:20,(anonymous_3)
FN:33,(anonymous_4)
FN:41,(anonymous_5)
FN:43,(anonymous_6)
FNF:6
FNH:0
FNDA:0,SkeletonView
FNDA:0,(anonymous_2)
FNDA:0,(anonymous_3)
FNDA:0,(anonymous_4)
FNDA:0,(anonymous_5)
FNDA:0,(anonymous_6)
DA:1,1
DA:2,1
DA:11,0
DA:12,0
DA:13,0
DA:15,0
DA:16,0
DA:19,0
DA:21,0
DA:29,0
DA:34,0
DA:42,0
DA:44,0
DA:55,1
LF:14
LH:3
BRDA:15,0,0,0
BRDA:15,0,1,0
BRF:2
BRH:0
end_of_record
TN:
SF:src\UI\TableBodyCell.tsx
FN:10,TableBodyCell
FNF:1
FNH:1
FNDA:20,TableBodyCell
DA:1,1
DA:2,1
DA:10,1
DA:11,20
DA:12,20
DA:14,20
DA:15,20
DA:17,20
LF:8
LH:8
BRF:0
BRH:0
end_of_record
TN:
SF:src\UI\TableBodyRow.tsx
FN:44,TableBodyRow
FN:65,(anonymous_2)
FN:74,(anonymous_3)
FN:88,(anonymous_4)
FNF:4
FNH:2
FNDA:8,TableBodyRow
FNDA:0,(anonymous_2)
FNDA:0,(anonymous_3)
FNDA:10,(anonymous_4)
DA:1,1
DA:2,1
DA:3,1
DA:4,1
DA:44,1
DA:52,8
DA:54,8
DA:56,8
DA:57,8
DA:58,8
DA:60,8
DA:69,0
DA:70,0
DA:71,0
DA:76,0
DA:77,0
DA:80,0
DA:81,0
DA:83,0
DA:84,0
DA:89,10
LF:21
LH:12
BRDA:57,0,0,8
BRDA:57,0,1,7
BRDA:62,1,0,1
BRDA:62,1,1,7
BRDA:62,2,0,0
BRDA:62,2,1,8
BRDA:62,3,0,0
BRDA:62,3,1,8
BRDA:62,4,0,8
BRDA:62,4,1,8
BRDA:62,5,0,8
BRDA:62,5,1,8
BRDA:70,6,0,0
BRDA:70,6,1,0
BRDA:76,7,0,0
BRDA:76,7,1,0
BRDA:80,8,0,0
BRDA:80,8,1,0
BRDA:83,9,0,0
BRDA:83,9,1,0
BRF:20
BRH:10
end_of_record
TN:
SF:src\UI\TableHeaderCell.tsx
FN:10,TableHeaderCell
FN:39,(anonymous_3)
FNF:2
FNH:1
FNDA:10,TableHeaderCell
FNDA:0,(anonymous_3)
DA:1,1
DA:2,1
DA:3,1
DA:10,1
DA:11,10
DA:18,10
DA:20,10
DA:21,10
DA:22,10
DA:26,10
DA:28,10
DA:31,10
DA:33,10
DA:39,0
LF:14
LH:13
BRDA:28,0,0,0
BRDA:28,0,1,10
BRDA:28,1,0,10
BRDA:28,1,1,10
BRDA:39,2,0,0
BRDA:39,2,1,10
BRF:6
BRH:4
end_of_record
TN:
SF:src\UI\TableSentinel.tsx
FN:8,(anonymous_9)
FN:11,(anonymous_10)
FN:15,(anonymous_11)
FN:32,(anonymous_12)
FNF:4
FNH:0
FNDA:0,(anonymous_9)
FNDA:0,(anonymous_10)
FNDA:0,(anonymous_11)
FNDA:0,(anonymous_12)
DA:1,1
DA:8,1
DA:9,0
DA:11,0
DA:12,0
DA:14,0
DA:16,0
DA:17,0
DA:27,0
DA:28,0
DA:29,0
DA:32,0
DA:33,0
DA:34,0
DA:39,0
LF:15
LH:2
BRDA:12,0,0,0
BRDA:12,0,1,0
BRDA:16,1,0,0
BRDA:16,1,1,0
BRDA:28,2,0,0
BRDA:28,2,1,0
BRDA:33,3,0,0
BRDA:33,3,1,0
BRF:8
BRH:0
end_of_record
