TN:
SF:src\Context\TableContext.tsx
FN:94,(anonymous_11)
FN:117,TableProvider
FN:124,(anonymous_13)
FN:127,(anonymous_14)
FN:134,(anonymous_15)
FN:139,(anonymous_16)
FN:144,(anonymous_17)
FN:149,(anonymous_18)
FN:159,(anonymous_19)
FN:161,(anonymous_20)
FN:169,(anonymous_21)
FN:177,(anonymous_22)
FN:181,(anonymous_23)
FN:197,(anonymous_24)
FN:198,(anonymous_25)
FN:205,(anonymous_26)
FN:211,(anonymous_27)
FN:219,(anonymous_28)
FNF:18
FNH:14
FNDA:367,(anonymous_11)
FNDA:37,TableProvider
FNDA:191,(anonymous_13)
FNDA:0,(anonymous_14)
FNDA:274,(anonymous_15)
FNDA:0,(anonymous_16)
FNDA:78,(anonymous_17)
FNDA:78,(anonymous_18)
FNDA:69,(anonymous_19)
FNDA:35,(anonymous_20)
FNDA:3,(anonymous_21)
FNDA:76,(anonymous_22)
FNDA:35,(anonymous_23)
FNDA:0,(anonymous_24)
FNDA:0,(anonymous_25)
FNDA:196,(anonymous_26)
FNDA:102,(anonymous_27)
FNDA:37,(anonymous_28)
DA:1,2
DA:4,2
DA:92,2
DA:94,2
DA:95,367
DA:96,367
DA:97,0
DA:99,367
DA:117,2
DA:122,37
DA:124,37
DA:125,191
DA:126,0
DA:127,0
DA:129,0
DA:131,191
DA:134,37
DA:138,274
DA:139,0
DA:141,274
DA:144,37
DA:145,78
DA:146,78
DA:149,37
DA:153,78
DA:154,78
DA:159,37
DA:160,69
DA:161,69
DA:162,35
DA:163,29
DA:166,69
DA:169,37
DA:170,3
DA:172,0
DA:174,3
DA:177,37
DA:178,76
DA:179,76
DA:181,76
DA:182,35
DA:183,0
DA:185,0
DA:186,0
DA:188,0
DA:189,0
DA:191,0
DA:192,0
DA:196,76
DA:197,0
DA:198,0
DA:202,76
DA:205,37
DA:210,196
DA:211,196
DA:212,102
DA:213,12
DA:216,196
DA:219,37
DA:243,37
LF:60
LH:45
BRDA:96,0,0,0
BRDA:96,0,1,367
BRDA:125,1,0,0
BRDA:125,1,1,191
BRDA:126,2,0,0
BRDA:126,2,1,0
BRDA:138,3,0,0
BRDA:138,3,1,274
BRDA:141,4,0,0
BRDA:141,4,1,274
BRDA:146,5,0,78
BRDA:146,5,1,0
BRDA:146,6,0,78
BRDA:146,6,1,78
BRDA:154,7,0,0
BRDA:154,7,1,78
BRDA:155,8,0,0
BRDA:155,8,1,0
BRDA:155,9,0,0
BRDA:155,9,1,0
BRDA:155,10,0,0
BRDA:155,10,1,0
BRDA:162,11,0,29
BRDA:162,11,1,6
BRDA:170,12,0,0
BRDA:170,12,1,3
BRDA:170,13,0,3
BRDA:170,13,1,0
BRDA:182,14,0,0
BRDA:182,14,1,35
BRDA:185,15,0,0
BRDA:185,15,1,0
BRDA:186,16,0,0
BRDA:186,16,1,0
BRDA:188,17,0,0
BRDA:188,17,1,0
BRDA:196,18,0,0
BRDA:196,18,1,76
BRDA:212,19,0,12
BRDA:212,19,1,90
BRF:40
BRH:16
end_of_record
TN:
SF:src\Hooks\useResponsiveTable.ts
FN:3,debounce
FN:5,(anonymous_1)
FN:7,(anonymous_2)
FN:27,(anonymous_3)
FN:33,(anonymous_4)
FN:37,(anonymous_5)
FN:52,(anonymous_6)
FN:58,(anonymous_7)
FN:61,(anonymous_8)
FN:64,(anonymous_9)
FNF:10
FNH:5
FNDA:40,debounce
FNDA:0,(anonymous_1)
FNDA:0,(anonymous_2)
FNDA:40,(anonymous_3)
FNDA:14,(anonymous_4)
FNDA:0,(anonymous_5)
FNDA:14,(anonymous_6)
FNDA:0,(anonymous_7)
FNDA:14,(anonymous_8)
FNDA:0,(anonymous_9)
DA:1,2
DA:5,40
DA:6,0
DA:7,0
DA:8,0
DA:27,2
DA:28,40
DA:30,40
DA:31,40
DA:33,40
DA:34,14
DA:37,40
DA:39,0
DA:41,0
DA:42,0
DA:43,0
DA:44,0
DA:45,0
DA:50,40
DA:52,40
DA:53,14
DA:54,14
DA:56,14
DA:57,14
DA:58,14
DA:61,14
DA:62,14
DA:63,14
DA:64,14
DA:69,40
LF:30
LH:21
BRDA:28,0,0,40
BRDA:28,1,0,40
BRDA:41,2,0,0
BRDA:41,2,1,0
BRDA:41,3,0,0
BRDA:41,3,1,0
BRDA:41,3,2,0
BRDA:41,4,0,0
BRDA:41,4,1,0
BRDA:41,5,0,0
BRDA:41,5,1,0
BRDA:44,6,0,0
BRDA:44,6,1,0
BRDA:56,7,0,14
BRDA:56,7,1,4
BRDA:56,8,0,0
BRDA:56,8,1,14
BRDA:56,9,0,14
BRDA:56,9,1,14
BRDA:57,10,0,14
BRDA:57,10,1,0
BRDA:57,11,0,14
BRDA:57,11,1,0
BRDA:63,12,0,14
BRDA:63,12,1,0
BRDA:63,13,0,14
BRDA:63,13,1,0
BRF:27
BRH:11
end_of_record
TN:
SF:src\Hooks\useTableDataSource.ts
FN:23,(anonymous_7)
FN:35,(anonymous_8)
FN:35,(anonymous_9)
FN:64,(anonymous_10)
FN:86,(anonymous_11)
FN:86,(anonymous_12)
FN:91,(anonymous_13)
FN:91,(anonymous_14)
FN:97,(anonymous_15)
FNF:9
FNH:9
FNDA:40,(anonymous_7)
FNDA:4,(anonymous_8)
FNDA:4,(anonymous_9)
FNDA:4,(anonymous_10)
FNDA:1,(anonymous_11)
FNDA:1,(anonymous_12)
FNDA:3,(anonymous_13)
FNDA:3,(anonymous_14)
FNDA:14,(anonymous_15)
DA:1,2
DA:23,2
DA:24,40
DA:26,40
DA:27,40
DA:28,40
DA:29,40
DA:30,40
DA:31,40
DA:33,40
DA:35,40
DA:36,4
DA:38,4
DA:39,1
DA:41,3
DA:44,4
DA:45,4
DA:52,4
DA:54,4
DA:55,4
DA:57,4
DA:58,4
DA:60,0
DA:61,0
DA:64,4
DA:65,4
DA:66,4
DA:69,4
DA:70,0
DA:71,0
DA:74,4
DA:78,0
DA:79,0
DA:81,4
DA:82,4
DA:86,40
DA:87,1
DA:88,1
DA:91,40
DA:92,3
DA:93,3
DA:97,40
DA:98,14
DA:99,14
DA:100,14
DA:101,3
DA:103,14
DA:106,0
DA:109,40
LF:49
LH:42
BRDA:24,0,0,26
BRDA:24,1,0,0
BRDA:36,2,0,0
BRDA:36,2,1,4
BRDA:38,3,0,1
BRDA:38,3,1,3
BRDA:57,4,0,4
BRDA:57,4,1,0
BRDA:64,5,0,1
BRDA:64,5,1,3
BRDA:69,6,0,0
BRDA:69,6,1,4
BRDA:70,7,0,0
BRDA:70,7,1,0
BRDA:87,8,0,0
BRDA:87,8,1,1
BRDA:87,9,0,1
BRDA:87,9,1,1
BRDA:87,9,2,1
BRDA:87,9,3,1
BRDA:92,10,0,0
BRDA:92,10,1,3
BRDA:98,11,0,14
BRDA:98,11,1,0
BRDA:100,12,0,3
BRDA:100,12,1,11
BRDA:100,13,0,14
BRDA:100,13,1,3
BRF:28
BRH:19
end_of_record
TN:
SF:src\Hooks\useTablePlugins.ts
FN:45,(anonymous_0)
FN:65,(anonymous_1)
FN:72,(anonymous_2)
FN:73,(anonymous_3)
FN:79,(anonymous_4)
FN:92,(anonymous_5)
FN:104,(anonymous_6)
FN:112,(anonymous_7)
FN:121,(anonymous_8)
FN:131,(anonymous_9)
FN:141,(anonymous_10)
FN:149,(anonymous_11)
FN:168,(anonymous_12)
FN:173,(anonymous_13)
FNF:14
FNH:11
FNDA:40,(anonymous_0)
FNDA:79,(anonymous_1)
FNDA:19,(anonymous_2)
FNDA:48,(anonymous_3)
FNDA:21,(anonymous_4)
FNDA:0,(anonymous_5)
FNDA:0,(anonymous_6)
FNDA:31,(anonymous_7)
FNDA:2,(anonymous_8)
FNDA:0,(anonymous_9)
FNDA:13,(anonymous_10)
FNDA:13,(anonymous_11)
FNDA:2,(anonymous_12)
FNDA:19,(anonymous_13)
DA:1,2
DA:3,2
DA:4,2
DA:5,2
DA:45,2
DA:55,40
DA:57,40
DA:58,40
DA:61,40
DA:62,40
DA:63,40
DA:65,40
DA:66,79
DA:67,0
DA:69,79
DA:72,40
DA:73,19
DA:74,48
DA:75,48
DA:79,40
DA:80,21
DA:83,21
DA:84,0
DA:88,21
DA:89,2
DA:90,1
DA:92,2
DA:93,2
DA:96,19
DA:100,21
DA:101,0
DA:102,0
DA:104,0
DA:105,0
DA:108,21
DA:112,21
DA:113,31
DA:114,31
DA:117,21
DA:118,11
DA:119,8
DA:121,11
DA:122,11
DA:125,10
DA:128,21
DA:130,21
DA:131,0
DA:141,21
DA:142,13
DA:143,13
DA:148,21
DA:149,21
DA:150,13
DA:151,13
DA:155,21
DA:168,40
DA:169,2
DA:173,40
DA:174,19
DA:177,40
LF:60
LH:53
BRDA:66,0,0,0
BRDA:66,0,1,79
BRDA:67,1,0,0
BRDA:67,1,1,0
BRDA:83,2,0,0
BRDA:83,2,1,21
BRDA:88,3,0,2
BRDA:88,3,1,19
BRDA:88,4,0,19
BRDA:88,4,1,2
BRDA:88,5,0,21
BRDA:88,5,1,21
BRDA:89,6,0,1
BRDA:89,6,1,1
BRDA:92,7,0,2
BRDA:92,7,1,0
BRDA:100,8,0,0
BRDA:100,8,1,21
BRDA:100,9,0,21
BRDA:100,9,1,0
BRDA:100,10,0,21
BRDA:100,10,1,21
BRDA:101,11,0,0
BRDA:101,11,1,0
BRDA:104,12,0,0
BRDA:104,12,1,0
BRDA:114,13,0,31
BRDA:114,13,1,31
BRDA:117,14,0,11
BRDA:117,14,1,10
BRDA:118,15,0,8
BRDA:118,15,1,3
BRDA:121,16,0,11
BRDA:121,16,1,0
BRDA:142,17,0,13
BRDA:142,17,1,0
BRDA:150,18,0,13
BRDA:150,18,1,0
BRF:38
BRH:24
end_of_record
TN:
SF:src\Plugins\FilterPlugin.tsx
FN:11,(anonymous_1)
FN:14,(anonymous_2)
FN:18,(anonymous_3)
FN:39,(anonymous_4)
FN:46,(anonymous_5)
FN:47,(anonymous_6)
FN:66,(anonymous_7)
FN:81,(anonymous_8)
FN:92,(anonymous_9)
FN:99,(anonymous_10)
FNF:10
FNH:10
FNDA:1,(anonymous_1)
FNDA:2,(anonymous_2)
FNDA:2,(anonymous_3)
FNDA:2,(anonymous_4)
FNDA:3,(anonymous_5)
FNDA:8,(anonymous_6)
FNDA:12,(anonymous_7)
FNDA:3,(anonymous_8)
FNDA:1,(anonymous_9)
FNDA:1,(anonymous_10)
DA:1,2
DA:5,2
DA:6,1
DA:7,1
DA:9,1
DA:14,1
DA:15,2
DA:18,1
DA:19,2
DA:20,0
DA:22,2
DA:39,1
DA:40,2
DA:41,1
DA:44,1
DA:46,1
DA:47,3
DA:49,8
DA:50,0
DA:54,8
DA:57,8
DA:58,8
DA:59,8
DA:61,0
DA:66,1
DA:73,12
DA:74,11
DA:77,1
DA:79,1
DA:82,3
DA:92,1
DA:93,1
DA:95,1
DA:96,0
DA:99,1
DA:100,1
DA:101,1
LF:37
LH:33
BRDA:19,0,0,0
BRDA:19,0,1,2
BRDA:19,1,0,0
BRDA:19,1,1,2
BRDA:19,2,0,2
BRDA:19,2,1,2
BRDA:26,3,0,2
BRDA:26,3,1,2
BRDA:40,4,0,1
BRDA:40,4,1,1
BRDA:40,5,0,2
BRDA:40,5,1,1
BRDA:49,6,0,0
BRDA:49,6,1,8
BRDA:57,7,0,8
BRDA:57,7,1,0
BRDA:57,8,0,8
BRDA:57,8,1,8
BRDA:59,9,0,0
BRDA:59,9,1,8
BRDA:59,10,0,8
BRDA:59,10,1,8
BRDA:73,11,0,11
BRDA:73,11,1,1
BRDA:73,12,0,12
BRDA:73,12,1,3
BRDA:82,13,0,1
BRDA:82,13,1,2
BRDA:95,14,0,0
BRDA:95,14,1,1
BRF:30
BRH:24
end_of_record
TN:
SF:src\Plugins\SelectionPlugin.ts
FN:12,(anonymous_1)
FN:14,(anonymous_2)
FN:20,(anonymous_3)
FN:26,(anonymous_4)
FN:31,(anonymous_5)
FN:35,(anonymous_6)
FN:38,(anonymous_7)
FN:43,(anonymous_8)
FN:69,(anonymous_9)
FN:79,(anonymous_10)
FN:92,(anonymous_11)
FNF:11
FNH:0
FNDA:0,(anonymous_1)
FNDA:0,(anonymous_2)
FNDA:0,(anonymous_3)
FNDA:0,(anonymous_4)
FNDA:0,(anonymous_5)
FNDA:0,(anonymous_6)
FNDA:0,(anonymous_7)
FNDA:0,(anonymous_8)
FNDA:0,(anonymous_9)
FNDA:0,(anonymous_10)
FNDA:0,(anonymous_11)
DA:3,2
DA:5,2
DA:6,0
DA:10,0
DA:14,0
DA:15,0
DA:17,0
DA:18,0
DA:19,0
DA:20,0
DA:21,0
DA:26,0
DA:27,0
DA:28,0
DA:31,0
DA:32,0
DA:35,0
DA:36,0
DA:37,0
DA:38,0
DA:40,0
DA:43,0
DA:44,0
DA:45,0
DA:46,0
DA:47,0
DA:49,0
DA:50,0
DA:51,0
DA:53,0
DA:54,0
DA:57,0
DA:58,0
DA:60,0
DA:64,0
DA:65,0
DA:68,0
DA:69,0
DA:71,0
DA:74,0
DA:75,0
DA:79,0
DA:80,0
DA:81,0
DA:82,0
DA:83,0
DA:85,0
DA:90,0
DA:92,0
LF:49
LH:2
BRDA:17,0,0,0
BRDA:17,0,1,0
BRDA:17,1,0,0
BRDA:17,1,1,0
BRDA:17,2,0,0
BRDA:17,2,1,0
BRDA:17,3,0,0
BRDA:17,3,1,0
BRDA:19,4,0,0
BRDA:19,4,1,0
BRDA:19,5,0,0
BRDA:19,5,1,0
BRDA:32,6,0,0
BRDA:32,6,1,0
BRDA:32,7,0,0
BRDA:32,7,1,0
BRDA:36,8,0,0
BRDA:36,8,1,0
BRDA:38,9,0,0
BRDA:38,9,1,0
BRDA:38,10,0,0
BRDA:38,10,1,0
BRDA:38,11,0,0
BRDA:38,11,1,0
BRDA:44,12,0,0
BRDA:49,13,0,0
BRDA:49,13,1,0
BRDA:50,14,0,0
BRDA:50,14,1,0
BRDA:57,15,0,0
BRDA:57,15,1,0
BRDA:64,16,0,0
BRDA:64,16,1,0
BRDA:74,17,0,0
BRDA:74,17,1,0
BRDA:80,18,0,0
BRDA:80,18,1,0
BRDA:86,19,0,0
BRDA:86,19,1,0
BRDA:87,20,0,0
BRDA:87,20,1,0
BRF:41
BRH:0
end_of_record
TN:
SF:src\Plugins\SortPlugin.ts
FN:6,(anonymous_0)
FN:7,(anonymous_1)
FN:7,(anonymous_2)
FN:19,(anonymous_3)
FN:19,(anonymous_4)
FN:26,(anonymous_5)
FN:26,(anonymous_6)
FN:53,(anonymous_7)
FN:58,(anonymous_8)
FN:62,(anonymous_9)
FN:68,(anonymous_10)
FN:75,(anonymous_11)
FN:109,(anonymous_12)
FN:118,(anonymous_13)
FNF:14
FNH:8
FNDA:8,(anonymous_0)
FNDA:0,(anonymous_1)
FNDA:0,(anonymous_2)
FNDA:0,(anonymous_3)
FNDA:0,(anonymous_4)
FNDA:0,(anonymous_5)
FNDA:0,(anonymous_6)
FNDA:8,(anonymous_7)
FNDA:11,(anonymous_8)
FNDA:11,(anonymous_9)
FNDA:5,(anonymous_10)
FNDA:5,(anonymous_11)
FNDA:29,(anonymous_12)
FNDA:1,(anonymous_13)
DA:6,8
DA:7,0
DA:8,0
DA:9,0
DA:10,0
DA:11,0
DA:13,0
DA:14,0
DA:15,0
DA:17,0
DA:19,0
DA:20,0
DA:21,0
DA:22,0
DA:23,0
DA:24,0
DA:26,0
DA:27,0
DA:28,0
DA:29,0
DA:30,0
DA:32,0
DA:33,0
DA:34,0
DA:36,0
DA:45,2
DA:46,8
DA:51,8
DA:54,8
DA:55,8
DA:58,8
DA:59,11
DA:62,8
DA:63,11
DA:64,9
DA:67,2
DA:68,5
DA:71,2
DA:72,0
DA:75,2
DA:76,5
DA:77,0
DA:78,0
DA:82,0
DA:85,5
DA:86,5
DA:87,5
DA:88,5
DA:89,4
DA:90,0
DA:94,0
DA:95,0
DA:96,0
DA:97,0
DA:98,0
DA:99,0
DA:100,0
DA:103,0
DA:106,2
DA:109,8
DA:110,29
DA:111,29
DA:114,29
DA:115,1
DA:118,28
DA:119,1
DA:120,1
DA:122,1
DA:123,0
DA:124,0
DA:127,1
DA:128,1
DA:129,0
DA:130,0
DA:131,0
DA:133,0
DA:136,1
DA:137,1
DA:139,1
DA:142,28
DA:143,28
DA:144,2
DA:147,28
LF:83
LH:40
BRDA:13,0,0,0
BRDA:13,0,1,0
BRDA:13,1,0,0
BRDA:13,1,1,0
BRDA:14,2,0,0
BRDA:14,2,1,0
BRDA:15,3,0,0
BRDA:15,3,1,0
BRDA:17,4,0,0
BRDA:17,4,1,0
BRDA:20,5,0,0
BRDA:20,5,1,0
BRDA:20,6,0,0
BRDA:20,6,1,0
BRDA:21,7,0,0
BRDA:21,7,1,0
BRDA:21,8,0,0
BRDA:21,8,1,0
BRDA:22,9,0,0
BRDA:22,9,1,0
BRDA:22,10,0,0
BRDA:22,10,1,0
BRDA:23,11,0,0
BRDA:23,11,1,0
BRDA:23,12,0,0
BRDA:23,12,1,0
BRDA:32,13,0,0
BRDA:32,13,1,0
BRDA:32,14,0,0
BRDA:32,14,1,0
BRDA:33,15,0,0
BRDA:33,15,1,0
BRDA:34,16,0,0
BRDA:34,16,1,0
BRDA:36,17,0,0
BRDA:36,17,1,0
BRDA:63,18,0,9
BRDA:63,18,1,2
BRDA:63,19,0,11
BRDA:63,19,1,2
BRDA:68,20,0,5
BRDA:68,20,1,5
BRDA:71,21,0,0
BRDA:71,21,1,2
BRDA:76,22,0,0
BRDA:76,22,1,5
BRDA:76,23,0,5
BRDA:76,23,1,0
BRDA:77,24,0,0
BRDA:77,24,1,0
BRDA:85,25,0,5
BRDA:85,25,1,0
BRDA:85,26,0,5
BRDA:85,26,1,5
BRDA:88,27,0,1
BRDA:88,27,1,4
BRDA:88,28,0,1
BRDA:88,28,1,0
BRDA:89,29,0,4
BRDA:89,29,1,0
BRDA:89,30,0,4
BRDA:89,30,1,0
BRDA:94,31,0,0
BRDA:94,31,1,0
BRDA:94,32,0,0
BRDA:94,32,1,0
BRDA:98,33,0,0
BRDA:98,33,1,0
BRDA:98,34,0,0
BRDA:98,34,1,0
BRDA:99,35,0,0
BRDA:99,35,1,0
BRDA:99,36,0,0
BRDA:99,36,1,0
BRDA:111,37,0,29
BRDA:111,37,1,0
BRDA:111,37,2,29
BRDA:111,37,3,28
BRDA:114,38,0,1
BRDA:114,38,1,28
BRDA:114,39,0,29
BRDA:114,39,1,28
BRDA:122,40,0,0
BRDA:122,40,1,1
BRDA:128,41,0,0
BRDA:128,41,1,1
BRDA:129,42,0,0
BRDA:129,42,1,0
BRDA:143,43,0,2
BRDA:143,43,1,26
BRDA:150,44,0,2
BRDA:150,44,1,26
BRDA:150,45,0,2
BRDA:150,45,1,0
BRDA:54,46,0,1
BRDA:54,46,1,7
BRDA:54,47,0,8
BRDA:54,47,1,8
BRDA:54,48,0,7
BRDA:54,48,1,1
BRDA:54,49,0,8
BRDA:54,49,1,8
BRDA:55,50,0,1
BRDA:55,50,1,7
BRDA:55,51,0,8
BRDA:55,51,1,8
BRDA:55,52,0,7
BRDA:55,52,1,1
BRDA:55,53,0,8
BRDA:55,53,1,8
BRF:110
BRH:47
end_of_record
TN:
SF:src\UI\DesktopView.tsx
FN:19,DesktopView
FN:41,(anonymous_11)
FN:58,(anonymous_12)
FN:65,(anonymous_13)
FN:69,(anonymous_14)
FN:108,(anonymous_15)
FN:118,(anonymous_16)
FN:134,(anonymous_17)
FNF:8
FNH:8
FNDA:28,DesktopView
FNDA:4,(anonymous_11)
FNDA:27,(anonymous_12)
FNDA:2,(anonymous_13)
FNDA:4,(anonymous_14)
FNDA:69,(anonymous_15)
FNDA:73,(anonymous_16)
FNDA:1,(anonymous_17)
DA:1,2
DA:2,2
DA:4,2
DA:5,2
DA:6,2
DA:7,2
DA:28,28
DA:39,28
DA:41,28
DA:45,4
DA:46,4
DA:48,4
DA:49,4
DA:50,6
DA:51,6
DA:52,4
DA:55,4
DA:58,28
DA:59,27
DA:60,25
DA:63,2
DA:66,2
DA:67,2
DA:70,4
DA:71,4
DA:73,4
DA:75,4
DA:93,28
DA:95,28
DA:99,28
DA:103,28
DA:109,69
DA:119,73
DA:134,1
DA:149,2
LF:35
LH:35
BRDA:45,0,0,4
BRDA:45,0,1,0
BRDA:51,1,0,4
BRDA:51,1,1,2
BRDA:51,2,0,6
BRDA:51,2,1,6
BRDA:59,3,0,25
BRDA:59,3,1,2
BRDA:59,4,0,27
BRDA:59,4,1,2
BRDA:71,5,0,4
BRDA:71,5,1,0
BRDA:73,6,0,0
BRDA:73,6,1,4
BRDA:79,7,0,4
BRDA:79,7,1,4
BRDA:79,8,0,0
BRDA:79,8,1,4
BRDA:95,9,0,0
BRDA:95,9,1,28
BRDA:99,10,0,0
BRDA:99,10,1,28
BRDA:101,11,0,0
BRDA:101,11,1,28
BRDA:132,12,0,28
BRDA:132,12,1,2
BRDA:132,13,0,23
BRDA:132,13,1,5
BRDA:132,14,0,28
BRDA:132,14,1,28
BRDA:138,15,0,28
BRDA:138,15,1,0
BRDA:138,16,0,23
BRDA:138,16,1,5
BRDA:138,17,0,28
BRDA:138,17,1,28
BRF:36
BRH:28
end_of_record
TN:
SF:src\UI\InfiniteTable.tsx
FN:57,InfiniteTable
FN:90,(anonymous_18)
FN:107,(anonymous_19)
FN:113,(anonymous_20)
FN:113,(anonymous_21)
FN:127,(anonymous_22)
FN:136,(anonymous_23)
FN:140,(anonymous_24)
FN:146,(anonymous_25)
FN:155,(anonymous_26)
FN:161,(anonymous_27)
FN:163,(anonymous_28)
FN:171,(anonymous_29)
FN:175,(anonymous_30)
FN:205,(anonymous_31)
FN:210,(anonymous_32)
FN:221,(anonymous_33)
FN:226,(anonymous_34)
FN:273,(anonymous_35)
FNF:19
FNH:0
FNDA:0,InfiniteTable
FNDA:0,(anonymous_18)
FNDA:0,(anonymous_19)
FNDA:0,(anonymous_20)
FNDA:0,(anonymous_21)
FNDA:0,(anonymous_22)
FNDA:0,(anonymous_23)
FNDA:0,(anonymous_24)
FNDA:0,(anonymous_25)
FNDA:0,(anonymous_26)
FNDA:0,(anonymous_27)
FNDA:0,(anonymous_28)
FNDA:0,(anonymous_29)
FNDA:0,(anonymous_30)
FNDA:0,(anonymous_31)
FNDA:0,(anonymous_32)
FNDA:0,(anonymous_33)
FNDA:0,(anonymous_34)
FNDA:0,(anonymous_35)
DA:1,2
DA:2,2
DA:6,2
DA:7,2
DA:8,2
DA:9,2
DA:10,2
DA:11,2
DA:12,2
DA:13,2
DA:73,0
DA:75,0
DA:76,0
DA:78,0
DA:86,0
DA:87,0
DA:88,0
DA:90,0
DA:92,0
DA:103,0
DA:107,0
DA:109,0
DA:110,0
DA:111,0
DA:113,0
DA:114,0
DA:116,0
DA:117,0
DA:118,0
DA:120,0
DA:121,0
DA:122,0
DA:126,0
DA:127,0
DA:130,0
DA:132,0
DA:136,0
DA:137,0
DA:140,0
DA:141,0
DA:142,0
DA:146,0
DA:147,0
DA:148,0
DA:150,0
DA:151,0
DA:155,0
DA:156,0
DA:157,0
DA:161,0
DA:162,0
DA:163,0
DA:165,0
DA:168,0
DA:172,0
DA:173,0
DA:176,0
DA:177,0
DA:178,0
DA:179,0
DA:180,0
DA:183,0
DA:184,0
DA:205,0
DA:206,0
DA:207,0
DA:210,0
DA:211,0
DA:212,0
DA:213,0
DA:215,0
DA:217,0
DA:221,0
DA:222,0
DA:223,0
DA:226,0
DA:227,0
DA:228,0
DA:230,0
DA:235,0
DA:241,0
DA:242,0
DA:245,0
DA:274,0
DA:275,0
DA:285,2
LF:86
LH:11
BRDA:86,0,0,0
BRDA:86,0,1,0
BRDA:103,1,0,0
BRDA:103,1,1,0
BRDA:103,2,0,0
BRDA:103,2,1,0
BRDA:103,3,0,0
BRDA:103,3,1,0
BRDA:109,4,0,0
BRDA:109,4,1,0
BRDA:114,5,0,0
BRDA:114,5,1,0
BRDA:114,6,0,0
BRDA:114,6,1,0
BRDA:118,7,0,0
BRDA:118,7,1,0
BRDA:118,8,0,0
BRDA:118,8,1,0
BRDA:120,9,0,0
BRDA:120,9,1,0
BRDA:121,10,0,0
BRDA:121,10,1,0
BRDA:121,11,0,0
BRDA:121,11,1,0
BRDA:126,12,0,0
BRDA:126,12,1,0
BRDA:126,13,0,0
BRDA:126,13,1,0
BRDA:137,14,0,0
BRDA:137,14,1,0
BRDA:141,15,0,0
BRDA:141,15,1,0
BRDA:147,16,0,0
BRDA:147,16,1,0
BRDA:150,17,0,0
BRDA:150,17,1,0
BRDA:150,18,0,0
BRDA:150,18,1,0
BRDA:150,18,2,0
BRDA:156,19,0,0
BRDA:156,19,1,0
BRDA:156,20,0,0
BRDA:156,20,1,0
BRDA:162,21,0,0
BRDA:162,21,1,0
BRDA:163,22,0,0
BRDA:163,22,1,0
BRDA:177,23,0,0
BRDA:177,23,1,0
BRDA:177,24,0,0
BRDA:177,24,1,0
BRDA:179,25,0,0
BRDA:179,25,1,0
BRDA:187,26,0,0
BRDA:187,26,1,0
BRDA:188,27,0,0
BRDA:188,27,1,0
BRDA:192,28,0,0
BRDA:192,28,1,0
BRDA:206,29,0,0
BRDA:206,29,1,0
BRDA:211,30,0,0
BRDA:211,30,1,0
BRDA:212,31,0,0
BRDA:212,31,1,0
BRDA:212,32,0,0
BRDA:212,32,1,0
BRDA:222,33,0,0
BRDA:222,33,1,0
BRDA:227,34,0,0
BRDA:227,34,1,0
BRDA:236,35,0,0
BRDA:236,35,1,0
BRDA:236,35,2,0
BRDA:236,36,0,0
BRDA:236,36,1,0
BRDA:236,37,0,0
BRDA:236,37,1,0
BRDA:237,38,0,0
BRDA:237,38,1,0
BRDA:237,38,2,0
BRDA:237,38,3,0
BRDA:237,39,0,0
BRDA:237,39,1,0
BRDA:237,40,0,0
BRDA:237,40,1,0
BRDA:241,41,0,0
BRDA:241,41,1,0
BRDA:241,42,0,0
BRDA:241,42,1,0
BRDA:241,43,0,0
BRDA:241,43,1,0
BRDA:241,44,0,0
BRDA:241,44,1,0
BRDA:262,45,0,0
BRDA:262,45,1,0
BRDA:263,46,0,0
BRDA:263,46,1,0
BRDA:263,47,0,0
BRDA:263,47,1,0
BRDA:279,48,0,0
BRDA:279,48,1,0
BRF:102
BRH:0
end_of_record
TN:
SF:src\UI\LoadingSpinner.tsx
FN:5,(anonymous_1)
FNF:1
FNH:0
FNDA:0,(anonymous_1)
DA:1,2
DA:2,2
DA:3,2
DA:5,2
DA:6,0
DA:14,2
LF:6
LH:5
BRF:0
BRH:0
end_of_record
TN:
SF:src\UI\MobileView.tsx
FN:11,MobileView
FN:31,(anonymous_2)
FN:41,(anonymous_3)
FN:47,(anonymous_4)
FN:57,(anonymous_5)
FN:84,(anonymous_6)
FNF:6
FNH:3
FNDA:1,MobileView
FNDA:3,(anonymous_2)
FNDA:0,(anonymous_3)
FNDA:9,(anonymous_4)
FNDA:0,(anonymous_5)
FNDA:0,(anonymous_6)
DA:1,2
DA:2,2
DA:3,2
DA:4,2
DA:5,2
DA:12,1
DA:25,1
DA:27,1
DA:29,1
DA:32,3
DA:33,3
DA:35,3
DA:42,0
DA:43,0
DA:48,9
DA:49,9
DA:50,9
DA:51,9
DA:58,0
DA:59,0
DA:60,0
DA:84,0
DA:99,2
LF:23
LH:17
BRDA:27,0,0,1
BRDA:27,0,1,1
BRDA:38,1,0,0
BRDA:38,1,1,3
BRDA:38,2,0,0
BRDA:38,2,1,3
BRDA:38,3,0,0
BRDA:38,3,1,3
BRDA:38,4,0,3
BRDA:38,4,1,3
BRDA:38,5,0,3
BRDA:38,5,1,3
BRDA:42,6,0,0
BRDA:42,6,1,0
BRDA:43,7,0,0
BRDA:43,7,1,0
BRDA:58,8,0,0
BRDA:58,8,1,0
BRDA:82,9,0,1
BRDA:82,9,1,0
BRDA:82,10,0,1
BRDA:82,10,1,0
BRDA:82,11,0,1
BRDA:82,11,1,1
BRDA:88,12,0,1
BRDA:88,12,1,0
BRDA:88,13,0,1
BRDA:88,13,1,0
BRDA:88,14,0,1
BRDA:88,14,1,1
BRF:30
BRH:17
end_of_record
TN:
SF:src\UI\NoMoreDataMessage.tsx
FN:4,(anonymous_1)
FNF:1
FNH:0
FNDA:0,(anonymous_1)
DA:1,2
DA:2,2
DA:4,2
DA:5,0
DA:12,2
LF:5
LH:4
BRF:0
BRH:0
end_of_record
TN:
SF:src\UI\ResponsiveTable.tsx
FN:103,ResponsiveTable
FN:134,(anonymous_11)
FN:171,(anonymous_12)
FN:173,(anonymous_13)
FN:181,(anonymous_14)
FN:196,(anonymous_15)
FN:202,(anonymous_16)
FN:204,(anonymous_17)
FN:212,(anonymous_18)
FN:216,(anonymous_19)
FN:246,(anonymous_20)
FN:251,(anonymous_21)
FN:262,(anonymous_22)
FN:267,(anonymous_23)
FNF:14
FNH:11
FNDA:40,ResponsiveTable
FNDA:0,(anonymous_11)
FNDA:35,(anonymous_12)
FNDA:13,(anonymous_13)
FNDA:35,(anonymous_14)
FNDA:36,(anonymous_15)
FNDA:2,(anonymous_16)
FNDA:0,(anonymous_17)
FNDA:2,(anonymous_18)
FNDA:4,(anonymous_19)
FNDA:37,(anonymous_20)
FNDA:14,(anonymous_21)
FNDA:28,(anonymous_22)
FNDA:0,(anonymous_23)
DA:1,2
DA:2,2
DA:7,2
DA:8,2
DA:9,2
DA:10,2
DA:11,2
DA:12,2
DA:13,2
DA:14,2
DA:121,40
DA:123,40
DA:124,40
DA:126,40
DA:134,40
DA:137,40
DA:149,40
DA:157,40
DA:159,40
DA:171,40
DA:173,35
DA:174,35
DA:181,40
DA:184,40
DA:189,40
DA:196,40
DA:197,36
DA:198,34
DA:202,2
DA:203,2
DA:204,0
DA:206,2
DA:209,2
DA:213,2
DA:214,2
DA:217,4
DA:218,4
DA:219,2
DA:220,2
DA:221,2
DA:224,4
DA:225,4
DA:246,40
DA:247,37
DA:248,0
DA:251,37
DA:252,14
DA:253,2
DA:254,0
DA:256,2
DA:258,12
DA:262,40
DA:263,28
DA:264,28
DA:267,0
DA:268,0
DA:269,0
DA:271,0
DA:275,40
DA:276,0
DA:279,40
DA:281,40
DA:282,3
DA:285,37
DA:331,2
LF:65
LH:57
BRDA:138,0,0,3
BRDA:138,0,1,37
BRDA:138,1,0,37
BRDA:138,1,1,3
BRDA:138,2,0,40
BRDA:138,2,1,40
BRDA:138,3,0,3
BRDA:138,3,1,0
BRDA:157,4,0,14
BRDA:157,4,1,26
BRDA:174,5,0,0
BRDA:174,5,1,35
BRDA:174,6,0,35
BRDA:174,6,1,11
BRDA:189,7,0,40
BRDA:189,7,1,38
BRDA:197,8,0,34
BRDA:197,8,1,2
BRDA:197,9,0,36
BRDA:197,9,1,2
BRDA:203,10,0,0
BRDA:203,10,1,2
BRDA:204,11,0,0
BRDA:204,11,1,0
BRDA:218,12,0,2
BRDA:218,12,1,2
BRDA:218,13,0,4
BRDA:218,13,1,4
BRDA:220,14,0,2
BRDA:220,14,1,0
BRDA:228,15,0,4
BRDA:228,15,1,4
BRDA:229,16,0,0
BRDA:229,16,1,4
BRDA:233,17,0,4
BRDA:233,17,1,2
BRDA:247,18,0,0
BRDA:247,18,1,37
BRDA:252,19,0,2
BRDA:252,19,1,12
BRDA:253,20,0,0
BRDA:253,20,1,2
BRDA:253,21,0,2
BRDA:253,21,1,0
BRDA:263,22,0,28
BRDA:263,22,1,0
BRDA:268,23,0,0
BRDA:268,23,1,0
BRDA:275,24,0,0
BRDA:275,24,1,40
BRDA:279,25,0,40
BRDA:279,25,1,40
BRDA:279,26,0,40
BRDA:279,26,1,0
BRDA:279,27,0,40
BRDA:279,27,1,40
BRDA:281,28,0,3
BRDA:281,28,1,37
BRDA:281,29,0,40
BRDA:281,29,1,3
BRDA:297,30,0,11
BRDA:297,30,1,26
BRDA:299,31,0,11
BRDA:299,31,1,0
BRDA:312,32,0,37
BRDA:312,32,1,8
BRDA:312,32,2,8
BRDA:313,33,0,37
BRDA:313,33,1,8
BRDA:313,33,2,29
BRDA:313,33,3,1
BRDA:316,34,0,37
BRDA:316,34,1,8
BRDA:316,34,2,29
BRDA:316,34,3,28
BRF:75
BRH:59
end_of_record
TN:
SF:src\UI\SkeletonView.tsx
FN:10,SkeletonView
FN:18,(anonymous_2)
FN:20,(anonymous_3)
FN:33,(anonymous_4)
FN:41,(anonymous_5)
FN:43,(anonymous_6)
FNF:6
FNH:4
FNDA:3,SkeletonView
FNDA:0,(anonymous_2)
FNDA:0,(anonymous_3)
FNDA:6,(anonymous_4)
FNDA:15,(anonymous_5)
FNDA:30,(anonymous_6)
DA:1,2
DA:2,2
DA:11,3
DA:12,3
DA:13,3
DA:15,3
DA:16,0
DA:19,0
DA:21,0
DA:29,3
DA:34,6
DA:42,15
DA:44,30
DA:55,2
LF:14
LH:11
BRDA:15,0,0,0
BRDA:15,0,1,3
BRF:2
BRH:1
end_of_record
TN:
SF:src\UI\TableBodyCell.tsx
FN:10,TableBodyCell
FNF:1
FNH:1
FNDA:196,TableBodyCell
DA:1,2
DA:2,2
DA:10,2
DA:11,196
DA:12,196
DA:14,196
DA:15,196
DA:17,196
LF:8
LH:8
BRF:0
BRH:0
end_of_record
TN:
SF:src\UI\TableBodyRow.tsx
FN:40,TableBodyRow
FN:61,(anonymous_2)
FN:70,(anonymous_3)
FN:84,(anonymous_4)
FNF:4
FNH:4
FNDA:73,TableBodyRow
FNDA:4,(anonymous_2)
FNDA:4,(anonymous_3)
FNDA:187,(anonymous_4)
DA:1,2
DA:2,2
DA:3,2
DA:4,2
DA:40,2
DA:48,73
DA:50,73
DA:52,73
DA:53,73
DA:54,73
DA:56,73
DA:65,4
DA:66,4
DA:67,2
DA:72,4
DA:73,2
DA:76,2
DA:77,0
DA:79,2
DA:80,2
DA:85,187
LF:21
LH:20
BRDA:53,0,0,73
BRDA:53,0,1,59
BRDA:58,1,0,14
BRDA:58,1,1,59
BRDA:58,2,0,0
BRDA:58,2,1,73
BRDA:58,3,0,0
BRDA:58,3,1,73
BRDA:58,4,0,73
BRDA:58,4,1,73
BRDA:58,5,0,73
BRDA:58,5,1,73
BRDA:66,6,0,2
BRDA:66,6,1,2
BRDA:72,7,0,2
BRDA:72,7,1,2
BRDA:76,8,0,0
BRDA:76,8,1,2
BRDA:79,9,0,2
BRDA:79,9,1,0
BRF:20
BRH:16
end_of_record
TN:
SF:src\UI\TableHeaderCell.tsx
FN:10,TableHeaderCell
FN:37,(anonymous_3)
FNF:2
FNH:1
FNDA:69,TableHeaderCell
FNDA:0,(anonymous_3)
DA:1,2
DA:2,2
DA:3,2
DA:10,2
DA:11,69
DA:18,69
DA:20,69
DA:21,69
DA:25,69
DA:27,69
DA:30,69
DA:32,69
DA:37,0
LF:13
LH:12
BRDA:27,0,0,28
BRDA:27,0,1,41
BRDA:37,1,0,0
BRDA:37,1,1,69
BRF:4
BRH:3
end_of_record
TN:
SF:src\UI\TableSentinel.tsx
FN:8,(anonymous_9)
FN:11,(anonymous_10)
FN:15,(anonymous_11)
FN:32,(anonymous_12)
FNF:4
FNH:4
FNDA:2,(anonymous_9)
FNDA:2,(anonymous_10)
FNDA:1,(anonymous_11)
FNDA:2,(anonymous_12)
DA:1,2
DA:8,2
DA:9,2
DA:11,2
DA:12,2
DA:14,2
DA:16,1
DA:17,1
DA:27,2
DA:28,2
DA:29,2
DA:32,2
DA:33,2
DA:34,2
DA:39,2
LF:15
LH:15
BRDA:12,0,0,0
BRDA:12,0,1,2
BRDA:16,1,0,1
BRDA:16,1,1,0
BRDA:28,2,0,2
BRDA:28,2,1,0
BRDA:33,3,0,2
BRDA:33,3,1,0
BRF:8
BRH:4
end_of_record
